2018-04-09 20:35:47.147 [main]    INFO  com.yuhao.sell.SellApplication - Starting SellApplication on yuhao-pc with PID 5224 (D:\java\IdeaProjects\sell\target\classes started by yuhao in D:\java\IdeaProjects\sell)
2018-04-09 20:35:47.178 [main]    INFO  com.yuhao.sell.SellApplication - No active profile set, falling back to default profiles: default
2018-04-09 20:35:47.459 [main]    INFO  o.s.b.w.s.c.AnnotationConfigServletWebServerApplicationContext - Refreshing org.springframework.boot.web.servlet.context.AnnotationConfigServletWebServerApplicationContext@5bfa8cc5: startup date [Mon Apr 09 20:35:47 CST 2018]; root of context hierarchy
2018-04-09 20:35:51.241 [main]    WARN  o.m.s.mapper.ClassPathMapperScanner - No MyBatis mapper was found in '[com.yuhao.sell]' package. Please check your configuration.
2018-04-09 20:35:51.350 [main]    INFO  o.s.d.r.c.RepositoryConfigurationDelegate - Multiple Spring Data modules found, entering strict repository configuration mode!
2018-04-09 20:35:51.960 [main]    INFO  o.s.d.r.c.RepositoryConfigurationDelegate - Multiple Spring Data modules found, entering strict repository configuration mode!
2018-04-09 20:35:52.038 [main]    INFO  o.s.d.r.c.RepositoryConfigurationExtensionSupport - Spring Data Redis - Could not safely identify store assignment for repository candidate interface com.yuhao.sell.dao.AdminDAO.
2018-04-09 20:35:52.053 [main]    INFO  o.s.d.r.c.RepositoryConfigurationExtensionSupport - Spring Data Redis - Could not safely identify store assignment for repository candidate interface com.yuhao.sell.dao.OrderDetailDAO.
2018-04-09 20:35:52.053 [main]    INFO  o.s.d.r.c.RepositoryConfigurationExtensionSupport - Spring Data Redis - Could not safely identify store assignment for repository candidate interface com.yuhao.sell.dao.OrderMasterDAO.
2018-04-09 20:35:52.053 [main]    INFO  o.s.d.r.c.RepositoryConfigurationExtensionSupport - Spring Data Redis - Could not safely identify store assignment for repository candidate interface com.yuhao.sell.dao.ProductCategoryDAO.
2018-04-09 20:35:52.053 [main]    INFO  o.s.d.r.c.RepositoryConfigurationExtensionSupport - Spring Data Redis - Could not safely identify store assignment for repository candidate interface com.yuhao.sell.dao.ProductInfoDAO.
2018-04-09 20:35:52.053 [main]    INFO  o.s.d.r.c.RepositoryConfigurationExtensionSupport - Spring Data Redis - Could not safely identify store assignment for repository candidate interface com.yuhao.sell.dao.SellerInfoDAO.
2018-04-09 20:35:52.991 [main]    INFO  o.s.b.f.a.AutowiredAnnotationBeanPostProcessor - JSR-330 'javax.inject.Inject' annotation found and supported for autowiring
2018-04-09 20:35:53.444 [main]    INFO  o.s.c.s.PostProcessorRegistrationDelegate$BeanPostProcessorChecker - Bean 'org.springframework.transaction.annotation.ProxyTransactionManagementConfiguration' of type [org.springframework.transaction.annotation.ProxyTransactionManagementConfiguration$$EnhancerBySpringCGLIB$$fbf3eaf0] is not eligible for getting processed by all BeanPostProcessors (for example: not eligible for auto-proxying)
2018-04-09 20:35:54.257 [main]    INFO  o.s.b.w.e.tomcat.TomcatWebServer - Tomcat initialized with port(s): 8080 (http)
2018-04-09 20:35:54.304 [main]    INFO  o.a.coyote.http11.Http11NioProtocol - Initializing ProtocolHandler ["http-nio-8080"]
2018-04-09 20:35:54.350 [main]    INFO  o.a.catalina.core.StandardService - Starting service [Tomcat]
2018-04-09 20:35:54.350 [main]    INFO  o.a.catalina.core.StandardEngine - Starting Servlet Engine: Apache Tomcat/8.5.28
2018-04-09 20:35:54.444 [localhost-startStop-1]    INFO  o.a.c.core.AprLifecycleListener - The APR based Apache Tomcat Native library which allows optimal performance in production environments was not found on the java.library.path: [C:\Program Files\Java\jdk1.8.0_144\bin;C:\Windows\Sun\Java\bin;C:\Windows\system32;C:\Windows;D:\360\360桌面\360Desktop;C:\ProgramData\Oracle\Java\javapath;C:\Windows\system32;C:\Windows;C:\Windows\System32\Wbem;C:\Windows\System32\WindowsPowerShell\v1.0\;C:\Program Files (x86)\Windows Kits\8.1\Windows Performance Toolkit\;C:\Program Files\Microsoft SQL Server\110\Tools\Binn\；C:\Program Files\Java\jdk1.8.0_144\bin;D:\graphviz-2.38\release\bin;C:\Program Files\nodejs\;D:\Anaconda3;D:\Anaconda3\Library\mingw-w64\bin;D:\Anaconda3\Library\usr\bin;D:\Anaconda3\Library\bin;D:\Anaconda3\Scripts;C:\Users\yuhao\AppData\Local\Pandoc\;C:\Users\yuhao\AppData\Roaming\npm;.]
2018-04-09 20:35:55.027 [localhost-startStop-1]    INFO  o.a.c.c.C.[.[localhost].[/sell] - Initializing Spring embedded WebApplicationContext
2018-04-09 20:35:55.027 [localhost-startStop-1]    INFO  o.s.web.context.ContextLoader - Root WebApplicationContext: initialization completed in 7568 ms
2018-04-09 20:35:55.305 [localhost-startStop-1]    INFO  o.s.b.w.s.ServletRegistrationBean - Servlet dispatcherServlet mapped to [/]
2018-04-09 20:35:55.315 [localhost-startStop-1]    INFO  o.s.b.w.s.FilterRegistrationBean - Mapping filter: 'characterEncodingFilter' to: [/*]
2018-04-09 20:35:55.316 [localhost-startStop-1]    INFO  o.s.b.w.s.FilterRegistrationBean - Mapping filter: 'hiddenHttpMethodFilter' to: [/*]
2018-04-09 20:35:55.316 [localhost-startStop-1]    INFO  o.s.b.w.s.FilterRegistrationBean - Mapping filter: 'httpPutFormContentFilter' to: [/*]
2018-04-09 20:35:55.316 [localhost-startStop-1]    INFO  o.s.b.w.s.FilterRegistrationBean - Mapping filter: 'requestContextFilter' to: [/*]
2018-04-09 20:35:55.862 [main]    INFO  com.zaxxer.hikari.HikariDataSource - HikariPool-1 - Starting...
2018-04-09 20:35:56.279 [main]    INFO  com.zaxxer.hikari.HikariDataSource - HikariPool-1 - Start completed.
2018-04-09 20:35:56.480 [main]    INFO  o.s.o.j.LocalContainerEntityManagerFactoryBean - Building JPA container EntityManagerFactory for persistence unit 'default'
2018-04-09 20:35:56.534 [main]    INFO  o.h.jpa.internal.util.LogHelper - HHH000204: Processing PersistenceUnitInfo [
	name: default
	...]
2018-04-09 20:35:56.640 [main]    INFO  org.hibernate.Version - HHH000412: Hibernate Core {5.2.14.Final}
2018-04-09 20:35:56.642 [main]    INFO  org.hibernate.cfg.Environment - HHH000206: hibernate.properties not found
2018-04-09 20:35:56.766 [main]    INFO  o.h.annotations.common.Version - HCANN000001: Hibernate Commons Annotations {5.0.1.Final}
2018-04-09 20:35:57.112 [main]    INFO  org.hibernate.dialect.Dialect - HHH000400: Using dialect: org.hibernate.dialect.MySQL5Dialect
2018-04-09 20:35:58.119 [main]    INFO  o.s.o.j.LocalContainerEntityManagerFactoryBean - Initialized JPA EntityManagerFactory for persistence unit 'default'
2018-04-09 20:36:06.936 [main]    INFO  o.s.w.s.m.m.a.RequestMappingHandlerAdapter - Looking for @ControllerAdvice: org.springframework.boot.web.servlet.context.AnnotationConfigServletWebServerApplicationContext@5bfa8cc5: startup date [Mon Apr 09 20:35:47 CST 2018]; root of context hierarchy
2018-04-09 20:36:07.639 [main]    WARN  o.s.b.a.o.j.JpaBaseConfiguration$JpaWebConfiguration$JpaWebMvcConfiguration - spring.jpa.open-in-view is enabled by default. Therefore, database queries may be performed during view rendering. Explicitly configure spring.jpa.open-in-view to disable this warning
2018-04-09 20:36:07.932 [main]    INFO  o.s.w.s.m.m.a.RequestMappingHandlerMapping - Mapped "{[/admin/list],methods=[GET]}" onto public org.springframework.web.servlet.ModelAndView com.yuhao.sell.controller.AdminController.list(java.lang.Integer,java.lang.Integer,java.util.Map<java.lang.String, java.lang.Object>)
2018-04-09 20:36:07.933 [main]    INFO  o.s.w.s.m.m.a.RequestMappingHandlerMapping - Mapped "{[/admin/detail],methods=[GET]}" onto public org.springframework.web.servlet.ModelAndView com.yuhao.sell.controller.AdminController.detail(java.lang.String,java.util.Map<java.lang.String, java.lang.Object>)
2018-04-09 20:36:07.935 [main]    INFO  o.s.w.s.m.m.a.RequestMappingHandlerMapping - Mapped "{[/admin/examineOk],methods=[GET]}" onto public org.springframework.web.servlet.ModelAndView com.yuhao.sell.controller.AdminController.examineOk(java.lang.String,java.util.Map<java.lang.String, java.lang.Object>)
2018-04-09 20:36:07.935 [main]    INFO  o.s.w.s.m.m.a.RequestMappingHandlerMapping - Mapped "{[/admin/examineNot],methods=[GET]}" onto public org.springframework.web.servlet.ModelAndView com.yuhao.sell.controller.AdminController.examineNot(java.lang.String,java.util.Map<java.lang.String, java.lang.Object>)
2018-04-09 20:36:07.940 [main]    INFO  o.s.w.s.m.m.a.RequestMappingHandlerMapping - Mapped "{[/admin/logout],methods=[GET]}" onto public org.springframework.web.servlet.ModelAndView com.yuhao.sell.controller.BaseController.logout(javax.servlet.http.HttpServletRequest,javax.servlet.http.HttpServletResponse,java.util.Map<java.lang.String, java.lang.Object>)
2018-04-09 20:36:07.942 [main]    INFO  o.s.w.s.m.m.a.RequestMappingHandlerMapping - Mapped "{[/admin/onAdminLogin],methods=[GET]}" onto public org.springframework.web.servlet.ModelAndView com.yuhao.sell.controller.BaseController.onLogin()
2018-04-09 20:36:07.943 [main]    INFO  o.s.w.s.m.m.a.RequestMappingHandlerMapping - Mapped "{[/admin/AdminLogin],methods=[POST]}" onto public org.springframework.web.servlet.ModelAndView com.yuhao.sell.controller.BaseController.adminLogin(java.lang.String,java.lang.String,javax.servlet.http.HttpServletResponse,java.util.Map<java.lang.String, java.lang.Object>)
2018-04-09 20:36:07.947 [main]    INFO  o.s.w.s.m.m.a.RequestMappingHandlerMapping - Mapped "{[/buyer/order/create],methods=[POST]}" onto public com.yuhao.sell.VO.ResultVO<java.util.Map<java.lang.String, java.lang.String>> com.yuhao.sell.controller.BuyerOrderController.create(com.yuhao.sell.form.OrderForm,org.springframework.validation.BindingResult)
2018-04-09 20:36:07.948 [main]    INFO  o.s.w.s.m.m.a.RequestMappingHandlerMapping - Mapped "{[/buyer/order/list],methods=[GET]}" onto public com.yuhao.sell.VO.ResultVO<java.util.List<com.yuhao.sell.dto.OrderDTO>> com.yuhao.sell.controller.BuyerOrderController.list(java.lang.String,java.lang.Integer,java.lang.Integer,java.lang.String)
2018-04-09 20:36:07.955 [main]    INFO  o.s.w.s.m.m.a.RequestMappingHandlerMapping - Mapped "{[/buyer/order/cancel],methods=[POST]}" onto public com.yuhao.sell.VO.ResultVO com.yuhao.sell.controller.BuyerOrderController.cancel(java.lang.String,java.lang.String)
2018-04-09 20:36:07.956 [main]    INFO  o.s.w.s.m.m.a.RequestMappingHandlerMapping - Mapped "{[/buyer/order/detail],methods=[GET]}" onto public com.yuhao.sell.VO.ResultVO<com.yuhao.sell.dto.OrderDTO> com.yuhao.sell.controller.BuyerOrderController.detail(java.lang.String,java.lang.String)
2018-04-09 20:36:07.957 [main]    INFO  o.s.w.s.m.m.a.RequestMappingHandlerMapping - Mapped "{[/buyer/product/list],methods=[GET]}" onto public com.yuhao.sell.VO.ResultVO com.yuhao.sell.controller.BuyerProductController.list(java.lang.String)
2018-04-09 20:36:07.961 [main]    INFO  o.s.w.s.m.m.a.RequestMappingHandlerMapping - Mapped "{[/pay/notify],methods=[POST]}" onto public org.springframework.web.servlet.ModelAndView com.yuhao.sell.controller.PayController.notify(java.lang.String)
2018-04-09 20:36:07.962 [main]    INFO  o.s.w.s.m.m.a.RequestMappingHandlerMapping - Mapped "{[/pay/create],methods=[GET]}" onto public org.springframework.web.servlet.ModelAndView com.yuhao.sell.controller.PayController.create(java.lang.String,java.lang.String,java.util.Map<java.lang.String, java.lang.Object>)
2018-04-09 20:36:07.965 [main]    INFO  o.s.w.s.m.m.a.RequestMappingHandlerMapping - Mapped "{[/seller/category/index],methods=[GET]}" onto public com.yuhao.sell.model.ProductCategory com.yuhao.sell.controller.SellerCategoryController.index(java.lang.Integer)
2018-04-09 20:36:07.967 [main]    INFO  o.s.w.s.m.m.a.RequestMappingHandlerMapping - Mapped "{[/seller/category/list],methods=[GET]}" onto public org.springframework.web.servlet.ModelAndView com.yuhao.sell.controller.SellerCategoryController.list(java.util.Map<java.lang.String, java.lang.Object>)
2018-04-09 20:36:07.969 [main]    INFO  o.s.w.s.m.m.a.RequestMappingHandlerMapping - Mapped "{[/seller/category/save],methods=[POST]}" onto public org.springframework.web.servlet.ModelAndView com.yuhao.sell.controller.SellerCategoryController.save(com.yuhao.sell.form.CategoryForm,org.springframework.validation.BindingResult,java.util.Map<java.lang.String, java.lang.Object>)
2018-04-09 20:36:08.148 [main]    INFO  o.s.w.s.m.m.a.RequestMappingHandlerMapping - Mapped "{[/seller/finance/day],methods=[GET]}" onto public org.springframework.web.servlet.ModelAndView com.yuhao.sell.controller.SellerfinanceController.day(java.lang.Integer,java.lang.Integer,java.util.Map<java.lang.String, java.lang.Object>)
2018-04-09 20:36:08.149 [main]    INFO  o.s.w.s.m.m.a.RequestMappingHandlerMapping - Mapped "{[/seller/finance/month],methods=[GET]}" onto public org.springframework.web.servlet.ModelAndView com.yuhao.sell.controller.SellerfinanceController.month(java.lang.Integer,java.lang.Integer,java.util.Map<java.lang.String, java.lang.Object>)
2018-04-09 20:36:08.149 [main]    INFO  o.s.w.s.m.m.a.RequestMappingHandlerMapping - Mapped "{[/seller/finance/week],methods=[GET]}" onto public org.springframework.web.servlet.ModelAndView com.yuhao.sell.controller.SellerfinanceController.week(java.lang.Integer,java.lang.Integer,java.util.Map<java.lang.String, java.lang.Object>)
2018-04-09 20:36:08.157 [main]    INFO  o.s.w.s.m.m.a.RequestMappingHandlerMapping - Mapped "{[/seller/order/list],methods=[GET]}" onto public org.springframework.web.servlet.ModelAndView com.yuhao.sell.controller.SellerOrderController.list(java.lang.Integer,java.lang.Integer,java.util.Map<java.lang.String, java.lang.Object>)
2018-04-09 20:36:08.157 [main]    INFO  o.s.w.s.m.m.a.RequestMappingHandlerMapping - Mapped "{[/seller/order/finish],methods=[GET]}" onto public org.springframework.web.servlet.ModelAndView com.yuhao.sell.controller.SellerOrderController.finished(java.lang.String,java.util.Map<java.lang.String, java.lang.Object>)
2018-04-09 20:36:08.158 [main]    INFO  o.s.w.s.m.m.a.RequestMappingHandlerMapping - Mapped "{[/seller/order/cancel],methods=[GET]}" onto public org.springframework.web.servlet.ModelAndView com.yuhao.sell.controller.SellerOrderController.cancel(java.lang.String,java.util.Map<java.lang.String, java.lang.Object>)
2018-04-09 20:36:08.159 [main]    INFO  o.s.w.s.m.m.a.RequestMappingHandlerMapping - Mapped "{[/seller/order/detail],methods=[GET]}" onto public com.yuhao.sell.dto.OrderDTO com.yuhao.sell.controller.SellerOrderController.detail(java.lang.String)
2018-04-09 20:36:08.160 [main]    INFO  o.s.w.s.m.m.a.RequestMappingHandlerMapping - Mapped "{[/seller/order/sellerDetail],methods=[GET]}" onto public org.springframework.web.servlet.ModelAndView com.yuhao.sell.controller.SellerOrderController.sellerDetail(java.util.Map<java.lang.String, java.lang.Object>)
2018-04-09 20:36:08.161 [main]    INFO  o.s.w.s.m.m.a.RequestMappingHandlerMapping - Mapped "{[/seller/order/ulist],methods=[GET]}" onto public org.springframework.web.servlet.ModelAndView com.yuhao.sell.controller.SellerOrderController.ulist(java.lang.Integer,java.lang.Integer,java.util.Map<java.lang.String, java.lang.Object>)
2018-04-09 20:36:08.162 [main]    INFO  o.s.w.s.m.m.a.RequestMappingHandlerMapping - Mapped "{[/seller/order/rlist],methods=[GET]}" onto public org.springframework.web.servlet.ModelAndView com.yuhao.sell.controller.SellerOrderController.rlist(java.lang.Integer,java.lang.Integer,java.util.Map<java.lang.String, java.lang.Object>)
2018-04-09 20:36:08.220 [main]    INFO  o.s.w.s.m.m.a.RequestMappingHandlerMapping - Mapped "{[/seller/product/index],methods=[GET]}" onto public org.springframework.web.servlet.ModelAndView com.yuhao.sell.controller.SellerProductController.index(java.lang.String,java.util.Map<java.lang.String, java.lang.Object>)
2018-04-09 20:36:08.222 [main]    INFO  o.s.w.s.m.m.a.RequestMappingHandlerMapping - Mapped "{[/seller/product/list],methods=[GET]}" onto public org.springframework.web.servlet.ModelAndView com.yuhao.sell.controller.SellerProductController.list(java.lang.Integer,java.lang.Integer,java.util.Map<java.lang.String, java.lang.Object>)
2018-04-09 20:36:08.224 [main]    INFO  o.s.w.s.m.m.a.RequestMappingHandlerMapping - Mapped "{[/seller/product/save],methods=[POST]}" onto public org.springframework.web.servlet.ModelAndView com.yuhao.sell.controller.SellerProductController.save(com.yuhao.sell.form.ProductForm,org.springframework.validation.BindingResult,java.util.Map<java.lang.String, java.lang.Object>,org.springframework.web.multipart.MultipartFile) throws java.io.IOException
2018-04-09 20:36:08.225 [main]    INFO  o.s.w.s.m.m.a.RequestMappingHandlerMapping - Mapped "{[/seller/product/on_sale]}" onto public org.springframework.web.servlet.ModelAndView com.yuhao.sell.controller.SellerProductController.onSale(java.lang.String,java.util.Map<java.lang.String, java.lang.Object>)
2018-04-09 20:36:08.225 [main]    INFO  o.s.w.s.m.m.a.RequestMappingHandlerMapping - Mapped "{[/seller/product/off_sale]}" onto public org.springframework.web.servlet.ModelAndView com.yuhao.sell.controller.SellerProductController.offSale(java.lang.String,java.util.Map<java.lang.String, java.lang.Object>)
2018-04-09 20:36:08.229 [main]    INFO  o.s.w.s.m.m.a.RequestMappingHandlerMapping - Mapped "{[/seller/onSellerRegister],methods=[GET]}" onto public org.springframework.web.servlet.ModelAndView com.yuhao.sell.controller.SellerUserController.register()
2018-04-09 20:36:08.230 [main]    INFO  o.s.w.s.m.m.a.RequestMappingHandlerMapping - Mapped "{[/seller/banner],methods=[GET]}" onto public org.springframework.web.servlet.ModelAndView com.yuhao.sell.controller.SellerUserController.banner()
2018-04-09 20:36:08.231 [main]    INFO  o.s.w.s.m.m.a.RequestMappingHandlerMapping - Mapped "{[/seller/logout],methods=[GET]}" onto public org.springframework.web.servlet.ModelAndView com.yuhao.sell.controller.SellerUserController.logout(javax.servlet.http.HttpServletRequest,javax.servlet.http.HttpServletResponse,java.util.Map<java.lang.String, java.lang.Object>)
2018-04-09 20:36:08.231 [main]    INFO  o.s.w.s.m.m.a.RequestMappingHandlerMapping - Mapped "{[/seller/onSellerLogin],methods=[GET]}" onto public org.springframework.web.servlet.ModelAndView com.yuhao.sell.controller.SellerUserController.onLogin()
2018-04-09 20:36:08.232 [main]    INFO  o.s.w.s.m.m.a.RequestMappingHandlerMapping - Mapped "{[/seller/sellerLogin],methods=[POST]}" onto public org.springframework.web.servlet.ModelAndView com.yuhao.sell.controller.SellerUserController.adminLogin(java.lang.String,java.lang.String,javax.servlet.http.HttpServletResponse,java.util.Map<java.lang.String, java.lang.Object>)
2018-04-09 20:36:08.232 [main]    INFO  o.s.w.s.m.m.a.RequestMappingHandlerMapping - Mapped "{[/seller/login],methods=[GET]}" onto public org.springframework.web.servlet.ModelAndView com.yuhao.sell.controller.SellerUserController.login(java.lang.String,javax.servlet.http.HttpServletResponse,java.util.Map<java.lang.String, java.lang.Object>)
2018-04-09 20:36:08.433 [main]    INFO  o.s.w.s.m.m.a.RequestMappingHandlerMapping - Mapped "{[/wechat/userInfo],methods=[GET]}" onto public java.lang.String com.yuhao.sell.controller.WeChatController.userInfo(java.lang.String,java.lang.String)
2018-04-09 20:36:08.433 [main]    INFO  o.s.w.s.m.m.a.RequestMappingHandlerMapping - Mapped "{[/wechat/authorize],methods=[GET]}" onto public java.lang.String com.yuhao.sell.controller.WeChatController.authorize(java.lang.String)
2018-04-09 20:36:08.433 [main]    INFO  o.s.w.s.m.m.a.RequestMappingHandlerMapping - Mapped "{[/wechat/qrAuthorize],methods=[GET]}" onto public java.lang.String com.yuhao.sell.controller.WeChatController.qrAuthorize(java.lang.String)
2018-04-09 20:36:08.434 [main]    INFO  o.s.w.s.m.m.a.RequestMappingHandlerMapping - Mapped "{[/wechat/qrUserInfo],methods=[GET]}" onto public java.lang.String com.yuhao.sell.controller.WeChatController.qrUserInfo(java.lang.String,java.lang.String)
2018-04-09 20:36:08.440 [main]    INFO  o.s.w.s.m.m.a.RequestMappingHandlerMapping - Mapped "{[/wx/auth],methods=[GET]}" onto public void com.yuhao.sell.controller.WxController.auth(java.lang.String)
2018-04-09 20:36:08.466 [main]    INFO  o.s.w.s.m.m.a.RequestMappingHandlerMapping - Mapped "{[/error]}" onto public org.springframework.http.ResponseEntity<java.util.Map<java.lang.String, java.lang.Object>> org.springframework.boot.autoconfigure.web.servlet.error.BasicErrorController.error(javax.servlet.http.HttpServletRequest)
2018-04-09 20:36:08.481 [main]    INFO  o.s.w.s.m.m.a.RequestMappingHandlerMapping - Mapped "{[/error],produces=[text/html]}" onto public org.springframework.web.servlet.ModelAndView org.springframework.boot.autoconfigure.web.servlet.error.BasicErrorController.errorHtml(javax.servlet.http.HttpServletRequest,javax.servlet.http.HttpServletResponse)
2018-04-09 20:36:08.884 [main]    INFO  o.s.w.s.h.SimpleUrlHandlerMapping - Mapped URL path [/webjars/**] onto handler of type [class org.springframework.web.servlet.resource.ResourceHttpRequestHandler]
2018-04-09 20:36:08.885 [main]    INFO  o.s.w.s.h.SimpleUrlHandlerMapping - Mapped URL path [/**] onto handler of type [class org.springframework.web.servlet.resource.ResourceHttpRequestHandler]
2018-04-09 20:36:08.967 [main]    INFO  o.s.w.s.m.m.a.ExceptionHandlerExceptionResolver - Detected @ExceptionHandler methods in sellExceptionHandler
2018-04-09 20:36:09.077 [main]    INFO  o.s.w.s.h.SimpleUrlHandlerMapping - Mapped URL path [/**/favicon.ico] onto handler of type [class org.springframework.web.servlet.resource.ResourceHttpRequestHandler]
2018-04-09 20:36:13.218 [main]    INFO  o.s.w.s.v.f.FreeMarkerConfigurer - ClassTemplateLoader for Spring macros added to FreeMarker configuration
2018-04-09 20:36:13.763 [main]    INFO  o.s.w.s.s.s.ServerEndpointExporter - Registering @ServerEndpoint class: class com.yuhao.sell.service.WebSocket
2018-04-09 20:36:13.786 [main]    INFO  o.s.j.e.a.AnnotationMBeanExporter - Registering beans for JMX exposure on startup
2018-04-09 20:36:13.787 [main]    INFO  o.s.j.e.a.AnnotationMBeanExporter - Bean with name 'dataSource' has been autodetected for JMX exposure
2018-04-09 20:36:13.799 [main]    INFO  o.s.j.e.a.AnnotationMBeanExporter - Located MBean 'dataSource': registering with JMX server as MBean [com.zaxxer.hikari:name=dataSource,type=HikariDataSource]
2018-04-09 20:36:13.833 [main]    INFO  o.a.coyote.http11.Http11NioProtocol - Starting ProtocolHandler ["http-nio-8080"]
2018-04-09 20:36:13.853 [main]    INFO  o.a.tomcat.util.net.NioSelectorPool - Using a shared selector for servlet write/read
2018-04-09 20:36:13.906 [main]    INFO  o.s.b.w.e.tomcat.TomcatWebServer - Tomcat started on port(s): 8080 (http) with context path '/sell'
2018-04-09 20:36:13.910 [main]    INFO  com.yuhao.sell.SellApplication - Started SellApplication in 30.262 seconds (JVM running for 40.567)
2018-04-09 20:37:19.284 [http-nio-8080-exec-1]    INFO  o.a.c.c.C.[.[localhost].[/sell] - Initializing Spring FrameworkServlet 'dispatcherServlet'
2018-04-09 20:37:19.284 [http-nio-8080-exec-1]    INFO  o.s.web.servlet.DispatcherServlet - FrameworkServlet 'dispatcherServlet': initialization started
2018-04-09 20:37:19.325 [http-nio-8080-exec-1]    INFO  o.s.web.servlet.DispatcherServlet - FrameworkServlet 'dispatcherServlet': initialization completed in 41 ms
2018-04-09 21:10:24.544 [http-nio-8080-exec-1]    INFO  c.y.sell.controller.WeChatController - https://open.weixin.qq.com/connect/oauth2/authorize?appid=wx04217e27ba2ec8bc&redirect_uri=http%3A%2F%2Fyuhao.natapp1.cc%2Fsell%2Fwechat%2FuserInfo&response_type=code&scope=snsapi_base&state=http%3A%2F%2Fsuishouss.com%2F%23%2F#wechat_redirect
2018-04-09 21:10:24.667 [http-nio-8080-exec-10]    INFO  o.h.h.i.QueryTranslatorFactoryInitiator - HHH000397: Using ASTQueryTranslatorFactory
2018-04-09 21:11:36.537 [http-nio-8080-exec-6]    INFO  io.lettuce.core.EpollProvider - Starting without optional epoll library
2018-04-09 21:11:36.540 [http-nio-8080-exec-6]    INFO  io.lettuce.core.KqueueProvider - Starting without optional kqueue library
2018-04-09 21:12:12.972 [http-nio-8080-exec-6]    INFO  c.y.sell.service.impl.PayServiceImpl - 【微信退款】request={
  "payTypeEnum": "WXPAY_H5",
  "orderId": "1523199852369690765",
  "orderAmount": 0.02
}
2018-04-09 21:12:47.721 [http-nio-8080-exec-7]    INFO  c.y.sell.service.impl.PayServiceImpl - 【微信退款】request={
  "payTypeEnum": "WXPAY_H5",
  "orderId": "1523199852369690765",
  "orderAmount": 0.02
}
2018-04-09 21:13:38.323 [http-nio-8080-exec-2]    INFO  c.y.sell.service.impl.PayServiceImpl - 微信发起支付 payRequest={
  "payTypeEnum": "WXPAY_H5",
  "orderId": "1523279617564849988",
  "orderAmount": 0.01,
  "orderName": "微信点餐订单",
  "openid": "olgUa07TgzfQs_wK6etGjjtAHGTk"
}
2018-04-09 21:13:38.709 [http-nio-8080-exec-2]    INFO  c.y.sell.service.impl.PayServiceImpl - 微信发起支付 payResponse={
  "appId": "wx04217e27ba2ec8bc",
  "timeStamp": "1523279618",
  "nonceStr": "8WtB7o5TAi25EbU2",
  "packAge": "prepay_id\u003dwx09211339062311884f0894723304237854",
  "signType": "MD5",
  "paySign": "58C550A32CAF202417479B5D10870D7E"
}
2018-04-09 21:13:45.015 [http-nio-8080-exec-7]    INFO  c.y.sell.service.impl.PayServiceImpl - 微信支付异步通知 payResponse={
  "orderAmount": 0.01,
  "orderId": "1523279617564849988",
  "outTradeNo": "4200000080201804095441252282"
}
2018-04-09 21:14:17.427 [http-nio-8080-exec-6]    WARN  c.y.s.aspect.SellerAuthorizeAspect - 【登录校验】Cookie中查不到token
2018-04-09 21:31:24.496 [http-nio-8080-exec-10]    INFO  c.y.sell.service.impl.PayServiceImpl - 微信发起支付 payRequest={
  "payTypeEnum": "WXPAY_H5",
  "orderId": "1523279617564849988",
  "orderAmount": 0.01,
  "orderName": "微信点餐订单",
  "openid": "olgUa07TgzfQs_wK6etGjjtAHGTk"
}
2018-04-09 21:38:30.209 [http-nio-8080-exec-4]    WARN  c.y.s.aspect.SellerAuthorizeAspect - 【登录校验】Cookie中查不到token
2018-04-09 21:38:52.427 [http-nio-8080-exec-7]    WARN  c.y.s.aspect.SellerAuthorizeAspect - 【登录校验】Cookie中查不到token
2018-04-09 22:29:28.274 [http-nio-8080-exec-8]    INFO  c.y.sell.controller.WeChatController - https://open.weixin.qq.com/connect/oauth2/authorize?appid=wx04217e27ba2ec8bc&redirect_uri=http%3A%2F%2Fyuhao.natapp1.cc%2Fsell%2Fwechat%2FuserInfo&response_type=code&scope=snsapi_base&state=http%3A%2F%2Fsuishouss.com%2F%23%2F#wechat_redirect
2018-04-09 22:30:28.125 [http-nio-8080-exec-3]    INFO  c.y.sell.controller.WeChatController - https://open.weixin.qq.com/connect/oauth2/authorize?appid=wx04217e27ba2ec8bc&redirect_uri=http%3A%2F%2Fyuhao.natapp1.cc%2Fsell%2Fwechat%2FuserInfo&response_type=code&scope=snsapi_base&state=http%3A%2F%2Fsuishouss.com%2F%23%2F#wechat_redirect
2018-04-09 22:41:37.037 [http-nio-8080-exec-5]    INFO  c.y.sell.controller.WeChatController - https://open.weixin.qq.com/connect/oauth2/authorize?appid=wx04217e27ba2ec8bc&redirect_uri=http%3A%2F%2Fyuhao.natapp1.cc%2Fsell%2Fwechat%2FuserInfo&response_type=code&scope=snsapi_base&state=http%3A%2F%2Fsuishouss.com%2F%23%2F#wechat_redirect
2018-04-09 22:41:40.764 [http-nio-8080-exec-3]    INFO  c.y.sell.controller.WeChatController - https://open.weixin.qq.com/connect/oauth2/authorize?appid=wx04217e27ba2ec8bc&redirect_uri=http%3A%2F%2Fyuhao.natapp1.cc%2Fsell%2Fwechat%2FuserInfo&response_type=code&scope=snsapi_base&state=http%3A%2F%2Fsuishouss.com%2F%23%2F#wechat_redirect
2018-04-09 22:58:37.843 [http-nio-8080-exec-3]    INFO  c.y.sell.service.impl.PayServiceImpl - 【微信退款】request={
  "payTypeEnum": "WXPAY_H5",
  "orderId": "1523201133437290521",
  "orderAmount": 0.02
}
2018-04-09 22:59:30.373 [http-nio-8080-exec-8]    INFO  c.y.sell.service.impl.PayServiceImpl - 【微信退款】request={
  "payTypeEnum": "WXPAY_H5",
  "orderId": "1523279617564849988",
  "orderAmount": 0.01
}
2018-04-09 22:59:31.388 [http-nio-8080-exec-8]    INFO  c.y.sell.service.impl.PayServiceImpl - 【微信退款】response={
  "orderId": "1523279617564849988",
  "orderAmount": 0.01,
  "outTradeNo": "4200000080201804095441252282",
  "refundId": "1523279617564849988",
  "outRefundNo": "50000206202018040904136161345"
}
2018-04-09 22:59:38.372 [http-nio-8080-exec-1]    INFO  c.y.sell.service.impl.PayServiceImpl - 【微信退款】request={
  "payTypeEnum": "WXPAY_H5",
  "orderId": "1523201133437290521",
  "orderAmount": 0.02
}
2018-04-09 22:59:45.980 [http-nio-8080-exec-9]    INFO  c.y.sell.service.impl.PayServiceImpl - 【微信退款】request={
  "payTypeEnum": "WXPAY_H5",
  "orderId": "1523201564410247831",
  "orderAmount": 0.01
}
2018-04-09 23:02:05.110 [http-nio-8080-exec-5]    INFO  c.y.sell.service.impl.PayServiceImpl - 【微信退款】request={
  "payTypeEnum": "WXPAY_H5",
  "orderId": "1523201564410247831",
  "orderAmount": 0.01
}
2018-04-09 23:04:13.383 [http-nio-8080-exec-1]    INFO  c.y.sell.service.impl.PayServiceImpl - 【微信退款】request={
  "payTypeEnum": "WXPAY_H5",
  "orderId": "1523201133437290521",
  "orderAmount": 0.02
}
