2018-04-05 12:05:02.917 [main]    INFO  com.yuhao.sell.SellApplication - Starting SellApplication on yuhao-pc with PID 8176 (D:\java\IdeaProjects\sell\target\classes started by yuhao in D:\java\IdeaProjects\sell)
2018-04-05 12:05:02.979 [main]    INFO  com.yuhao.sell.SellApplication - No active profile set, falling back to default profiles: default
2018-04-05 12:05:03.261 [main]    INFO  o.s.b.w.s.c.AnnotationConfigServletWebServerApplicationContext - Refreshing org.springframework.boot.web.servlet.context.AnnotationConfigServletWebServerApplicationContext@160ac7fb: startup date [Thu Apr 05 12:05:03 CST 2018]; root of context hierarchy
2018-04-05 12:05:07.261 [main]    WARN  o.m.s.mapper.ClassPathMapperScanner - No MyBatis mapper was found in '[com.yuhao.sell]' package. Please check your configuration.
2018-04-05 12:05:07.448 [main]    INFO  o.s.d.r.c.RepositoryConfigurationDelegate - Multiple Spring Data modules found, entering strict repository configuration mode!
2018-04-05 12:05:07.636 [main]    INFO  o.s.d.r.c.RepositoryConfigurationDelegate - Multiple Spring Data modules found, entering strict repository configuration mode!
2018-04-05 12:05:07.714 [main]    INFO  o.s.d.r.c.RepositoryConfigurationExtensionSupport - Spring Data Redis - Could not safely identify store assignment for repository candidate interface com.yuhao.sell.dao.AdminDAO.
2018-04-05 12:05:07.714 [main]    INFO  o.s.d.r.c.RepositoryConfigurationExtensionSupport - Spring Data Redis - Could not safely identify store assignment for repository candidate interface com.yuhao.sell.dao.OrderDetailDAO.
2018-04-05 12:05:07.730 [main]    INFO  o.s.d.r.c.RepositoryConfigurationExtensionSupport - Spring Data Redis - Could not safely identify store assignment for repository candidate interface com.yuhao.sell.dao.OrderMasterDAO.
2018-04-05 12:05:07.730 [main]    INFO  o.s.d.r.c.RepositoryConfigurationExtensionSupport - Spring Data Redis - Could not safely identify store assignment for repository candidate interface com.yuhao.sell.dao.ProductCategoryDAO.
2018-04-05 12:05:07.730 [main]    INFO  o.s.d.r.c.RepositoryConfigurationExtensionSupport - Spring Data Redis - Could not safely identify store assignment for repository candidate interface com.yuhao.sell.dao.ProductInfoDAO.
2018-04-05 12:05:07.730 [main]    INFO  o.s.d.r.c.RepositoryConfigurationExtensionSupport - Spring Data Redis - Could not safely identify store assignment for repository candidate interface com.yuhao.sell.dao.SellerInfoDAO.
2018-04-05 12:05:08.370 [main]    INFO  o.s.b.f.a.AutowiredAnnotationBeanPostProcessor - JSR-330 'javax.inject.Inject' annotation found and supported for autowiring
2018-04-05 12:05:08.745 [main]    INFO  o.s.c.s.PostProcessorRegistrationDelegate$BeanPostProcessorChecker - Bean 'org.springframework.transaction.annotation.ProxyTransactionManagementConfiguration' of type [org.springframework.transaction.annotation.ProxyTransactionManagementConfiguration$$EnhancerBySpringCGLIB$$ab6264b3] is not eligible for getting processed by all BeanPostProcessors (for example: not eligible for auto-proxying)
2018-04-05 12:05:10.745 [main]    INFO  o.s.b.w.e.tomcat.TomcatWebServer - Tomcat initialized with port(s): 8080 (http)
2018-04-05 12:05:10.792 [main]    INFO  o.a.coyote.http11.Http11NioProtocol - Initializing ProtocolHandler ["http-nio-8080"]
2018-04-05 12:05:10.824 [main]    INFO  o.a.catalina.core.StandardService - Starting service [Tomcat]
2018-04-05 12:05:10.824 [main]    INFO  o.a.catalina.core.StandardEngine - Starting Servlet Engine: Apache Tomcat/8.5.28
2018-04-05 12:05:10.839 [localhost-startStop-1]    INFO  o.a.c.core.AprLifecycleListener - The APR based Apache Tomcat Native library which allows optimal performance in production environments was not found on the java.library.path: [C:\Program Files\Java\jdk1.8.0_144\bin;C:\Windows\Sun\Java\bin;C:\Windows\system32;C:\Windows;D:\360\360桌面\360Desktop;C:\ProgramData\Oracle\Java\javapath;C:\Windows\system32;C:\Windows;C:\Windows\System32\Wbem;C:\Windows\System32\WindowsPowerShell\v1.0\;C:\Program Files (x86)\Windows Kits\8.1\Windows Performance Toolkit\;C:\Program Files\Microsoft SQL Server\110\Tools\Binn\；C:\Program Files\Java\jdk1.8.0_144\bin;D:\graphviz-2.38\release\bin;C:\Program Files\nodejs\;D:\Anaconda3;D:\Anaconda3\Library\mingw-w64\bin;D:\Anaconda3\Library\usr\bin;D:\Anaconda3\Library\bin;D:\Anaconda3\Scripts;C:\Users\yuhao\AppData\Local\Pandoc\;C:\Users\yuhao\AppData\Roaming\npm;.]
2018-04-05 12:05:11.464 [localhost-startStop-1]    INFO  o.a.c.c.C.[.[localhost].[/sell] - Initializing Spring embedded WebApplicationContext
2018-04-05 12:05:11.480 [localhost-startStop-1]    INFO  o.s.web.context.ContextLoader - Root WebApplicationContext: initialization completed in 8219 ms
2018-04-05 12:05:11.824 [localhost-startStop-1]    INFO  o.s.b.w.s.ServletRegistrationBean - Servlet dispatcherServlet mapped to [/]
2018-04-05 12:05:11.839 [localhost-startStop-1]    INFO  o.s.b.w.s.FilterRegistrationBean - Mapping filter: 'characterEncodingFilter' to: [/*]
2018-04-05 12:05:11.839 [localhost-startStop-1]    INFO  o.s.b.w.s.FilterRegistrationBean - Mapping filter: 'hiddenHttpMethodFilter' to: [/*]
2018-04-05 12:05:11.839 [localhost-startStop-1]    INFO  o.s.b.w.s.FilterRegistrationBean - Mapping filter: 'httpPutFormContentFilter' to: [/*]
2018-04-05 12:05:11.839 [localhost-startStop-1]    INFO  o.s.b.w.s.FilterRegistrationBean - Mapping filter: 'requestContextFilter' to: [/*]
2018-04-05 12:05:12.480 [main]    INFO  com.zaxxer.hikari.HikariDataSource - HikariPool-1 - Starting...
2018-04-05 12:05:12.917 [main]    INFO  com.zaxxer.hikari.HikariDataSource - HikariPool-1 - Start completed.
2018-04-05 12:05:13.339 [main]    INFO  o.s.o.j.LocalContainerEntityManagerFactoryBean - Building JPA container EntityManagerFactory for persistence unit 'default'
2018-04-05 12:05:13.371 [main]    INFO  o.h.jpa.internal.util.LogHelper - HHH000204: Processing PersistenceUnitInfo [
	name: default
	...]
2018-04-05 12:05:13.699 [main]    INFO  org.hibernate.Version - HHH000412: Hibernate Core {5.2.14.Final}
2018-04-05 12:05:13.714 [main]    INFO  org.hibernate.cfg.Environment - HHH000206: hibernate.properties not found
2018-04-05 12:05:13.949 [main]    INFO  o.h.annotations.common.Version - HCANN000001: Hibernate Commons Annotations {5.0.1.Final}
2018-04-05 12:05:14.699 [main]    INFO  org.hibernate.dialect.Dialect - HHH000400: Using dialect: org.hibernate.dialect.MySQL5Dialect
2018-04-05 12:05:17.346 [main]    INFO  o.s.o.j.LocalContainerEntityManagerFactoryBean - Initialized JPA EntityManagerFactory for persistence unit 'default'
2018-04-05 12:05:22.307 [main]    INFO  o.s.w.s.m.m.a.RequestMappingHandlerAdapter - Looking for @ControllerAdvice: org.springframework.boot.web.servlet.context.AnnotationConfigServletWebServerApplicationContext@160ac7fb: startup date [Thu Apr 05 12:05:03 CST 2018]; root of context hierarchy
2018-04-05 12:05:22.376 [main]    WARN  o.s.b.a.o.j.JpaBaseConfiguration$JpaWebConfiguration$JpaWebMvcConfiguration - spring.jpa.open-in-view is enabled by default. Therefore, database queries may be performed during view rendering. Explicitly configure spring.jpa.open-in-view to disable this warning
2018-04-05 12:05:22.460 [main]    INFO  o.s.w.s.m.m.a.RequestMappingHandlerMapping - Mapped "{[/admin/list],methods=[GET]}" onto public org.springframework.web.servlet.ModelAndView com.yuhao.sell.controller.AdminController.list(java.lang.Integer,java.lang.Integer,java.util.Map<java.lang.String, java.lang.Object>)
2018-04-05 12:05:22.461 [main]    INFO  o.s.w.s.m.m.a.RequestMappingHandlerMapping - Mapped "{[/admin/detail],methods=[GET]}" onto public org.springframework.web.servlet.ModelAndView com.yuhao.sell.controller.AdminController.detail(java.lang.String,java.util.Map<java.lang.String, java.lang.Object>)
2018-04-05 12:05:22.462 [main]    INFO  o.s.w.s.m.m.a.RequestMappingHandlerMapping - Mapped "{[/admin/examineNot],methods=[GET]}" onto public org.springframework.web.servlet.ModelAndView com.yuhao.sell.controller.AdminController.examineNot(java.lang.String,java.util.Map<java.lang.String, java.lang.Object>)
2018-04-05 12:05:22.462 [main]    INFO  o.s.w.s.m.m.a.RequestMappingHandlerMapping - Mapped "{[/admin/examineOk],methods=[GET]}" onto public org.springframework.web.servlet.ModelAndView com.yuhao.sell.controller.AdminController.examineOk(java.lang.String,java.util.Map<java.lang.String, java.lang.Object>)
2018-04-05 12:05:22.465 [main]    INFO  o.s.w.s.m.m.a.RequestMappingHandlerMapping - Mapped "{[/admin/logout],methods=[GET]}" onto public org.springframework.web.servlet.ModelAndView com.yuhao.sell.controller.BaseController.logout(javax.servlet.http.HttpServletRequest,javax.servlet.http.HttpServletResponse,java.util.Map<java.lang.String, java.lang.Object>)
2018-04-05 12:05:22.465 [main]    INFO  o.s.w.s.m.m.a.RequestMappingHandlerMapping - Mapped "{[/admin/AdminLogin],methods=[POST]}" onto public org.springframework.web.servlet.ModelAndView com.yuhao.sell.controller.BaseController.adminLogin(java.lang.String,java.lang.String,javax.servlet.http.HttpServletResponse,java.util.Map<java.lang.String, java.lang.Object>)
2018-04-05 12:05:22.466 [main]    INFO  o.s.w.s.m.m.a.RequestMappingHandlerMapping - Mapped "{[/admin/onAdminLogin],methods=[GET]}" onto public org.springframework.web.servlet.ModelAndView com.yuhao.sell.controller.BaseController.onLogin()
2018-04-05 12:05:22.468 [main]    INFO  o.s.w.s.m.m.a.RequestMappingHandlerMapping - Mapped "{[/buyer/order/create],methods=[POST]}" onto public com.yuhao.sell.VO.ResultVO<java.util.Map<java.lang.String, java.lang.String>> com.yuhao.sell.controller.BuyerOrderController.create(com.yuhao.sell.form.OrderForm,org.springframework.validation.BindingResult)
2018-04-05 12:05:22.468 [main]    INFO  o.s.w.s.m.m.a.RequestMappingHandlerMapping - Mapped "{[/buyer/order/list],methods=[GET]}" onto public com.yuhao.sell.VO.ResultVO<java.util.List<com.yuhao.sell.dto.OrderDTO>> com.yuhao.sell.controller.BuyerOrderController.list(java.lang.String,java.lang.Integer,java.lang.Integer,java.lang.String)
2018-04-05 12:05:22.469 [main]    INFO  o.s.w.s.m.m.a.RequestMappingHandlerMapping - Mapped "{[/buyer/order/cancel],methods=[POST]}" onto public com.yuhao.sell.VO.ResultVO com.yuhao.sell.controller.BuyerOrderController.cancel(java.lang.String,java.lang.String)
2018-04-05 12:05:22.469 [main]    INFO  o.s.w.s.m.m.a.RequestMappingHandlerMapping - Mapped "{[/buyer/order/detail],methods=[GET]}" onto public com.yuhao.sell.VO.ResultVO<com.yuhao.sell.dto.OrderDTO> com.yuhao.sell.controller.BuyerOrderController.detail(java.lang.String,java.lang.String)
2018-04-05 12:05:22.470 [main]    INFO  o.s.w.s.m.m.a.RequestMappingHandlerMapping - Mapped "{[/buyer/product/list],methods=[GET]}" onto public com.yuhao.sell.VO.ResultVO com.yuhao.sell.controller.BuyerProductController.list(java.lang.String)
2018-04-05 12:05:22.472 [main]    INFO  o.s.w.s.m.m.a.RequestMappingHandlerMapping - Mapped "{[/pay/notify],methods=[POST]}" onto public org.springframework.web.servlet.ModelAndView com.yuhao.sell.controller.PayController.notify(java.lang.String)
2018-04-05 12:05:22.472 [main]    INFO  o.s.w.s.m.m.a.RequestMappingHandlerMapping - Mapped "{[/pay/create],methods=[GET]}" onto public org.springframework.web.servlet.ModelAndView com.yuhao.sell.controller.PayController.create(java.lang.String,java.lang.String,java.util.Map<java.lang.String, java.lang.Object>)
2018-04-05 12:05:22.474 [main]    INFO  o.s.w.s.m.m.a.RequestMappingHandlerMapping - Mapped "{[/seller/category/index],methods=[GET]}" onto public org.springframework.web.servlet.ModelAndView com.yuhao.sell.controller.SellerCategoryController.index(java.lang.Integer,java.util.Map<java.lang.String, java.lang.Object>)
2018-04-05 12:05:22.475 [main]    INFO  o.s.w.s.m.m.a.RequestMappingHandlerMapping - Mapped "{[/seller/category/list],methods=[GET]}" onto public org.springframework.web.servlet.ModelAndView com.yuhao.sell.controller.SellerCategoryController.list(java.util.Map<java.lang.String, java.lang.Object>)
2018-04-05 12:05:22.475 [main]    INFO  o.s.w.s.m.m.a.RequestMappingHandlerMapping - Mapped "{[/seller/category/save],methods=[POST]}" onto public org.springframework.web.servlet.ModelAndView com.yuhao.sell.controller.SellerCategoryController.save(com.yuhao.sell.form.CategoryForm,org.springframework.validation.BindingResult,java.util.Map<java.lang.String, java.lang.Object>)
2018-04-05 12:05:22.482 [main]    INFO  o.s.w.s.m.m.a.RequestMappingHandlerMapping - Mapped "{[/seller/order/list],methods=[GET]}" onto public org.springframework.web.servlet.ModelAndView com.yuhao.sell.controller.SellerOrderController.list(java.lang.Integer,java.lang.Integer,java.util.Map<java.lang.String, java.lang.Object>)
2018-04-05 12:05:22.482 [main]    INFO  o.s.w.s.m.m.a.RequestMappingHandlerMapping - Mapped "{[/seller/order/finish],methods=[GET]}" onto public org.springframework.web.servlet.ModelAndView com.yuhao.sell.controller.SellerOrderController.finished(java.lang.String,java.util.Map<java.lang.String, java.lang.Object>)
2018-04-05 12:05:22.483 [main]    INFO  o.s.w.s.m.m.a.RequestMappingHandlerMapping - Mapped "{[/seller/order/cancel],methods=[GET]}" onto public org.springframework.web.servlet.ModelAndView com.yuhao.sell.controller.SellerOrderController.cancel(java.lang.String,java.util.Map<java.lang.String, java.lang.Object>)
2018-04-05 12:05:22.483 [main]    INFO  o.s.w.s.m.m.a.RequestMappingHandlerMapping - Mapped "{[/seller/order/detail],methods=[GET]}" onto public org.springframework.web.servlet.ModelAndView com.yuhao.sell.controller.SellerOrderController.detail(java.lang.String,java.util.Map<java.lang.String, java.lang.Object>)
2018-04-05 12:05:22.483 [main]    INFO  o.s.w.s.m.m.a.RequestMappingHandlerMapping - Mapped "{[/seller/order/sellerDetail],methods=[GET]}" onto public org.springframework.web.servlet.ModelAndView com.yuhao.sell.controller.SellerOrderController.sellerDetail(java.util.Map<java.lang.String, java.lang.Object>)
2018-04-05 12:05:22.485 [main]    INFO  o.s.w.s.m.m.a.RequestMappingHandlerMapping - Mapped "{[/seller/product/index],methods=[GET]}" onto public org.springframework.web.servlet.ModelAndView com.yuhao.sell.controller.SellerProductController.index(java.lang.String,java.util.Map<java.lang.String, java.lang.Object>)
2018-04-05 12:05:22.486 [main]    INFO  o.s.w.s.m.m.a.RequestMappingHandlerMapping - Mapped "{[/seller/product/list],methods=[GET]}" onto public org.springframework.web.servlet.ModelAndView com.yuhao.sell.controller.SellerProductController.list(java.lang.Integer,java.lang.Integer,java.util.Map<java.lang.String, java.lang.Object>)
2018-04-05 12:05:22.486 [main]    INFO  o.s.w.s.m.m.a.RequestMappingHandlerMapping - Mapped "{[/seller/product/save],methods=[POST]}" onto public org.springframework.web.servlet.ModelAndView com.yuhao.sell.controller.SellerProductController.save(com.yuhao.sell.form.ProductForm,org.springframework.validation.BindingResult,java.util.Map<java.lang.String, java.lang.Object>,org.springframework.web.multipart.MultipartFile) throws java.io.IOException
2018-04-05 12:05:22.487 [main]    INFO  o.s.w.s.m.m.a.RequestMappingHandlerMapping - Mapped "{[/seller/product/off_sale]}" onto public org.springframework.web.servlet.ModelAndView com.yuhao.sell.controller.SellerProductController.offSale(java.lang.String,java.util.Map<java.lang.String, java.lang.Object>)
2018-04-05 12:05:22.487 [main]    INFO  o.s.w.s.m.m.a.RequestMappingHandlerMapping - Mapped "{[/seller/product/on_sale]}" onto public org.springframework.web.servlet.ModelAndView com.yuhao.sell.controller.SellerProductController.onSale(java.lang.String,java.util.Map<java.lang.String, java.lang.Object>)
2018-04-05 12:05:22.490 [main]    INFO  o.s.w.s.m.m.a.RequestMappingHandlerMapping - Mapped "{[/seller/banner],methods=[GET]}" onto public org.springframework.web.servlet.ModelAndView com.yuhao.sell.controller.SellerUserController.banner()
2018-04-05 12:05:22.490 [main]    INFO  o.s.w.s.m.m.a.RequestMappingHandlerMapping - Mapped "{[/seller/logout],methods=[GET]}" onto public org.springframework.web.servlet.ModelAndView com.yuhao.sell.controller.SellerUserController.logout(javax.servlet.http.HttpServletRequest,javax.servlet.http.HttpServletResponse,java.util.Map<java.lang.String, java.lang.Object>)
2018-04-05 12:05:22.491 [main]    INFO  o.s.w.s.m.m.a.RequestMappingHandlerMapping - Mapped "{[/seller/sellerLogin],methods=[POST]}" onto public org.springframework.web.servlet.ModelAndView com.yuhao.sell.controller.SellerUserController.adminLogin(java.lang.String,java.lang.String,javax.servlet.http.HttpServletResponse,java.util.Map<java.lang.String, java.lang.Object>)
2018-04-05 12:05:22.491 [main]    INFO  o.s.w.s.m.m.a.RequestMappingHandlerMapping - Mapped "{[/seller/onSellerLogin],methods=[GET]}" onto public org.springframework.web.servlet.ModelAndView com.yuhao.sell.controller.SellerUserController.onLogin()
2018-04-05 12:05:22.492 [main]    INFO  o.s.w.s.m.m.a.RequestMappingHandlerMapping - Mapped "{[/seller/login],methods=[GET]}" onto public org.springframework.web.servlet.ModelAndView com.yuhao.sell.controller.SellerUserController.login(java.lang.String,javax.servlet.http.HttpServletResponse,java.util.Map<java.lang.String, java.lang.Object>)
2018-04-05 12:05:22.494 [main]    INFO  o.s.w.s.m.m.a.RequestMappingHandlerMapping - Mapped "{[/wechat/userInfo],methods=[GET]}" onto public java.lang.String com.yuhao.sell.controller.WeChatController.userInfo(java.lang.String,java.lang.String)
2018-04-05 12:05:22.494 [main]    INFO  o.s.w.s.m.m.a.RequestMappingHandlerMapping - Mapped "{[/wechat/authorize],methods=[GET]}" onto public java.lang.String com.yuhao.sell.controller.WeChatController.authorize(java.lang.String)
2018-04-05 12:05:22.494 [main]    INFO  o.s.w.s.m.m.a.RequestMappingHandlerMapping - Mapped "{[/wechat/qrUserInfo],methods=[GET]}" onto public java.lang.String com.yuhao.sell.controller.WeChatController.qrUserInfo(java.lang.String,java.lang.String)
2018-04-05 12:05:22.494 [main]    INFO  o.s.w.s.m.m.a.RequestMappingHandlerMapping - Mapped "{[/wechat/qrAuthorize],methods=[GET]}" onto public java.lang.String com.yuhao.sell.controller.WeChatController.qrAuthorize(java.lang.String)
2018-04-05 12:05:22.495 [main]    INFO  o.s.w.s.m.m.a.RequestMappingHandlerMapping - Mapped "{[/wx/auth],methods=[GET]}" onto public void com.yuhao.sell.controller.WxController.auth(java.lang.String)
2018-04-05 12:05:22.501 [main]    INFO  o.s.w.s.m.m.a.RequestMappingHandlerMapping - Mapped "{[/error]}" onto public org.springframework.http.ResponseEntity<java.util.Map<java.lang.String, java.lang.Object>> org.springframework.boot.autoconfigure.web.servlet.error.BasicErrorController.error(javax.servlet.http.HttpServletRequest)
2018-04-05 12:05:22.502 [main]    INFO  o.s.w.s.m.m.a.RequestMappingHandlerMapping - Mapped "{[/error],produces=[text/html]}" onto public org.springframework.web.servlet.ModelAndView org.springframework.boot.autoconfigure.web.servlet.error.BasicErrorController.errorHtml(javax.servlet.http.HttpServletRequest,javax.servlet.http.HttpServletResponse)
2018-04-05 12:05:22.690 [main]    INFO  o.s.w.s.h.SimpleUrlHandlerMapping - Mapped URL path [/webjars/**] onto handler of type [class org.springframework.web.servlet.resource.ResourceHttpRequestHandler]
2018-04-05 12:05:22.690 [main]    INFO  o.s.w.s.h.SimpleUrlHandlerMapping - Mapped URL path [/**] onto handler of type [class org.springframework.web.servlet.resource.ResourceHttpRequestHandler]
2018-04-05 12:05:22.751 [main]    INFO  o.s.w.s.m.m.a.ExceptionHandlerExceptionResolver - Detected @ExceptionHandler methods in sellExceptionHandler
2018-04-05 12:05:22.843 [main]    INFO  o.s.w.s.h.SimpleUrlHandlerMapping - Mapped URL path [/**/favicon.ico] onto handler of type [class org.springframework.web.servlet.resource.ResourceHttpRequestHandler]
2018-04-05 12:05:24.574 [main]    INFO  o.s.w.s.v.f.FreeMarkerConfigurer - ClassTemplateLoader for Spring macros added to FreeMarker configuration
2018-04-05 12:05:25.287 [main]    INFO  o.s.w.s.s.s.ServerEndpointExporter - Registering @ServerEndpoint class: class com.yuhao.sell.service.WebSocket
2018-04-05 12:05:25.301 [main]    INFO  o.s.j.e.a.AnnotationMBeanExporter - Registering beans for JMX exposure on startup
2018-04-05 12:05:25.303 [main]    INFO  o.s.j.e.a.AnnotationMBeanExporter - Bean with name 'dataSource' has been autodetected for JMX exposure
2018-04-05 12:05:25.322 [main]    INFO  o.s.j.e.a.AnnotationMBeanExporter - Located MBean 'dataSource': registering with JMX server as MBean [com.zaxxer.hikari:name=dataSource,type=HikariDataSource]
2018-04-05 12:05:25.378 [main]    INFO  o.a.coyote.http11.Http11NioProtocol - Starting ProtocolHandler ["http-nio-8080"]
2018-04-05 12:05:25.397 [main]    INFO  o.a.tomcat.util.net.NioSelectorPool - Using a shared selector for servlet write/read
2018-04-05 12:05:25.442 [main]    INFO  o.s.b.w.e.tomcat.TomcatWebServer - Tomcat started on port(s): 8080 (http) with context path '/sell'
2018-04-05 12:05:25.447 [main]    INFO  com.yuhao.sell.SellApplication - Started SellApplication in 25.107 seconds (JVM running for 33.124)
2018-04-05 12:07:30.433 [http-nio-8080-exec-1]    INFO  o.a.c.c.C.[.[localhost].[/sell] - Initializing Spring FrameworkServlet 'dispatcherServlet'
2018-04-05 12:07:30.433 [http-nio-8080-exec-1]    INFO  o.s.web.servlet.DispatcherServlet - FrameworkServlet 'dispatcherServlet': initialization started
2018-04-05 12:07:30.464 [http-nio-8080-exec-1]    INFO  o.s.web.servlet.DispatcherServlet - FrameworkServlet 'dispatcherServlet': initialization completed in 31 ms
2018-04-05 12:07:30.573 [http-nio-8080-exec-3]    INFO  c.y.sell.controller.WeChatController - https://open.weixin.qq.com/connect/oauth2/authorize?appid=wx04217e27ba2ec8bc&redirect_uri=http%3A%2F%2Fyuhao.natapp1.cc%2Fsell%2Fwechat%2FuserInfo&response_type=code&scope=snsapi_base&state=http%3A%2F%2Fsuishouss.com%2F%23%2F#wechat_redirect
2018-04-05 12:07:30.626 [http-nio-8080-exec-2]    INFO  o.h.h.i.QueryTranslatorFactoryInitiator - HHH000397: Using ASTQueryTranslatorFactory
2018-04-05 12:08:24.475 [http-nio-8080-exec-8]    INFO  c.y.sell.controller.WeChatController - https://open.weixin.qq.com/connect/oauth2/authorize?appid=wx04217e27ba2ec8bc&redirect_uri=http%3A%2F%2Fyuhao.natapp1.cc%2Fsell%2Fwechat%2FuserInfo&response_type=code&scope=snsapi_base&state=http%3A%2F%2Fsuishouss.com%2F%23%2F#wechat_redirect
2018-04-05 12:09:10.204 [http-nio-8080-exec-10]    INFO  c.y.sell.controller.WeChatController - https://open.weixin.qq.com/connect/oauth2/authorize?appid=wx04217e27ba2ec8bc&redirect_uri=http%3A%2F%2Fyuhao.natapp1.cc%2Fsell%2Fwechat%2FuserInfo&response_type=code&scope=snsapi_base&state=http%3A%2F%2Fsuishouss.com%2F%23%2F#wechat_redirect
2018-04-05 12:10:16.088 [http-nio-8080-exec-9]    INFO  c.y.sell.controller.WeChatController - https://open.weixin.qq.com/connect/oauth2/authorize?appid=wx04217e27ba2ec8bc&redirect_uri=http%3A%2F%2Fyuhao.natapp1.cc%2Fsell%2Fwechat%2FuserInfo&response_type=code&scope=snsapi_base&state=http%3A%2F%2Fsuishouss.com%2F%23%2F#wechat_redirect
2018-04-05 12:11:07.548 [http-nio-8080-exec-4]    INFO  c.y.sell.controller.WeChatController - https://open.weixin.qq.com/connect/oauth2/authorize?appid=wx04217e27ba2ec8bc&redirect_uri=http%3A%2F%2Fyuhao.natapp1.cc%2Fsell%2Fwechat%2FuserInfo&response_type=code&scope=snsapi_base&state=http%3A%2F%2Fsuishouss.com%2F%23%2F#wechat_redirect
2018-04-05 12:12:54.323 [http-nio-8080-exec-4]    INFO  c.y.sell.service.impl.PayServiceImpl - 微信发起支付 payRequest={
  "payTypeEnum": "WXPAY_H5",
  "orderId": "1522901573125976475",
  "orderAmount": 0.02,
  "orderName": "微信点餐订单",
  "openid": "olgUa07LaAn7v7N3TeOeeGD2wYMA"
}
2018-04-05 12:12:56.016 [http-nio-8080-exec-4]    INFO  c.y.sell.service.impl.PayServiceImpl - 微信发起支付 payResponse={
  "appId": "wx04217e27ba2ec8bc",
  "timeStamp": "1522901576",
  "nonceStr": "KHKHXQKPs4t8zk7L",
  "packAge": "prepay_id\u003dwx05121256842470127e543af01218067935",
  "signType": "MD5",
  "paySign": "3B9D76922346A725785C21DB75116F0B"
}
2018-04-05 12:13:02.772 [http-nio-8080-exec-7]    INFO  c.y.sell.service.impl.PayServiceImpl - 微信支付异步通知 payResponse={
  "orderAmount": 0.02,
  "orderId": "1522901573125976475",
  "outTradeNo": "4200000066201804052593981214"
}
2018-04-05 12:13:53.810 [http-nio-8080-exec-10]    INFO  c.y.sell.service.impl.PayServiceImpl - 微信发起支付 payRequest={
  "payTypeEnum": "WXPAY_H5",
  "orderId": "1522901573125976475",
  "orderAmount": 0.02,
  "orderName": "微信点餐订单",
  "openid": "olgUa07LaAn7v7N3TeOeeGD2wYMA"
}
2018-04-05 12:14:47.038 [http-nio-8080-exec-2]    INFO  c.y.sell.service.impl.PayServiceImpl - 微信发起支付 payRequest={
  "payTypeEnum": "WXPAY_H5",
  "orderId": "1522901684646441873",
  "orderAmount": 0.01,
  "orderName": "微信点餐订单",
  "openid": "olgUa0zsmahXVt_5GrCoe3Z8P59w"
}
2018-04-05 12:14:47.478 [http-nio-8080-exec-2]    INFO  c.y.sell.service.impl.PayServiceImpl - 微信发起支付 payResponse={
  "appId": "wx04217e27ba2ec8bc",
  "timeStamp": "1522901687",
  "nonceStr": "p76BvxzGVT0ESqM7",
  "packAge": "prepay_id\u003dwx0512144848646928570ae4021860929180",
  "signType": "MD5",
  "paySign": "8580E9ACBC4B94762577947A5AA18F87"
}
2018-04-05 12:14:58.917 [http-nio-8080-exec-8]    INFO  c.y.sell.service.impl.PayServiceImpl - 微信支付异步通知 payResponse={
  "orderAmount": 0.01,
  "orderId": "1522901684646441873",
  "outTradeNo": "4200000064201804052653075678"
}
2018-04-05 12:14:59.911 [http-nio-8080-exec-1]    WARN  c.y.s.aspect.SellerAuthorizeAspect - 【登录校验】Cookie中查不到token
2018-04-05 12:15:03.864 [http-nio-8080-exec-5]    INFO  io.lettuce.core.EpollProvider - Starting without optional epoll library
2018-04-05 12:15:03.867 [http-nio-8080-exec-5]    INFO  io.lettuce.core.KqueueProvider - Starting without optional kqueue library
2018-04-05 12:15:05.766 [http-nio-8080-exec-4]    INFO  com.yuhao.sell.service.WebSocket - 【websocket消息】有新的连接, 总数:1
2018-04-05 12:15:07.593 [http-nio-8080-exec-7]    INFO  com.yuhao.sell.service.WebSocket - 【websocket消息】连接断开, 总数:0
2018-04-05 12:15:08.092 [http-nio-8080-exec-1]    INFO  com.yuhao.sell.service.WebSocket - 【websocket消息】有新的连接, 总数:1
2018-04-05 12:15:09.319 [http-nio-8080-exec-5]    INFO  com.yuhao.sell.service.WebSocket - 【websocket消息】连接断开, 总数:0
2018-04-05 12:15:09.785 [http-nio-8080-exec-10]    INFO  com.yuhao.sell.service.WebSocket - 【websocket消息】有新的连接, 总数:1
2018-04-05 12:15:12.769 [http-nio-8080-exec-1]    INFO  com.yuhao.sell.service.WebSocket - 【websocket消息】连接断开, 总数:0
2018-04-05 12:15:18.895 [http-nio-8080-exec-6]    INFO  com.yuhao.sell.service.WebSocket - 【websocket消息】有新的连接, 总数:1
2018-04-05 12:15:20.636 [http-nio-8080-exec-2]    INFO  com.yuhao.sell.service.WebSocket - 【websocket消息】连接断开, 总数:0
2018-04-05 12:15:21.191 [http-nio-8080-exec-6]    INFO  com.yuhao.sell.service.WebSocket - 【websocket消息】有新的连接, 总数:1
2018-04-05 12:15:22.377 [http-nio-8080-exec-9]    INFO  com.yuhao.sell.service.WebSocket - 【websocket消息】连接断开, 总数:0
2018-04-05 12:15:27.542 [http-nio-8080-exec-4]    INFO  com.yuhao.sell.service.WebSocket - 【websocket消息】有新的连接, 总数:1
2018-04-05 12:15:43.274 [http-nio-8080-exec-7]    INFO  com.yuhao.sell.service.WebSocket - 【websocket消息】连接断开, 总数:0
2018-04-05 12:15:43.733 [http-nio-8080-exec-9]    INFO  com.yuhao.sell.service.WebSocket - 【websocket消息】有新的连接, 总数:1
2018-04-05 12:15:45.105 [http-nio-8080-exec-2]    INFO  com.yuhao.sell.service.WebSocket - 【websocket消息】连接断开, 总数:0
2018-04-05 12:15:47.087 [http-nio-8080-exec-7]    INFO  c.y.sell.service.impl.PayServiceImpl - 微信发起支付 payRequest={
  "payTypeEnum": "WXPAY_H5",
  "orderId": "1522901684646441873",
  "orderAmount": 0.01,
  "orderName": "微信点餐订单",
  "openid": "olgUa0zsmahXVt_5GrCoe3Z8P59w"
}
2018-04-05 12:15:50.391 [http-nio-8080-exec-8]    INFO  com.yuhao.sell.service.WebSocket - 【websocket消息】有新的连接, 总数:1
2018-04-05 12:15:53.420 [http-nio-8080-exec-4]    INFO  com.yuhao.sell.service.WebSocket - 【websocket消息】连接断开, 总数:0
2018-04-05 12:16:01.123 [http-nio-8080-exec-3]    INFO  com.yuhao.sell.service.WebSocket - 【websocket消息】有新的连接, 总数:1
2018-04-05 12:19:59.347 [http-nio-8080-exec-7]    INFO  com.yuhao.sell.service.WebSocket - 【websocket消息】连接断开, 总数:0
2018-04-05 12:20:02.960 [http-nio-8080-exec-1]    WARN  c.y.s.aspect.SellerAuthorizeAspect - 【登录校验】Cookie中查不到token
2018-04-05 12:21:14.257 [http-nio-8080-exec-7]    WARN  c.y.s.aspect.SellerAuthorizeAspect - 【登录校验】Cookie中查不到token
2018-04-05 12:22:00.825 [http-nio-8080-exec-4]    WARN  c.y.s.aspect.SellerAuthorizeAspect - 【登录校验】Cookie中查不到token
2018-04-05 12:22:22.993 [http-nio-8080-exec-6]    WARN  c.y.s.aspect.SellerAuthorizeAspect - 【登录校验】Cookie中查不到token
2018-04-05 12:26:06.005 [http-nio-8080-exec-8]    WARN  c.y.s.aspect.SellerAuthorizeAspect - 【登录校验】Cookie中查不到token
2018-04-05 12:26:45.901 [http-nio-8080-exec-3]    WARN  c.y.s.aspect.SellerAuthorizeAspect - 【登录校验】Cookie中查不到token
2018-04-05 12:33:02.183 [http-nio-8080-exec-9]    INFO  com.yuhao.sell.service.WebSocket - 【websocket消息】有新的连接, 总数:1
2018-04-05 12:33:03.747 [http-nio-8080-exec-3]    INFO  com.yuhao.sell.service.WebSocket - 【websocket消息】连接断开, 总数:0
2018-04-05 12:33:07.608 [http-nio-8080-exec-6]    INFO  com.yuhao.sell.service.WebSocket - 【websocket消息】有新的连接, 总数:1
2018-04-05 12:33:11.899 [http-nio-8080-exec-2]    INFO  com.yuhao.sell.service.WebSocket - 【websocket消息】连接断开, 总数:0
2018-04-05 12:33:12.453 [http-nio-8080-exec-6]    INFO  com.yuhao.sell.service.WebSocket - 【websocket消息】有新的连接, 总数:1
2018-04-05 12:33:16.090 [http-nio-8080-exec-1]    INFO  com.yuhao.sell.service.WebSocket - 【websocket消息】连接断开, 总数:0
2018-04-05 12:33:16.635 [http-nio-8080-exec-2]    INFO  com.yuhao.sell.service.WebSocket - 【websocket消息】有新的连接, 总数:1
2018-04-05 12:33:29.504 [http-nio-8080-exec-7]    INFO  com.yuhao.sell.service.WebSocket - 【websocket消息】连接断开, 总数:0
2018-04-05 12:33:37.256 [http-nio-8080-exec-2]    INFO  com.yuhao.sell.service.WebSocket - 【websocket消息】有新的连接, 总数:1
2018-04-05 12:33:42.176 [http-nio-8080-exec-6]    INFO  com.yuhao.sell.service.WebSocket - 【websocket消息】连接断开, 总数:0
2018-04-05 12:33:47.755 [http-nio-8080-exec-3]    INFO  com.yuhao.sell.service.WebSocket - 【websocket消息】有新的连接, 总数:1
2018-04-05 12:33:48.960 [http-nio-8080-exec-10]    INFO  com.yuhao.sell.service.WebSocket - 【websocket消息】广播消息, message=1522902828952821662
2018-04-05 12:33:49.418 [http-nio-8080-exec-1]    INFO  c.y.sell.service.impl.PayServiceImpl - 微信发起支付 payRequest={
  "payTypeEnum": "WXPAY_H5",
  "orderId": "1522902828952821662",
  "orderAmount": 0.02,
  "orderName": "微信点餐订单",
  "openid": "olgUa07LaAn7v7N3TeOeeGD2wYMA"
}
2018-04-05 12:33:49.854 [http-nio-8080-exec-1]    INFO  c.y.sell.service.impl.PayServiceImpl - 微信发起支付 payResponse={
  "appId": "wx04217e27ba2ec8bc",
  "timeStamp": "1522902829",
  "nonceStr": "6TPjzGPps8a1yk6p",
  "packAge": "prepay_id\u003dwx051233508511432bd05b2ade0610641983",
  "signType": "MD5",
  "paySign": "2F7635193034D92E72137DEB35B41DF4"
}
2018-04-05 12:33:52.816 [http-nio-8080-exec-3]    INFO  com.yuhao.sell.service.WebSocket - 【websocket消息】连接断开, 总数:0
2018-04-05 12:33:53.732 [http-nio-8080-exec-3]    INFO  c.y.sell.service.impl.PayServiceImpl - 微信支付异步通知 payResponse={
  "orderAmount": 0.02,
  "orderId": "1522902828952821662",
  "outTradeNo": "4200000078201804052603510251"
}
2018-04-05 12:33:53.916 [http-nio-8080-exec-6]    INFO  com.yuhao.sell.service.WebSocket - 【websocket消息】有新的连接, 总数:1
2018-04-05 12:33:55.509 [http-nio-8080-exec-7]    INFO  com.yuhao.sell.service.WebSocket - 【websocket消息】连接断开, 总数:0
2018-04-05 12:33:56.053 [http-nio-8080-exec-6]    INFO  com.yuhao.sell.service.WebSocket - 【websocket消息】有新的连接, 总数:1
2018-04-05 12:33:58.698 [http-nio-8080-exec-7]    INFO  com.yuhao.sell.service.WebSocket - 【websocket消息】连接断开, 总数:0
2018-04-05 12:34:10.149 [http-nio-8080-exec-4]    INFO  com.yuhao.sell.service.WebSocket - 【websocket消息】有新的连接, 总数:1
2018-04-05 12:35:01.523 [http-nio-8080-exec-8]    INFO  com.yuhao.sell.service.WebSocket - 【websocket消息】连接断开, 总数:0
2018-04-05 12:35:02.001 [http-nio-8080-exec-1]    INFO  com.yuhao.sell.service.WebSocket - 【websocket消息】有新的连接, 总数:1
2018-04-05 12:35:07.756 [http-nio-8080-exec-10]    INFO  com.yuhao.sell.service.WebSocket - 【websocket消息】连接断开, 总数:0
2018-04-05 12:35:15.197 [http-nio-8080-exec-8]    INFO  com.yuhao.sell.service.WebSocket - 【websocket消息】有新的连接, 总数:1
2018-04-05 12:35:26.166 [http-nio-8080-exec-3]    INFO  com.yuhao.sell.service.WebSocket - 【websocket消息】连接断开, 总数:0
2018-04-05 12:35:27.167 [http-nio-8080-exec-7]    INFO  com.yuhao.sell.service.WebSocket - 【websocket消息】有新的连接, 总数:1
2018-04-05 12:47:31.662 [http-nio-8080-exec-2]    WARN  c.y.s.aspect.SellerAuthorizeAspect - 【登录校验】Cookie中查不到token
2018-04-05 12:47:44.966 [http-nio-8080-exec-3]    WARN  c.y.s.aspect.SellerAuthorizeAspect - 【登录校验】Cookie中查不到token
2018-04-05 12:57:53.526 [http-nio-8080-exec-1]    INFO  com.yuhao.sell.service.WebSocket - 【websocket消息】连接断开, 总数:0
2018-04-05 12:57:57.254 [http-nio-8080-exec-6]    WARN  c.y.s.aspect.SellerAuthorizeAspect - 【登录校验】Cookie中查不到token
2018-04-05 12:58:06.304 [http-nio-8080-exec-5]    INFO  com.yuhao.sell.service.WebSocket - 【websocket消息】有新的连接, 总数:1
2018-04-05 12:58:09.388 [http-nio-8080-exec-8]    INFO  com.yuhao.sell.service.WebSocket - 【websocket消息】连接断开, 总数:0
2018-04-05 12:58:12.785 [http-nio-8080-exec-7]    WARN  c.y.s.aspect.SellerAuthorizeAspect - 【登录校验】Cookie中查不到token
2018-04-05 13:06:21.343 [http-nio-8080-exec-10]    WARN  c.y.s.aspect.SellerAuthorizeAspect - 【登录校验】Cookie中查不到token
2018-04-05 13:07:05.754 [http-nio-8080-exec-5]    WARN  c.y.s.aspect.SellerAuthorizeAspect - 【登录校验】Cookie中查不到token
2018-04-05 13:08:09.641 [http-nio-8080-exec-7]    WARN  c.y.s.aspect.SellerAuthorizeAspect - 【登录校验】Cookie中查不到token
2018-04-05 13:08:58.130 [http-nio-8080-exec-8]    WARN  c.y.s.aspect.SellerAuthorizeAspect - 【登录校验】Cookie中查不到token
2018-04-05 13:14:44.668 [http-nio-8080-exec-3]    WARN  c.y.s.aspect.SellerAuthorizeAspect - 【登录校验】Redis中查不到token
2018-04-05 13:15:01.187 [http-nio-8080-exec-2]    WARN  c.y.s.aspect.SellerAuthorizeAspect - 【登录校验】Redis中查不到token
2018-04-05 13:19:59.152 [http-nio-8080-exec-7]    INFO  com.yuhao.sell.service.WebSocket - 【websocket消息】有新的连接, 总数:1
2018-04-05 13:20:05.044 [http-nio-8080-exec-6]    INFO  com.yuhao.sell.service.WebSocket - 【websocket消息】连接断开, 总数:0
2018-04-05 13:20:46.567 [http-nio-8080-exec-2]    WARN  c.y.s.aspect.SellerAuthorizeAspect - 【登录校验】Cookie中查不到token
2018-04-05 13:20:47.243 [http-nio-8080-exec-6]    WARN  c.y.s.aspect.SellerAuthorizeAspect - 【登录校验】Cookie中查不到token
2018-04-05 13:21:24.893 [http-nio-8080-exec-7]    INFO  com.yuhao.sell.service.WebSocket - 【websocket消息】有新的连接, 总数:1
2018-04-05 13:21:27.309 [http-nio-8080-exec-6]    INFO  com.yuhao.sell.service.WebSocket - 【websocket消息】连接断开, 总数:0
2018-04-05 13:21:30.267 [http-nio-8080-exec-9]    INFO  com.yuhao.sell.service.WebSocket - 【websocket消息】有新的连接, 总数:1
2018-04-05 13:21:30.870 [http-nio-8080-exec-6]    INFO  com.yuhao.sell.service.WebSocket - 【websocket消息】连接断开, 总数:0
2018-04-05 13:21:36.189 [http-nio-8080-exec-5]    INFO  com.yuhao.sell.service.WebSocket - 【websocket消息】有新的连接, 总数:1
2018-04-05 13:21:38.686 [http-nio-8080-exec-3]    WARN  c.y.s.aspect.SellerAuthorizeAspect - 【登录校验】Cookie中查不到token
