2018-04-10 10:10:59.410 [main]    INFO  com.yuhao.sell.SellApplication - Starting SellApplication on yuhao-pc with PID 5636 (D:\java\IdeaProjects\sell\target\classes started by yuhao in D:\java\IdeaProjects\sell)
2018-04-10 10:10:59.552 [main]    INFO  com.yuhao.sell.SellApplication - No active profile set, falling back to default profiles: default
2018-04-10 10:11:00.143 [main]    INFO  o.s.b.w.s.c.AnnotationConfigServletWebServerApplicationContext - Refreshing org.springframework.boot.web.servlet.context.AnnotationConfigServletWebServerApplicationContext@424fd310: startup date [Tue Apr 10 10:11:00 CST 2018]; root of context hierarchy
2018-04-10 10:11:04.089 [main]    WARN  o.m.s.mapper.ClassPathMapperScanner - No MyBatis mapper was found in '[com.yuhao.sell]' package. Please check your configuration.
2018-04-10 10:11:04.279 [main]    INFO  o.s.d.r.c.RepositoryConfigurationDelegate - Multiple Spring Data modules found, entering strict repository configuration mode!
2018-04-10 10:11:04.550 [main]    INFO  o.s.d.r.c.RepositoryConfigurationDelegate - Multiple Spring Data modules found, entering strict repository configuration mode!
2018-04-10 10:11:04.624 [main]    INFO  o.s.d.r.c.RepositoryConfigurationExtensionSupport - Spring Data Redis - Could not safely identify store assignment for repository candidate interface com.yuhao.sell.dao.AdminDAO.
2018-04-10 10:11:04.627 [main]    INFO  o.s.d.r.c.RepositoryConfigurationExtensionSupport - Spring Data Redis - Could not safely identify store assignment for repository candidate interface com.yuhao.sell.dao.OrderDetailDAO.
2018-04-10 10:11:04.630 [main]    INFO  o.s.d.r.c.RepositoryConfigurationExtensionSupport - Spring Data Redis - Could not safely identify store assignment for repository candidate interface com.yuhao.sell.dao.OrderMasterDAO.
2018-04-10 10:11:04.631 [main]    INFO  o.s.d.r.c.RepositoryConfigurationExtensionSupport - Spring Data Redis - Could not safely identify store assignment for repository candidate interface com.yuhao.sell.dao.ProductCategoryDAO.
2018-04-10 10:11:04.633 [main]    INFO  o.s.d.r.c.RepositoryConfigurationExtensionSupport - Spring Data Redis - Could not safely identify store assignment for repository candidate interface com.yuhao.sell.dao.ProductInfoDAO.
2018-04-10 10:11:04.634 [main]    INFO  o.s.d.r.c.RepositoryConfigurationExtensionSupport - Spring Data Redis - Could not safely identify store assignment for repository candidate interface com.yuhao.sell.dao.SellerInfoDAO.
2018-04-10 10:11:05.507 [main]    INFO  o.s.b.f.a.AutowiredAnnotationBeanPostProcessor - JSR-330 'javax.inject.Inject' annotation found and supported for autowiring
2018-04-10 10:11:05.932 [main]    INFO  o.s.c.s.PostProcessorRegistrationDelegate$BeanPostProcessorChecker - Bean 'org.springframework.transaction.annotation.ProxyTransactionManagementConfiguration' of type [org.springframework.transaction.annotation.ProxyTransactionManagementConfiguration$$EnhancerBySpringCGLIB$$ae487c08] is not eligible for getting processed by all BeanPostProcessors (for example: not eligible for auto-proxying)
2018-04-10 10:11:07.262 [main]    INFO  o.s.b.w.e.tomcat.TomcatWebServer - Tomcat initialized with port(s): 8080 (http)
2018-04-10 10:11:07.331 [main]    INFO  o.a.coyote.http11.Http11NioProtocol - Initializing ProtocolHandler ["http-nio-8080"]
2018-04-10 10:11:07.361 [main]    INFO  o.a.catalina.core.StandardService - Starting service [Tomcat]
2018-04-10 10:11:07.362 [main]    INFO  o.a.catalina.core.StandardEngine - Starting Servlet Engine: Apache Tomcat/8.5.28
2018-04-10 10:11:07.381 [localhost-startStop-1]    INFO  o.a.c.core.AprLifecycleListener - The APR based Apache Tomcat Native library which allows optimal performance in production environments was not found on the java.library.path: [C:\Program Files\Java\jdk1.8.0_144\bin;C:\Windows\Sun\Java\bin;C:\Windows\system32;C:\Windows;D:\360\360桌面\360Desktop;C:\ProgramData\Oracle\Java\javapath;C:\Windows\system32;C:\Windows;C:\Windows\System32\Wbem;C:\Windows\System32\WindowsPowerShell\v1.0\;C:\Program Files (x86)\Windows Kits\8.1\Windows Performance Toolkit\;C:\Program Files\Microsoft SQL Server\110\Tools\Binn\；C:\Program Files\Java\jdk1.8.0_144\bin;D:\graphviz-2.38\release\bin;C:\Program Files\nodejs\;D:\Anaconda3;D:\Anaconda3\Library\mingw-w64\bin;D:\Anaconda3\Library\usr\bin;D:\Anaconda3\Library\bin;D:\Anaconda3\Scripts;C:\Users\yuhao\AppData\Local\Pandoc\;C:\Users\yuhao\AppData\Roaming\npm;.]
2018-04-10 10:11:08.022 [localhost-startStop-1]    INFO  o.a.c.c.C.[.[localhost].[/sell] - Initializing Spring embedded WebApplicationContext
2018-04-10 10:11:08.023 [localhost-startStop-1]    INFO  o.s.web.context.ContextLoader - Root WebApplicationContext: initialization completed in 7880 ms
2018-04-10 10:11:08.346 [localhost-startStop-1]    INFO  o.s.b.w.s.ServletRegistrationBean - Servlet dispatcherServlet mapped to [/]
2018-04-10 10:11:08.354 [localhost-startStop-1]    INFO  o.s.b.w.s.FilterRegistrationBean - Mapping filter: 'characterEncodingFilter' to: [/*]
2018-04-10 10:11:08.355 [localhost-startStop-1]    INFO  o.s.b.w.s.FilterRegistrationBean - Mapping filter: 'hiddenHttpMethodFilter' to: [/*]
2018-04-10 10:11:08.355 [localhost-startStop-1]    INFO  o.s.b.w.s.FilterRegistrationBean - Mapping filter: 'httpPutFormContentFilter' to: [/*]
2018-04-10 10:11:08.356 [localhost-startStop-1]    INFO  o.s.b.w.s.FilterRegistrationBean - Mapping filter: 'requestContextFilter' to: [/*]
2018-04-10 10:11:09.001 [main]    INFO  com.zaxxer.hikari.HikariDataSource - HikariPool-1 - Starting...
2018-04-10 10:11:09.375 [main]    INFO  com.zaxxer.hikari.HikariDataSource - HikariPool-1 - Start completed.
2018-04-10 10:11:09.521 [main]    INFO  o.s.o.j.LocalContainerEntityManagerFactoryBean - Building JPA container EntityManagerFactory for persistence unit 'default'
2018-04-10 10:11:09.576 [main]    INFO  o.h.jpa.internal.util.LogHelper - HHH000204: Processing PersistenceUnitInfo [
	name: default
	...]
2018-04-10 10:11:09.918 [main]    INFO  org.hibernate.Version - HHH000412: Hibernate Core {5.2.14.Final}
2018-04-10 10:11:09.921 [main]    INFO  org.hibernate.cfg.Environment - HHH000206: hibernate.properties not found
2018-04-10 10:11:10.167 [main]    INFO  o.h.annotations.common.Version - HCANN000001: Hibernate Commons Annotations {5.0.1.Final}
2018-04-10 10:11:10.656 [main]    INFO  org.hibernate.dialect.Dialect - HHH000400: Using dialect: org.hibernate.dialect.MySQL5Dialect
2018-04-10 10:11:12.438 [main]    INFO  o.s.o.j.LocalContainerEntityManagerFactoryBean - Initialized JPA EntityManagerFactory for persistence unit 'default'
2018-04-10 10:11:16.983 [main]    INFO  o.s.w.s.m.m.a.RequestMappingHandlerAdapter - Looking for @ControllerAdvice: org.springframework.boot.web.servlet.context.AnnotationConfigServletWebServerApplicationContext@424fd310: startup date [Tue Apr 10 10:11:00 CST 2018]; root of context hierarchy
2018-04-10 10:11:17.062 [main]    WARN  o.s.b.a.o.j.JpaBaseConfiguration$JpaWebConfiguration$JpaWebMvcConfiguration - spring.jpa.open-in-view is enabled by default. Therefore, database queries may be performed during view rendering. Explicitly configure spring.jpa.open-in-view to disable this warning
2018-04-10 10:11:17.156 [main]    INFO  o.s.w.s.m.m.a.RequestMappingHandlerMapping - Mapped "{[/admin/list],methods=[GET]}" onto public org.springframework.web.servlet.ModelAndView com.yuhao.sell.controller.AdminController.list(java.lang.Integer,java.lang.Integer,java.util.Map<java.lang.String, java.lang.Object>)
2018-04-10 10:11:17.158 [main]    INFO  o.s.w.s.m.m.a.RequestMappingHandlerMapping - Mapped "{[/admin/detail],methods=[GET]}" onto public org.springframework.web.servlet.ModelAndView com.yuhao.sell.controller.AdminController.detail(java.lang.String,java.util.Map<java.lang.String, java.lang.Object>)
2018-04-10 10:11:17.158 [main]    INFO  o.s.w.s.m.m.a.RequestMappingHandlerMapping - Mapped "{[/admin/examineNot],methods=[GET]}" onto public org.springframework.web.servlet.ModelAndView com.yuhao.sell.controller.AdminController.examineNot(java.lang.String,java.util.Map<java.lang.String, java.lang.Object>)
2018-04-10 10:11:17.159 [main]    INFO  o.s.w.s.m.m.a.RequestMappingHandlerMapping - Mapped "{[/admin/examineOk],methods=[GET]}" onto public org.springframework.web.servlet.ModelAndView com.yuhao.sell.controller.AdminController.examineOk(java.lang.String,java.util.Map<java.lang.String, java.lang.Object>)
2018-04-10 10:11:17.162 [main]    INFO  o.s.w.s.m.m.a.RequestMappingHandlerMapping - Mapped "{[/admin/onAdminLogin],methods=[GET]}" onto public org.springframework.web.servlet.ModelAndView com.yuhao.sell.controller.BaseController.onLogin()
2018-04-10 10:11:17.163 [main]    INFO  o.s.w.s.m.m.a.RequestMappingHandlerMapping - Mapped "{[/admin/AdminLogin],methods=[POST]}" onto public org.springframework.web.servlet.ModelAndView com.yuhao.sell.controller.BaseController.adminLogin(java.lang.String,java.lang.String,javax.servlet.http.HttpServletResponse,java.util.Map<java.lang.String, java.lang.Object>)
2018-04-10 10:11:17.163 [main]    INFO  o.s.w.s.m.m.a.RequestMappingHandlerMapping - Mapped "{[/admin/logout],methods=[GET]}" onto public org.springframework.web.servlet.ModelAndView com.yuhao.sell.controller.BaseController.logout(javax.servlet.http.HttpServletRequest,javax.servlet.http.HttpServletResponse,java.util.Map<java.lang.String, java.lang.Object>)
2018-04-10 10:11:17.165 [main]    INFO  o.s.w.s.m.m.a.RequestMappingHandlerMapping - Mapped "{[/buyer/order/create],methods=[POST]}" onto public com.yuhao.sell.VO.ResultVO<java.util.Map<java.lang.String, java.lang.String>> com.yuhao.sell.controller.BuyerOrderController.create(com.yuhao.sell.form.OrderForm,org.springframework.validation.BindingResult)
2018-04-10 10:11:17.166 [main]    INFO  o.s.w.s.m.m.a.RequestMappingHandlerMapping - Mapped "{[/buyer/order/list],methods=[GET]}" onto public com.yuhao.sell.VO.ResultVO<java.util.List<com.yuhao.sell.dto.OrderDTO>> com.yuhao.sell.controller.BuyerOrderController.list(java.lang.String,java.lang.Integer,java.lang.Integer,java.lang.String)
2018-04-10 10:11:17.166 [main]    INFO  o.s.w.s.m.m.a.RequestMappingHandlerMapping - Mapped "{[/buyer/order/cancel],methods=[POST]}" onto public com.yuhao.sell.VO.ResultVO com.yuhao.sell.controller.BuyerOrderController.cancel(java.lang.String,java.lang.String)
2018-04-10 10:11:17.167 [main]    INFO  o.s.w.s.m.m.a.RequestMappingHandlerMapping - Mapped "{[/buyer/order/detail],methods=[GET]}" onto public com.yuhao.sell.VO.ResultVO<com.yuhao.sell.dto.OrderDTO> com.yuhao.sell.controller.BuyerOrderController.detail(java.lang.String,java.lang.String)
2018-04-10 10:11:17.168 [main]    INFO  o.s.w.s.m.m.a.RequestMappingHandlerMapping - Mapped "{[/buyer/product/list],methods=[GET]}" onto public com.yuhao.sell.VO.ResultVO com.yuhao.sell.controller.BuyerProductController.list(java.lang.String)
2018-04-10 10:11:17.170 [main]    INFO  o.s.w.s.m.m.a.RequestMappingHandlerMapping - Mapped "{[/pay/notify],methods=[POST]}" onto public org.springframework.web.servlet.ModelAndView com.yuhao.sell.controller.PayController.notify(java.lang.String)
2018-04-10 10:11:17.170 [main]    INFO  o.s.w.s.m.m.a.RequestMappingHandlerMapping - Mapped "{[/pay/create],methods=[GET]}" onto public org.springframework.web.servlet.ModelAndView com.yuhao.sell.controller.PayController.create(java.lang.String,java.lang.String,java.util.Map<java.lang.String, java.lang.Object>)
2018-04-10 10:11:17.172 [main]    INFO  o.s.w.s.m.m.a.RequestMappingHandlerMapping - Mapped "{[/seller/category/index],methods=[GET]}" onto public com.yuhao.sell.model.ProductCategory com.yuhao.sell.controller.SellerCategoryController.index(java.lang.Integer)
2018-04-10 10:11:17.173 [main]    INFO  o.s.w.s.m.m.a.RequestMappingHandlerMapping - Mapped "{[/seller/category/list],methods=[GET]}" onto public org.springframework.web.servlet.ModelAndView com.yuhao.sell.controller.SellerCategoryController.list(java.util.Map<java.lang.String, java.lang.Object>)
2018-04-10 10:11:17.173 [main]    INFO  o.s.w.s.m.m.a.RequestMappingHandlerMapping - Mapped "{[/seller/category/save],methods=[POST]}" onto public org.springframework.web.servlet.ModelAndView com.yuhao.sell.controller.SellerCategoryController.save(com.yuhao.sell.form.CategoryForm,org.springframework.validation.BindingResult,java.util.Map<java.lang.String, java.lang.Object>)
2018-04-10 10:11:17.176 [main]    INFO  o.s.w.s.m.m.a.RequestMappingHandlerMapping - Mapped "{[/seller/finance/month],methods=[GET]}" onto public org.springframework.web.servlet.ModelAndView com.yuhao.sell.controller.SellerfinanceController.month(java.lang.Integer,java.lang.Integer,java.util.Map<java.lang.String, java.lang.Object>)
2018-04-10 10:11:17.176 [main]    INFO  o.s.w.s.m.m.a.RequestMappingHandlerMapping - Mapped "{[/seller/finance/day],methods=[GET]}" onto public org.springframework.web.servlet.ModelAndView com.yuhao.sell.controller.SellerfinanceController.day(java.lang.Integer,java.lang.Integer,java.util.Map<java.lang.String, java.lang.Object>)
2018-04-10 10:11:17.176 [main]    INFO  o.s.w.s.m.m.a.RequestMappingHandlerMapping - Mapped "{[/seller/finance/week],methods=[GET]}" onto public org.springframework.web.servlet.ModelAndView com.yuhao.sell.controller.SellerfinanceController.week(java.lang.Integer,java.lang.Integer,java.util.Map<java.lang.String, java.lang.Object>)
2018-04-10 10:11:17.263 [main]    INFO  o.s.w.s.m.m.a.RequestMappingHandlerMapping - Mapped "{[/seller/order/list],methods=[GET]}" onto public org.springframework.web.servlet.ModelAndView com.yuhao.sell.controller.SellerOrderController.list(java.lang.Integer,java.lang.Integer,java.util.Map<java.lang.String, java.lang.Object>)
2018-04-10 10:11:17.265 [main]    INFO  o.s.w.s.m.m.a.RequestMappingHandlerMapping - Mapped "{[/seller/order/finish],methods=[GET]}" onto public org.springframework.web.servlet.ModelAndView com.yuhao.sell.controller.SellerOrderController.finished(java.lang.String,java.util.Map<java.lang.String, java.lang.Object>)
2018-04-10 10:11:17.265 [main]    INFO  o.s.w.s.m.m.a.RequestMappingHandlerMapping - Mapped "{[/seller/order/cancel],methods=[GET]}" onto public org.springframework.web.servlet.ModelAndView com.yuhao.sell.controller.SellerOrderController.cancel(java.lang.String,java.util.Map<java.lang.String, java.lang.Object>)
2018-04-10 10:11:17.272 [main]    INFO  o.s.w.s.m.m.a.RequestMappingHandlerMapping - Mapped "{[/seller/order/detail],methods=[GET]}" onto public com.yuhao.sell.dto.OrderDTO com.yuhao.sell.controller.SellerOrderController.detail(java.lang.String)
2018-04-10 10:11:17.273 [main]    INFO  o.s.w.s.m.m.a.RequestMappingHandlerMapping - Mapped "{[/seller/order/rlist],methods=[GET]}" onto public org.springframework.web.servlet.ModelAndView com.yuhao.sell.controller.SellerOrderController.rlist(java.lang.Integer,java.lang.Integer,java.util.Map<java.lang.String, java.lang.Object>)
2018-04-10 10:11:17.274 [main]    INFO  o.s.w.s.m.m.a.RequestMappingHandlerMapping - Mapped "{[/seller/order/ulist],methods=[GET]}" onto public org.springframework.web.servlet.ModelAndView com.yuhao.sell.controller.SellerOrderController.ulist(java.lang.Integer,java.lang.Integer,java.util.Map<java.lang.String, java.lang.Object>)
2018-04-10 10:11:17.275 [main]    INFO  o.s.w.s.m.m.a.RequestMappingHandlerMapping - Mapped "{[/seller/order/sellerDetail],methods=[GET]}" onto public org.springframework.web.servlet.ModelAndView com.yuhao.sell.controller.SellerOrderController.sellerDetail(java.util.Map<java.lang.String, java.lang.Object>)
2018-04-10 10:11:17.286 [main]    INFO  o.s.w.s.m.m.a.RequestMappingHandlerMapping - Mapped "{[/seller/product/index],methods=[GET]}" onto public org.springframework.web.servlet.ModelAndView com.yuhao.sell.controller.SellerProductController.index(java.lang.String,java.util.Map<java.lang.String, java.lang.Object>)
2018-04-10 10:11:17.289 [main]    INFO  o.s.w.s.m.m.a.RequestMappingHandlerMapping - Mapped "{[/seller/product/list],methods=[GET]}" onto public org.springframework.web.servlet.ModelAndView com.yuhao.sell.controller.SellerProductController.list(java.lang.Integer,java.lang.Integer,java.util.Map<java.lang.String, java.lang.Object>)
2018-04-10 10:11:17.295 [main]    INFO  o.s.w.s.m.m.a.RequestMappingHandlerMapping - Mapped "{[/seller/product/save],methods=[POST]}" onto public org.springframework.web.servlet.ModelAndView com.yuhao.sell.controller.SellerProductController.save(com.yuhao.sell.form.ProductForm,org.springframework.validation.BindingResult,java.util.Map<java.lang.String, java.lang.Object>,org.springframework.web.multipart.MultipartFile) throws java.io.IOException
2018-04-10 10:11:17.295 [main]    INFO  o.s.w.s.m.m.a.RequestMappingHandlerMapping - Mapped "{[/seller/product/off_sale]}" onto public org.springframework.web.servlet.ModelAndView com.yuhao.sell.controller.SellerProductController.offSale(java.lang.String,java.util.Map<java.lang.String, java.lang.Object>)
2018-04-10 10:11:17.296 [main]    INFO  o.s.w.s.m.m.a.RequestMappingHandlerMapping - Mapped "{[/seller/product/on_sale]}" onto public org.springframework.web.servlet.ModelAndView com.yuhao.sell.controller.SellerProductController.onSale(java.lang.String,java.util.Map<java.lang.String, java.lang.Object>)
2018-04-10 10:11:17.300 [main]    INFO  o.s.w.s.m.m.a.RequestMappingHandlerMapping - Mapped "{[/seller/onSellerRegister],methods=[GET]}" onto public org.springframework.web.servlet.ModelAndView com.yuhao.sell.controller.SellerUserController.register()
2018-04-10 10:11:17.301 [main]    INFO  o.s.w.s.m.m.a.RequestMappingHandlerMapping - Mapped "{[/seller/banner],methods=[GET]}" onto public org.springframework.web.servlet.ModelAndView com.yuhao.sell.controller.SellerUserController.banner()
2018-04-10 10:11:17.302 [main]    INFO  o.s.w.s.m.m.a.RequestMappingHandlerMapping - Mapped "{[/seller/onSellerLogin],methods=[GET]}" onto public org.springframework.web.servlet.ModelAndView com.yuhao.sell.controller.SellerUserController.onLogin()
2018-04-10 10:11:17.303 [main]    INFO  o.s.w.s.m.m.a.RequestMappingHandlerMapping - Mapped "{[/seller/sellerLogin],methods=[POST]}" onto public org.springframework.web.servlet.ModelAndView com.yuhao.sell.controller.SellerUserController.adminLogin(java.lang.String,java.lang.String,javax.servlet.http.HttpServletResponse,java.util.Map<java.lang.String, java.lang.Object>)
2018-04-10 10:11:17.304 [main]    INFO  o.s.w.s.m.m.a.RequestMappingHandlerMapping - Mapped "{[/seller/logout],methods=[GET]}" onto public org.springframework.web.servlet.ModelAndView com.yuhao.sell.controller.SellerUserController.logout(javax.servlet.http.HttpServletRequest,javax.servlet.http.HttpServletResponse,java.util.Map<java.lang.String, java.lang.Object>)
2018-04-10 10:11:17.310 [main]    INFO  o.s.w.s.m.m.a.RequestMappingHandlerMapping - Mapped "{[/seller/login],methods=[GET]}" onto public org.springframework.web.servlet.ModelAndView com.yuhao.sell.controller.SellerUserController.login(java.lang.String,javax.servlet.http.HttpServletResponse,java.util.Map<java.lang.String, java.lang.Object>)
2018-04-10 10:11:17.313 [main]    INFO  o.s.w.s.m.m.a.RequestMappingHandlerMapping - Mapped "{[/wechat/userInfo],methods=[GET]}" onto public java.lang.String com.yuhao.sell.controller.WeChatController.userInfo(java.lang.String,java.lang.String)
2018-04-10 10:11:17.313 [main]    INFO  o.s.w.s.m.m.a.RequestMappingHandlerMapping - Mapped "{[/wechat/qrUserInfo],methods=[GET]}" onto public java.lang.String com.yuhao.sell.controller.WeChatController.qrUserInfo(java.lang.String,java.lang.String)
2018-04-10 10:11:17.313 [main]    INFO  o.s.w.s.m.m.a.RequestMappingHandlerMapping - Mapped "{[/wechat/authorize],methods=[GET]}" onto public java.lang.String com.yuhao.sell.controller.WeChatController.authorize(java.lang.String)
2018-04-10 10:11:17.314 [main]    INFO  o.s.w.s.m.m.a.RequestMappingHandlerMapping - Mapped "{[/wechat/qrAuthorize],methods=[GET]}" onto public java.lang.String com.yuhao.sell.controller.WeChatController.qrAuthorize(java.lang.String)
2018-04-10 10:11:17.314 [main]    INFO  o.s.w.s.m.m.a.RequestMappingHandlerMapping - Mapped "{[/wx/auth],methods=[GET]}" onto public void com.yuhao.sell.controller.WxController.auth(java.lang.String)
2018-04-10 10:11:17.324 [main]    INFO  o.s.w.s.m.m.a.RequestMappingHandlerMapping - Mapped "{[/error]}" onto public org.springframework.http.ResponseEntity<java.util.Map<java.lang.String, java.lang.Object>> org.springframework.boot.autoconfigure.web.servlet.error.BasicErrorController.error(javax.servlet.http.HttpServletRequest)
2018-04-10 10:11:17.325 [main]    INFO  o.s.w.s.m.m.a.RequestMappingHandlerMapping - Mapped "{[/error],produces=[text/html]}" onto public org.springframework.web.servlet.ModelAndView org.springframework.boot.autoconfigure.web.servlet.error.BasicErrorController.errorHtml(javax.servlet.http.HttpServletRequest,javax.servlet.http.HttpServletResponse)
2018-04-10 10:11:17.419 [main]    INFO  o.s.w.s.h.SimpleUrlHandlerMapping - Mapped URL path [/webjars/**] onto handler of type [class org.springframework.web.servlet.resource.ResourceHttpRequestHandler]
2018-04-10 10:11:17.419 [main]    INFO  o.s.w.s.h.SimpleUrlHandlerMapping - Mapped URL path [/**] onto handler of type [class org.springframework.web.servlet.resource.ResourceHttpRequestHandler]
2018-04-10 10:11:17.464 [main]    INFO  o.s.w.s.m.m.a.ExceptionHandlerExceptionResolver - Detected @ExceptionHandler methods in sellExceptionHandler
2018-04-10 10:11:17.628 [main]    INFO  o.s.w.s.h.SimpleUrlHandlerMapping - Mapped URL path [/**/favicon.ico] onto handler of type [class org.springframework.web.servlet.resource.ResourceHttpRequestHandler]
2018-04-10 10:11:19.556 [main]    INFO  o.s.w.s.v.f.FreeMarkerConfigurer - ClassTemplateLoader for Spring macros added to FreeMarker configuration
2018-04-10 10:11:20.258 [main]    INFO  o.s.w.s.s.s.ServerEndpointExporter - Registering @ServerEndpoint class: class com.yuhao.sell.service.WebSocket
2018-04-10 10:11:20.271 [main]    INFO  o.s.j.e.a.AnnotationMBeanExporter - Registering beans for JMX exposure on startup
2018-04-10 10:11:20.273 [main]    INFO  o.s.j.e.a.AnnotationMBeanExporter - Bean with name 'dataSource' has been autodetected for JMX exposure
2018-04-10 10:11:20.283 [main]    INFO  o.s.j.e.a.AnnotationMBeanExporter - Located MBean 'dataSource': registering with JMX server as MBean [com.zaxxer.hikari:name=dataSource,type=HikariDataSource]
2018-04-10 10:11:20.315 [main]    INFO  o.a.coyote.http11.Http11NioProtocol - Starting ProtocolHandler ["http-nio-8080"]
2018-04-10 10:11:20.333 [main]    INFO  o.a.tomcat.util.net.NioSelectorPool - Using a shared selector for servlet write/read
2018-04-10 10:11:20.391 [main]    INFO  o.s.b.w.e.tomcat.TomcatWebServer - Tomcat started on port(s): 8080 (http) with context path '/sell'
2018-04-10 10:11:20.396 [main]    INFO  com.yuhao.sell.SellApplication - Started SellApplication in 23.947 seconds (JVM running for 32.765)
2018-04-10 10:12:18.658 [http-nio-8080-exec-1]    INFO  o.a.c.c.C.[.[localhost].[/sell] - Initializing Spring FrameworkServlet 'dispatcherServlet'
2018-04-10 10:12:18.659 [http-nio-8080-exec-1]    INFO  o.s.web.servlet.DispatcherServlet - FrameworkServlet 'dispatcherServlet': initialization started
2018-04-10 10:12:18.709 [http-nio-8080-exec-1]    INFO  o.s.web.servlet.DispatcherServlet - FrameworkServlet 'dispatcherServlet': initialization completed in 49 ms
2018-04-10 10:12:18.911 [http-nio-8080-exec-1]    WARN  c.y.s.aspect.SellerAuthorizeAspect - 【登录校验】Cookie中查不到token
2018-04-10 10:21:21.580 [http-nio-8080-exec-3]    WARN  c.y.s.aspect.SellerAuthorizeAspect - 【登录校验】Cookie中查不到token
2018-04-10 10:21:55.283 [http-nio-8080-exec-1]    INFO  o.h.h.i.QueryTranslatorFactoryInitiator - HHH000397: Using ASTQueryTranslatorFactory
2018-04-10 10:21:55.761 [http-nio-8080-exec-1]    INFO  io.lettuce.core.EpollProvider - Starting without optional epoll library
2018-04-10 10:21:55.764 [http-nio-8080-exec-1]    INFO  io.lettuce.core.KqueueProvider - Starting without optional kqueue library
2018-04-10 11:17:36.981 [main]    INFO  com.yuhao.sell.SellApplication - Starting SellApplication on yuhao-pc with PID 1956 (D:\java\IdeaProjects\sell\target\classes started by yuhao in D:\java\IdeaProjects\sell)
2018-04-10 11:17:36.987 [main]    INFO  com.yuhao.sell.SellApplication - No active profile set, falling back to default profiles: default
2018-04-10 11:17:37.221 [main]    INFO  o.s.b.w.s.c.AnnotationConfigServletWebServerApplicationContext - Refreshing org.springframework.boot.web.servlet.context.AnnotationConfigServletWebServerApplicationContext@1c6804cd: startup date [Tue Apr 10 11:17:37 CST 2018]; root of context hierarchy
2018-04-10 11:17:38.875 [main]    WARN  o.m.s.mapper.ClassPathMapperScanner - No MyBatis mapper was found in '[com.yuhao.sell]' package. Please check your configuration.
2018-04-10 11:17:38.932 [main]    INFO  o.s.d.r.c.RepositoryConfigurationDelegate - Multiple Spring Data modules found, entering strict repository configuration mode!
2018-04-10 11:17:39.121 [main]    INFO  o.s.d.r.c.RepositoryConfigurationDelegate - Multiple Spring Data modules found, entering strict repository configuration mode!
2018-04-10 11:17:39.172 [main]    INFO  o.s.d.r.c.RepositoryConfigurationExtensionSupport - Spring Data Redis - Could not safely identify store assignment for repository candidate interface com.yuhao.sell.dao.AdminDAO.
2018-04-10 11:17:39.175 [main]    INFO  o.s.d.r.c.RepositoryConfigurationExtensionSupport - Spring Data Redis - Could not safely identify store assignment for repository candidate interface com.yuhao.sell.dao.OrderDetailDAO.
2018-04-10 11:17:39.177 [main]    INFO  o.s.d.r.c.RepositoryConfigurationExtensionSupport - Spring Data Redis - Could not safely identify store assignment for repository candidate interface com.yuhao.sell.dao.OrderMasterDAO.
2018-04-10 11:17:39.179 [main]    INFO  o.s.d.r.c.RepositoryConfigurationExtensionSupport - Spring Data Redis - Could not safely identify store assignment for repository candidate interface com.yuhao.sell.dao.ProductCategoryDAO.
2018-04-10 11:17:39.180 [main]    INFO  o.s.d.r.c.RepositoryConfigurationExtensionSupport - Spring Data Redis - Could not safely identify store assignment for repository candidate interface com.yuhao.sell.dao.ProductInfoDAO.
2018-04-10 11:17:39.180 [main]    INFO  o.s.d.r.c.RepositoryConfigurationExtensionSupport - Spring Data Redis - Could not safely identify store assignment for repository candidate interface com.yuhao.sell.dao.SellerInfoDAO.
2018-04-10 11:17:39.754 [main]    INFO  o.s.b.f.a.AutowiredAnnotationBeanPostProcessor - JSR-330 'javax.inject.Inject' annotation found and supported for autowiring
2018-04-10 11:17:40.125 [main]    INFO  o.s.c.s.PostProcessorRegistrationDelegate$BeanPostProcessorChecker - Bean 'org.springframework.transaction.annotation.ProxyTransactionManagementConfiguration' of type [org.springframework.transaction.annotation.ProxyTransactionManagementConfiguration$$EnhancerBySpringCGLIB$$eb1acf86] is not eligible for getting processed by all BeanPostProcessors (for example: not eligible for auto-proxying)
2018-04-10 11:17:41.053 [main]    INFO  o.s.b.w.e.tomcat.TomcatWebServer - Tomcat initialized with port(s): 8080 (http)
2018-04-10 11:17:41.079 [main]    INFO  o.a.coyote.http11.Http11NioProtocol - Initializing ProtocolHandler ["http-nio-8080"]
2018-04-10 11:17:41.097 [main]    INFO  o.a.catalina.core.StandardService - Starting service [Tomcat]
2018-04-10 11:17:41.098 [main]    INFO  o.a.catalina.core.StandardEngine - Starting Servlet Engine: Apache Tomcat/8.5.28
2018-04-10 11:17:41.108 [localhost-startStop-1]    INFO  o.a.c.core.AprLifecycleListener - The APR based Apache Tomcat Native library which allows optimal performance in production environments was not found on the java.library.path: [C:\Program Files\Java\jdk1.8.0_144\bin;C:\Windows\Sun\Java\bin;C:\Windows\system32;C:\Windows;D:\360\360桌面\360Desktop;C:\ProgramData\Oracle\Java\javapath;C:\Windows\system32;C:\Windows;C:\Windows\System32\Wbem;C:\Windows\System32\WindowsPowerShell\v1.0\;C:\Program Files (x86)\Windows Kits\8.1\Windows Performance Toolkit\;C:\Program Files\Microsoft SQL Server\110\Tools\Binn\；C:\Program Files\Java\jdk1.8.0_144\bin;D:\graphviz-2.38\release\bin;C:\Program Files\nodejs\;D:\Anaconda3;D:\Anaconda3\Library\mingw-w64\bin;D:\Anaconda3\Library\usr\bin;D:\Anaconda3\Library\bin;D:\Anaconda3\Scripts;C:\Users\yuhao\AppData\Local\Pandoc\;C:\Users\yuhao\AppData\Roaming\npm;.]
2018-04-10 11:17:41.486 [localhost-startStop-1]    INFO  o.a.c.c.C.[.[localhost].[/sell] - Initializing Spring embedded WebApplicationContext
2018-04-10 11:17:41.486 [localhost-startStop-1]    INFO  o.s.web.context.ContextLoader - Root WebApplicationContext: initialization completed in 4266 ms
2018-04-10 11:17:41.747 [localhost-startStop-1]    INFO  o.s.b.w.s.ServletRegistrationBean - Servlet dispatcherServlet mapped to [/]
2018-04-10 11:17:41.755 [localhost-startStop-1]    INFO  o.s.b.w.s.FilterRegistrationBean - Mapping filter: 'characterEncodingFilter' to: [/*]
2018-04-10 11:17:41.755 [localhost-startStop-1]    INFO  o.s.b.w.s.FilterRegistrationBean - Mapping filter: 'hiddenHttpMethodFilter' to: [/*]
2018-04-10 11:17:41.756 [localhost-startStop-1]    INFO  o.s.b.w.s.FilterRegistrationBean - Mapping filter: 'httpPutFormContentFilter' to: [/*]
2018-04-10 11:17:41.756 [localhost-startStop-1]    INFO  o.s.b.w.s.FilterRegistrationBean - Mapping filter: 'requestContextFilter' to: [/*]
2018-04-10 11:17:42.031 [main]    INFO  com.zaxxer.hikari.HikariDataSource - HikariPool-1 - Starting...
2018-04-10 11:17:42.266 [main]    INFO  com.zaxxer.hikari.HikariDataSource - HikariPool-1 - Start completed.
2018-04-10 11:17:42.360 [main]    INFO  o.s.o.j.LocalContainerEntityManagerFactoryBean - Building JPA container EntityManagerFactory for persistence unit 'default'
2018-04-10 11:17:42.390 [main]    INFO  o.h.jpa.internal.util.LogHelper - HHH000204: Processing PersistenceUnitInfo [
	name: default
	...]
2018-04-10 11:17:42.550 [main]    INFO  org.hibernate.Version - HHH000412: Hibernate Core {5.2.14.Final}
2018-04-10 11:17:42.553 [main]    INFO  org.hibernate.cfg.Environment - HHH000206: hibernate.properties not found
2018-04-10 11:17:42.622 [main]    INFO  o.h.annotations.common.Version - HCANN000001: Hibernate Commons Annotations {5.0.1.Final}
2018-04-10 11:17:42.897 [main]    INFO  org.hibernate.dialect.Dialect - HHH000400: Using dialect: org.hibernate.dialect.MySQL5Dialect
2018-04-10 11:17:43.831 [main]    INFO  o.s.o.j.LocalContainerEntityManagerFactoryBean - Initialized JPA EntityManagerFactory for persistence unit 'default'
2018-04-10 11:17:46.828 [main]    INFO  o.s.w.s.m.m.a.RequestMappingHandlerAdapter - Looking for @ControllerAdvice: org.springframework.boot.web.servlet.context.AnnotationConfigServletWebServerApplicationContext@1c6804cd: startup date [Tue Apr 10 11:17:37 CST 2018]; root of context hierarchy
2018-04-10 11:17:46.907 [main]    WARN  o.s.b.a.o.j.JpaBaseConfiguration$JpaWebConfiguration$JpaWebMvcConfiguration - spring.jpa.open-in-view is enabled by default. Therefore, database queries may be performed during view rendering. Explicitly configure spring.jpa.open-in-view to disable this warning
2018-04-10 11:17:46.973 [main]    INFO  o.s.w.s.m.m.a.RequestMappingHandlerMapping - Mapped "{[/admin/list],methods=[GET]}" onto public org.springframework.web.servlet.ModelAndView com.yuhao.sell.controller.AdminController.list(java.lang.Integer,java.lang.Integer,java.util.Map<java.lang.String, java.lang.Object>)
2018-04-10 11:17:46.975 [main]    INFO  o.s.w.s.m.m.a.RequestMappingHandlerMapping - Mapped "{[/admin/detail],methods=[GET]}" onto public org.springframework.web.servlet.ModelAndView com.yuhao.sell.controller.AdminController.detail(java.lang.String,java.util.Map<java.lang.String, java.lang.Object>)
2018-04-10 11:17:46.975 [main]    INFO  o.s.w.s.m.m.a.RequestMappingHandlerMapping - Mapped "{[/admin/rlist],methods=[GET]}" onto public org.springframework.web.servlet.ModelAndView com.yuhao.sell.controller.AdminController.rlist(java.lang.Integer,java.lang.Integer,java.util.Map<java.lang.String, java.lang.Object>)
2018-04-10 11:17:46.976 [main]    INFO  o.s.w.s.m.m.a.RequestMappingHandlerMapping - Mapped "{[/admin/examineOk],methods=[GET]}" onto public org.springframework.web.servlet.ModelAndView com.yuhao.sell.controller.AdminController.examineOk(java.lang.String,java.util.Map<java.lang.String, java.lang.Object>)
2018-04-10 11:17:46.976 [main]    INFO  o.s.w.s.m.m.a.RequestMappingHandlerMapping - Mapped "{[/admin/examineNot],methods=[GET]}" onto public org.springframework.web.servlet.ModelAndView com.yuhao.sell.controller.AdminController.examineNot(java.lang.String,java.util.Map<java.lang.String, java.lang.Object>)
2018-04-10 11:17:46.979 [main]    INFO  o.s.w.s.m.m.a.RequestMappingHandlerMapping - Mapped "{[/admin/onAdminLogin],methods=[GET]}" onto public org.springframework.web.servlet.ModelAndView com.yuhao.sell.controller.BaseController.onLogin()
2018-04-10 11:17:46.979 [main]    INFO  o.s.w.s.m.m.a.RequestMappingHandlerMapping - Mapped "{[/admin/AdminLogin],methods=[POST]}" onto public org.springframework.web.servlet.ModelAndView com.yuhao.sell.controller.BaseController.adminLogin(java.lang.String,java.lang.String,javax.servlet.http.HttpServletResponse,java.util.Map<java.lang.String, java.lang.Object>)
2018-04-10 11:17:46.980 [main]    INFO  o.s.w.s.m.m.a.RequestMappingHandlerMapping - Mapped "{[/admin/logout],methods=[GET]}" onto public org.springframework.web.servlet.ModelAndView com.yuhao.sell.controller.BaseController.logout(javax.servlet.http.HttpServletRequest,javax.servlet.http.HttpServletResponse,java.util.Map<java.lang.String, java.lang.Object>)
2018-04-10 11:17:46.982 [main]    INFO  o.s.w.s.m.m.a.RequestMappingHandlerMapping - Mapped "{[/buyer/order/create],methods=[POST]}" onto public com.yuhao.sell.VO.ResultVO<java.util.Map<java.lang.String, java.lang.String>> com.yuhao.sell.controller.BuyerOrderController.create(com.yuhao.sell.form.OrderForm,org.springframework.validation.BindingResult)
2018-04-10 11:17:46.983 [main]    INFO  o.s.w.s.m.m.a.RequestMappingHandlerMapping - Mapped "{[/buyer/order/list],methods=[GET]}" onto public com.yuhao.sell.VO.ResultVO<java.util.List<com.yuhao.sell.dto.OrderDTO>> com.yuhao.sell.controller.BuyerOrderController.list(java.lang.String,java.lang.Integer,java.lang.Integer,java.lang.String)
2018-04-10 11:17:46.983 [main]    INFO  o.s.w.s.m.m.a.RequestMappingHandlerMapping - Mapped "{[/buyer/order/cancel],methods=[POST]}" onto public com.yuhao.sell.VO.ResultVO com.yuhao.sell.controller.BuyerOrderController.cancel(java.lang.String,java.lang.String)
2018-04-10 11:17:46.984 [main]    INFO  o.s.w.s.m.m.a.RequestMappingHandlerMapping - Mapped "{[/buyer/order/detail],methods=[GET]}" onto public com.yuhao.sell.VO.ResultVO<com.yuhao.sell.dto.OrderDTO> com.yuhao.sell.controller.BuyerOrderController.detail(java.lang.String,java.lang.String)
2018-04-10 11:17:46.985 [main]    INFO  o.s.w.s.m.m.a.RequestMappingHandlerMapping - Mapped "{[/buyer/product/list],methods=[GET]}" onto public com.yuhao.sell.VO.ResultVO com.yuhao.sell.controller.BuyerProductController.list(java.lang.String)
2018-04-10 11:17:46.987 [main]    INFO  o.s.w.s.m.m.a.RequestMappingHandlerMapping - Mapped "{[/pay/notify],methods=[POST]}" onto public org.springframework.web.servlet.ModelAndView com.yuhao.sell.controller.PayController.notify(java.lang.String)
2018-04-10 11:17:46.987 [main]    INFO  o.s.w.s.m.m.a.RequestMappingHandlerMapping - Mapped "{[/pay/create],methods=[GET]}" onto public org.springframework.web.servlet.ModelAndView com.yuhao.sell.controller.PayController.create(java.lang.String,java.lang.String,java.util.Map<java.lang.String, java.lang.Object>)
2018-04-10 11:17:46.989 [main]    INFO  o.s.w.s.m.m.a.RequestMappingHandlerMapping - Mapped "{[/seller/category/index],methods=[GET]}" onto public com.yuhao.sell.model.ProductCategory com.yuhao.sell.controller.SellerCategoryController.index(java.lang.Integer)
2018-04-10 11:17:46.990 [main]    INFO  o.s.w.s.m.m.a.RequestMappingHandlerMapping - Mapped "{[/seller/category/list],methods=[GET]}" onto public org.springframework.web.servlet.ModelAndView com.yuhao.sell.controller.SellerCategoryController.list(java.util.Map<java.lang.String, java.lang.Object>)
2018-04-10 11:17:46.991 [main]    INFO  o.s.w.s.m.m.a.RequestMappingHandlerMapping - Mapped "{[/seller/category/save],methods=[POST]}" onto public org.springframework.web.servlet.ModelAndView com.yuhao.sell.controller.SellerCategoryController.save(com.yuhao.sell.form.CategoryForm,org.springframework.validation.BindingResult,java.util.Map<java.lang.String, java.lang.Object>)
2018-04-10 11:17:46.997 [main]    INFO  o.s.w.s.m.m.a.RequestMappingHandlerMapping - Mapped "{[/seller/finance/month],methods=[GET]}" onto public org.springframework.web.servlet.ModelAndView com.yuhao.sell.controller.SellerfinanceController.month(java.lang.Integer,java.lang.Integer,java.util.Map<java.lang.String, java.lang.Object>)
2018-04-10 11:17:46.997 [main]    INFO  o.s.w.s.m.m.a.RequestMappingHandlerMapping - Mapped "{[/seller/finance/day],methods=[GET]}" onto public org.springframework.web.servlet.ModelAndView com.yuhao.sell.controller.SellerfinanceController.day(java.lang.Integer,java.lang.Integer,java.util.Map<java.lang.String, java.lang.Object>)
2018-04-10 11:17:46.998 [main]    INFO  o.s.w.s.m.m.a.RequestMappingHandlerMapping - Mapped "{[/seller/finance/week],methods=[GET]}" onto public org.springframework.web.servlet.ModelAndView com.yuhao.sell.controller.SellerfinanceController.week(java.lang.Integer,java.lang.Integer,java.util.Map<java.lang.String, java.lang.Object>)
2018-04-10 11:17:47.002 [main]    INFO  o.s.w.s.m.m.a.RequestMappingHandlerMapping - Mapped "{[/seller/order/list],methods=[GET]}" onto public org.springframework.web.servlet.ModelAndView com.yuhao.sell.controller.SellerOrderController.list(java.lang.Integer,java.lang.Integer,java.util.Map<java.lang.String, java.lang.Object>)
2018-04-10 11:17:47.002 [main]    INFO  o.s.w.s.m.m.a.RequestMappingHandlerMapping - Mapped "{[/seller/order/finish],methods=[GET]}" onto public org.springframework.web.servlet.ModelAndView com.yuhao.sell.controller.SellerOrderController.finished(java.lang.String,java.util.Map<java.lang.String, java.lang.Object>)
2018-04-10 11:17:47.003 [main]    INFO  o.s.w.s.m.m.a.RequestMappingHandlerMapping - Mapped "{[/seller/order/cancel],methods=[GET]}" onto public org.springframework.web.servlet.ModelAndView com.yuhao.sell.controller.SellerOrderController.cancel(java.lang.String,java.util.Map<java.lang.String, java.lang.Object>)
2018-04-10 11:17:47.003 [main]    INFO  o.s.w.s.m.m.a.RequestMappingHandlerMapping - Mapped "{[/seller/order/detail],methods=[GET]}" onto public com.yuhao.sell.dto.OrderDTO com.yuhao.sell.controller.SellerOrderController.detail(java.lang.String)
2018-04-10 11:17:47.004 [main]    INFO  o.s.w.s.m.m.a.RequestMappingHandlerMapping - Mapped "{[/seller/order/rlist],methods=[GET]}" onto public org.springframework.web.servlet.ModelAndView com.yuhao.sell.controller.SellerOrderController.rlist(java.lang.Integer,java.lang.Integer,java.util.Map<java.lang.String, java.lang.Object>)
2018-04-10 11:17:47.004 [main]    INFO  o.s.w.s.m.m.a.RequestMappingHandlerMapping - Mapped "{[/seller/order/ulist],methods=[GET]}" onto public org.springframework.web.servlet.ModelAndView com.yuhao.sell.controller.SellerOrderController.ulist(java.lang.Integer,java.lang.Integer,java.util.Map<java.lang.String, java.lang.Object>)
2018-04-10 11:17:47.005 [main]    INFO  o.s.w.s.m.m.a.RequestMappingHandlerMapping - Mapped "{[/seller/order/sellerDetail],methods=[GET]}" onto public org.springframework.web.servlet.ModelAndView com.yuhao.sell.controller.SellerOrderController.sellerDetail(java.util.Map<java.lang.String, java.lang.Object>)
2018-04-10 11:17:47.008 [main]    INFO  o.s.w.s.m.m.a.RequestMappingHandlerMapping - Mapped "{[/seller/product/index],methods=[GET]}" onto public org.springframework.web.servlet.ModelAndView com.yuhao.sell.controller.SellerProductController.index(java.lang.String,java.util.Map<java.lang.String, java.lang.Object>)
2018-04-10 11:17:47.009 [main]    INFO  o.s.w.s.m.m.a.RequestMappingHandlerMapping - Mapped "{[/seller/product/list],methods=[GET]}" onto public org.springframework.web.servlet.ModelAndView com.yuhao.sell.controller.SellerProductController.list(java.lang.Integer,java.lang.Integer,java.util.Map<java.lang.String, java.lang.Object>)
2018-04-10 11:17:47.009 [main]    INFO  o.s.w.s.m.m.a.RequestMappingHandlerMapping - Mapped "{[/seller/product/save],methods=[POST]}" onto public org.springframework.web.servlet.ModelAndView com.yuhao.sell.controller.SellerProductController.save(com.yuhao.sell.form.ProductForm,org.springframework.validation.BindingResult,java.util.Map<java.lang.String, java.lang.Object>,org.springframework.web.multipart.MultipartFile) throws java.io.IOException
2018-04-10 11:17:47.009 [main]    INFO  o.s.w.s.m.m.a.RequestMappingHandlerMapping - Mapped "{[/seller/product/off_sale]}" onto public org.springframework.web.servlet.ModelAndView com.yuhao.sell.controller.SellerProductController.offSale(java.lang.String,java.util.Map<java.lang.String, java.lang.Object>)
2018-04-10 11:17:47.010 [main]    INFO  o.s.w.s.m.m.a.RequestMappingHandlerMapping - Mapped "{[/seller/product/on_sale]}" onto public org.springframework.web.servlet.ModelAndView com.yuhao.sell.controller.SellerProductController.onSale(java.lang.String,java.util.Map<java.lang.String, java.lang.Object>)
2018-04-10 11:17:47.012 [main]    INFO  o.s.w.s.m.m.a.RequestMappingHandlerMapping - Mapped "{[/seller/onSellerRegister],methods=[GET]}" onto public org.springframework.web.servlet.ModelAndView com.yuhao.sell.controller.SellerUserController.register()
2018-04-10 11:17:47.013 [main]    INFO  o.s.w.s.m.m.a.RequestMappingHandlerMapping - Mapped "{[/seller/banner],methods=[GET]}" onto public org.springframework.web.servlet.ModelAndView com.yuhao.sell.controller.SellerUserController.banner()
2018-04-10 11:17:47.013 [main]    INFO  o.s.w.s.m.m.a.RequestMappingHandlerMapping - Mapped "{[/seller/onSellerLogin],methods=[GET]}" onto public org.springframework.web.servlet.ModelAndView com.yuhao.sell.controller.SellerUserController.onLogin()
2018-04-10 11:17:47.013 [main]    INFO  o.s.w.s.m.m.a.RequestMappingHandlerMapping - Mapped "{[/seller/sellerLogin],methods=[POST]}" onto public org.springframework.web.servlet.ModelAndView com.yuhao.sell.controller.SellerUserController.adminLogin(java.lang.String,java.lang.String,javax.servlet.http.HttpServletResponse,java.util.Map<java.lang.String, java.lang.Object>)
2018-04-10 11:17:47.014 [main]    INFO  o.s.w.s.m.m.a.RequestMappingHandlerMapping - Mapped "{[/seller/logout],methods=[GET]}" onto public org.springframework.web.servlet.ModelAndView com.yuhao.sell.controller.SellerUserController.logout(javax.servlet.http.HttpServletRequest,javax.servlet.http.HttpServletResponse,java.util.Map<java.lang.String, java.lang.Object>)
2018-04-10 11:17:47.014 [main]    INFO  o.s.w.s.m.m.a.RequestMappingHandlerMapping - Mapped "{[/seller/login],methods=[GET]}" onto public org.springframework.web.servlet.ModelAndView com.yuhao.sell.controller.SellerUserController.login(java.lang.String,javax.servlet.http.HttpServletResponse,java.util.Map<java.lang.String, java.lang.Object>)
2018-04-10 11:17:47.015 [main]    INFO  o.s.w.s.m.m.a.RequestMappingHandlerMapping - Mapped "{[/wechat/userInfo],methods=[GET]}" onto public java.lang.String com.yuhao.sell.controller.WeChatController.userInfo(java.lang.String,java.lang.String)
2018-04-10 11:17:47.016 [main]    INFO  o.s.w.s.m.m.a.RequestMappingHandlerMapping - Mapped "{[/wechat/qrAuthorize],methods=[GET]}" onto public java.lang.String com.yuhao.sell.controller.WeChatController.qrAuthorize(java.lang.String)
2018-04-10 11:17:47.016 [main]    INFO  o.s.w.s.m.m.a.RequestMappingHandlerMapping - Mapped "{[/wechat/authorize],methods=[GET]}" onto public java.lang.String com.yuhao.sell.controller.WeChatController.authorize(java.lang.String)
2018-04-10 11:17:47.017 [main]    INFO  o.s.w.s.m.m.a.RequestMappingHandlerMapping - Mapped "{[/wechat/qrUserInfo],methods=[GET]}" onto public java.lang.String com.yuhao.sell.controller.WeChatController.qrUserInfo(java.lang.String,java.lang.String)
2018-04-10 11:17:47.018 [main]    INFO  o.s.w.s.m.m.a.RequestMappingHandlerMapping - Mapped "{[/wx/auth],methods=[GET]}" onto public void com.yuhao.sell.controller.WxController.auth(java.lang.String)
2018-04-10 11:17:47.024 [main]    INFO  o.s.w.s.m.m.a.RequestMappingHandlerMapping - Mapped "{[/error]}" onto public org.springframework.http.ResponseEntity<java.util.Map<java.lang.String, java.lang.Object>> org.springframework.boot.autoconfigure.web.servlet.error.BasicErrorController.error(javax.servlet.http.HttpServletRequest)
2018-04-10 11:17:47.025 [main]    INFO  o.s.w.s.m.m.a.RequestMappingHandlerMapping - Mapped "{[/error],produces=[text/html]}" onto public org.springframework.web.servlet.ModelAndView org.springframework.boot.autoconfigure.web.servlet.error.BasicErrorController.errorHtml(javax.servlet.http.HttpServletRequest,javax.servlet.http.HttpServletResponse)
2018-04-10 11:17:47.173 [main]    INFO  o.s.w.s.h.SimpleUrlHandlerMapping - Mapped URL path [/webjars/**] onto handler of type [class org.springframework.web.servlet.resource.ResourceHttpRequestHandler]
2018-04-10 11:17:47.173 [main]    INFO  o.s.w.s.h.SimpleUrlHandlerMapping - Mapped URL path [/**] onto handler of type [class org.springframework.web.servlet.resource.ResourceHttpRequestHandler]
2018-04-10 11:17:47.208 [main]    INFO  o.s.w.s.m.m.a.ExceptionHandlerExceptionResolver - Detected @ExceptionHandler methods in sellExceptionHandler
2018-04-10 11:17:47.258 [main]    INFO  o.s.w.s.h.SimpleUrlHandlerMapping - Mapped URL path [/**/favicon.ico] onto handler of type [class org.springframework.web.servlet.resource.ResourceHttpRequestHandler]
2018-04-10 11:17:48.512 [main]    INFO  o.s.w.s.v.f.FreeMarkerConfigurer - ClassTemplateLoader for Spring macros added to FreeMarker configuration
2018-04-10 11:17:48.982 [main]    INFO  o.s.w.s.s.s.ServerEndpointExporter - Registering @ServerEndpoint class: class com.yuhao.sell.service.WebSocket
2018-04-10 11:17:48.995 [main]    INFO  o.s.j.e.a.AnnotationMBeanExporter - Registering beans for JMX exposure on startup
2018-04-10 11:17:48.996 [main]    INFO  o.s.j.e.a.AnnotationMBeanExporter - Bean with name 'dataSource' has been autodetected for JMX exposure
2018-04-10 11:17:49.008 [main]    INFO  o.s.j.e.a.AnnotationMBeanExporter - Located MBean 'dataSource': registering with JMX server as MBean [com.zaxxer.hikari:name=dataSource,type=HikariDataSource]
2018-04-10 11:17:49.026 [main]    INFO  o.a.coyote.http11.Http11NioProtocol - Starting ProtocolHandler ["http-nio-8080"]
2018-04-10 11:17:49.046 [main]    INFO  o.a.tomcat.util.net.NioSelectorPool - Using a shared selector for servlet write/read
2018-04-10 11:17:49.085 [main]    INFO  o.s.b.w.e.tomcat.TomcatWebServer - Tomcat started on port(s): 8080 (http) with context path '/sell'
2018-04-10 11:17:49.090 [main]    INFO  com.yuhao.sell.SellApplication - Started SellApplication in 14.296 seconds (JVM running for 17.64)
2018-04-10 11:18:10.211 [http-nio-8080-exec-1]    INFO  o.a.c.c.C.[.[localhost].[/sell] - Initializing Spring FrameworkServlet 'dispatcherServlet'
2018-04-10 11:18:10.211 [http-nio-8080-exec-1]    INFO  o.s.web.servlet.DispatcherServlet - FrameworkServlet 'dispatcherServlet': initialization started
2018-04-10 11:18:10.248 [http-nio-8080-exec-1]    INFO  o.s.web.servlet.DispatcherServlet - FrameworkServlet 'dispatcherServlet': initialization completed in 37 ms
2018-04-10 11:18:10.470 [http-nio-8080-exec-1]    INFO  io.lettuce.core.EpollProvider - Starting without optional epoll library
2018-04-10 11:18:10.472 [http-nio-8080-exec-1]    INFO  io.lettuce.core.KqueueProvider - Starting without optional kqueue library
2018-04-10 11:18:11.013 [http-nio-8080-exec-1]    INFO  o.h.h.i.QueryTranslatorFactoryInitiator - HHH000397: Using ASTQueryTranslatorFactory
2018-04-10 16:02:16.374 [main]    INFO  com.yuhao.sell.SellApplication - Starting SellApplication on yuhao-pc with PID 4648 (D:\java\IdeaProjects\sell\target\classes started by yuhao in D:\java\IdeaProjects\sell)
2018-04-10 16:02:16.460 [main]    INFO  com.yuhao.sell.SellApplication - No active profile set, falling back to default profiles: default
2018-04-10 16:02:16.722 [main]    INFO  o.s.b.w.s.c.AnnotationConfigServletWebServerApplicationContext - Refreshing org.springframework.boot.web.servlet.context.AnnotationConfigServletWebServerApplicationContext@5644dc81: startup date [Tue Apr 10 16:02:16 CST 2018]; root of context hierarchy
2018-04-10 16:02:20.891 [main]    WARN  o.m.s.mapper.ClassPathMapperScanner - No MyBatis mapper was found in '[com.yuhao.sell]' package. Please check your configuration.
2018-04-10 16:02:21.159 [main]    INFO  o.s.d.r.c.RepositoryConfigurationDelegate - Multiple Spring Data modules found, entering strict repository configuration mode!
2018-04-10 16:02:21.502 [main]    INFO  o.s.d.r.c.RepositoryConfigurationDelegate - Multiple Spring Data modules found, entering strict repository configuration mode!
2018-04-10 16:02:21.749 [main]    INFO  o.s.d.r.c.RepositoryConfigurationExtensionSupport - Spring Data Redis - Could not safely identify store assignment for repository candidate interface com.yuhao.sell.dao.AdminDAO.
2018-04-10 16:02:21.751 [main]    INFO  o.s.d.r.c.RepositoryConfigurationExtensionSupport - Spring Data Redis - Could not safely identify store assignment for repository candidate interface com.yuhao.sell.dao.OrderDetailDAO.
2018-04-10 16:02:21.756 [main]    INFO  o.s.d.r.c.RepositoryConfigurationExtensionSupport - Spring Data Redis - Could not safely identify store assignment for repository candidate interface com.yuhao.sell.dao.OrderMasterDAO.
2018-04-10 16:02:21.762 [main]    INFO  o.s.d.r.c.RepositoryConfigurationExtensionSupport - Spring Data Redis - Could not safely identify store assignment for repository candidate interface com.yuhao.sell.dao.ProductCategoryDAO.
2018-04-10 16:02:21.762 [main]    INFO  o.s.d.r.c.RepositoryConfigurationExtensionSupport - Spring Data Redis - Could not safely identify store assignment for repository candidate interface com.yuhao.sell.dao.ProductInfoDAO.
2018-04-10 16:02:21.763 [main]    INFO  o.s.d.r.c.RepositoryConfigurationExtensionSupport - Spring Data Redis - Could not safely identify store assignment for repository candidate interface com.yuhao.sell.dao.SellerInfoDAO.
2018-04-10 16:02:22.816 [main]    INFO  o.s.b.f.a.AutowiredAnnotationBeanPostProcessor - JSR-330 'javax.inject.Inject' annotation found and supported for autowiring
2018-04-10 16:02:23.530 [main]    INFO  o.s.c.s.PostProcessorRegistrationDelegate$BeanPostProcessorChecker - Bean 'org.springframework.transaction.annotation.ProxyTransactionManagementConfiguration' of type [org.springframework.transaction.annotation.ProxyTransactionManagementConfiguration$$EnhancerBySpringCGLIB$$eb45a204] is not eligible for getting processed by all BeanPostProcessors (for example: not eligible for auto-proxying)
2018-04-10 16:02:25.062 [main]    INFO  o.s.b.w.e.tomcat.TomcatWebServer - Tomcat initialized with port(s): 8080 (http)
2018-04-10 16:02:25.107 [main]    INFO  o.a.coyote.http11.Http11NioProtocol - Initializing ProtocolHandler ["http-nio-8080"]
2018-04-10 16:02:25.137 [main]    INFO  o.a.catalina.core.StandardService - Starting service [Tomcat]
2018-04-10 16:02:25.138 [main]    INFO  o.a.catalina.core.StandardEngine - Starting Servlet Engine: Apache Tomcat/8.5.28
2018-04-10 16:02:25.372 [localhost-startStop-1]    INFO  o.a.c.core.AprLifecycleListener - The APR based Apache Tomcat Native library which allows optimal performance in production environments was not found on the java.library.path: [C:\Program Files\Java\jdk1.8.0_144\bin;C:\Windows\Sun\Java\bin;C:\Windows\system32;C:\Windows;D:\360\360桌面\360Desktop;C:\ProgramData\Oracle\Java\javapath;C:\Windows\system32;C:\Windows;C:\Windows\System32\Wbem;C:\Windows\System32\WindowsPowerShell\v1.0\;C:\Program Files (x86)\Windows Kits\8.1\Windows Performance Toolkit\;C:\Program Files\Microsoft SQL Server\110\Tools\Binn\；C:\Program Files\Java\jdk1.8.0_144\bin;D:\graphviz-2.38\release\bin;C:\Program Files\nodejs\;D:\Anaconda3;D:\Anaconda3\Library\mingw-w64\bin;D:\Anaconda3\Library\usr\bin;D:\Anaconda3\Library\bin;D:\Anaconda3\Scripts;C:\Users\yuhao\AppData\Local\Pandoc\;C:\Users\yuhao\AppData\Roaming\npm;.]
2018-04-10 16:02:26.221 [localhost-startStop-1]    INFO  o.a.c.c.C.[.[localhost].[/sell] - Initializing Spring embedded WebApplicationContext
2018-04-10 16:02:26.222 [localhost-startStop-1]    INFO  o.s.web.context.ContextLoader - Root WebApplicationContext: initialization completed in 9500 ms
2018-04-10 16:02:26.654 [localhost-startStop-1]    INFO  o.s.b.w.s.ServletRegistrationBean - Servlet dispatcherServlet mapped to [/]
2018-04-10 16:02:26.662 [localhost-startStop-1]    INFO  o.s.b.w.s.FilterRegistrationBean - Mapping filter: 'characterEncodingFilter' to: [/*]
2018-04-10 16:02:26.663 [localhost-startStop-1]    INFO  o.s.b.w.s.FilterRegistrationBean - Mapping filter: 'hiddenHttpMethodFilter' to: [/*]
2018-04-10 16:02:26.663 [localhost-startStop-1]    INFO  o.s.b.w.s.FilterRegistrationBean - Mapping filter: 'httpPutFormContentFilter' to: [/*]
2018-04-10 16:02:26.663 [localhost-startStop-1]    INFO  o.s.b.w.s.FilterRegistrationBean - Mapping filter: 'requestContextFilter' to: [/*]
2018-04-10 16:02:27.385 [main]    INFO  com.zaxxer.hikari.HikariDataSource - HikariPool-1 - Starting...
2018-04-10 16:02:27.902 [main]    INFO  com.zaxxer.hikari.HikariDataSource - HikariPool-1 - Start completed.
2018-04-10 16:02:28.181 [main]    INFO  o.s.o.j.LocalContainerEntityManagerFactoryBean - Building JPA container EntityManagerFactory for persistence unit 'default'
2018-04-10 16:02:28.210 [main]    INFO  o.h.jpa.internal.util.LogHelper - HHH000204: Processing PersistenceUnitInfo [
	name: default
	...]
2018-04-10 16:02:28.494 [main]    INFO  org.hibernate.Version - HHH000412: Hibernate Core {5.2.14.Final}
2018-04-10 16:02:28.499 [main]    INFO  org.hibernate.cfg.Environment - HHH000206: hibernate.properties not found
2018-04-10 16:02:28.633 [main]    INFO  o.h.annotations.common.Version - HCANN000001: Hibernate Commons Annotations {5.0.1.Final}
2018-04-10 16:02:28.978 [main]    INFO  org.hibernate.dialect.Dialect - HHH000400: Using dialect: org.hibernate.dialect.MySQL5Dialect
2018-04-10 16:02:30.065 [main]    INFO  o.s.o.j.LocalContainerEntityManagerFactoryBean - Initialized JPA EntityManagerFactory for persistence unit 'default'
2018-04-10 16:02:34.459 [main]    INFO  o.s.w.s.m.m.a.RequestMappingHandlerAdapter - Looking for @ControllerAdvice: org.springframework.boot.web.servlet.context.AnnotationConfigServletWebServerApplicationContext@5644dc81: startup date [Tue Apr 10 16:02:16 CST 2018]; root of context hierarchy
2018-04-10 16:02:34.528 [main]    WARN  o.s.b.a.o.j.JpaBaseConfiguration$JpaWebConfiguration$JpaWebMvcConfiguration - spring.jpa.open-in-view is enabled by default. Therefore, database queries may be performed during view rendering. Explicitly configure spring.jpa.open-in-view to disable this warning
2018-04-10 16:02:34.651 [main]    INFO  o.s.w.s.m.m.a.RequestMappingHandlerMapping - Mapped "{[/admin/list],methods=[GET]}" onto public org.springframework.web.servlet.ModelAndView com.yuhao.sell.controller.AdminController.list(java.lang.Integer,java.lang.Integer,java.util.Map<java.lang.String, java.lang.Object>)
2018-04-10 16:02:34.653 [main]    INFO  o.s.w.s.m.m.a.RequestMappingHandlerMapping - Mapped "{[/admin/detail],methods=[GET]}" onto public org.springframework.web.servlet.ModelAndView com.yuhao.sell.controller.AdminController.detail(java.lang.String,java.util.Map<java.lang.String, java.lang.Object>)
2018-04-10 16:02:34.654 [main]    INFO  o.s.w.s.m.m.a.RequestMappingHandlerMapping - Mapped "{[/admin/rlist],methods=[GET]}" onto public org.springframework.web.servlet.ModelAndView com.yuhao.sell.controller.AdminController.rlist(java.lang.Integer,java.lang.Integer,java.util.Map<java.lang.String, java.lang.Object>)
2018-04-10 16:02:34.655 [main]    INFO  o.s.w.s.m.m.a.RequestMappingHandlerMapping - Mapped "{[/admin/examineOk],methods=[GET]}" onto public org.springframework.web.servlet.ModelAndView com.yuhao.sell.controller.AdminController.examineOk(java.lang.String,java.util.Map<java.lang.String, java.lang.Object>)
2018-04-10 16:02:34.656 [main]    INFO  o.s.w.s.m.m.a.RequestMappingHandlerMapping - Mapped "{[/admin/examineNot],methods=[GET]}" onto public org.springframework.web.servlet.ModelAndView com.yuhao.sell.controller.AdminController.examineNot(java.lang.String,java.util.Map<java.lang.String, java.lang.Object>)
2018-04-10 16:02:34.679 [main]    INFO  o.s.w.s.m.m.a.RequestMappingHandlerMapping - Mapped "{[/admin/AdminLogin],methods=[POST]}" onto public org.springframework.web.servlet.ModelAndView com.yuhao.sell.controller.BaseController.adminLogin(java.lang.String,java.lang.String,javax.servlet.http.HttpServletResponse,java.util.Map<java.lang.String, java.lang.Object>)
2018-04-10 16:02:34.683 [main]    INFO  o.s.w.s.m.m.a.RequestMappingHandlerMapping - Mapped "{[/admin/onAdminLogin],methods=[GET]}" onto public org.springframework.web.servlet.ModelAndView com.yuhao.sell.controller.BaseController.onLogin()
2018-04-10 16:02:34.684 [main]    INFO  o.s.w.s.m.m.a.RequestMappingHandlerMapping - Mapped "{[/admin/logout],methods=[GET]}" onto public org.springframework.web.servlet.ModelAndView com.yuhao.sell.controller.BaseController.logout(javax.servlet.http.HttpServletRequest,javax.servlet.http.HttpServletResponse,java.util.Map<java.lang.String, java.lang.Object>)
2018-04-10 16:02:34.689 [main]    INFO  o.s.w.s.m.m.a.RequestMappingHandlerMapping - Mapped "{[/buyer/order/create],methods=[POST]}" onto public com.yuhao.sell.VO.ResultVO<java.util.Map<java.lang.String, java.lang.String>> com.yuhao.sell.controller.BuyerOrderController.create(com.yuhao.sell.form.OrderForm,org.springframework.validation.BindingResult)
2018-04-10 16:02:34.690 [main]    INFO  o.s.w.s.m.m.a.RequestMappingHandlerMapping - Mapped "{[/buyer/order/list],methods=[GET]}" onto public com.yuhao.sell.VO.ResultVO<java.util.List<com.yuhao.sell.dto.OrderDTO>> com.yuhao.sell.controller.BuyerOrderController.list(java.lang.String,java.lang.Integer,java.lang.Integer,java.lang.String)
2018-04-10 16:02:34.691 [main]    INFO  o.s.w.s.m.m.a.RequestMappingHandlerMapping - Mapped "{[/buyer/order/cancel],methods=[POST]}" onto public com.yuhao.sell.VO.ResultVO com.yuhao.sell.controller.BuyerOrderController.cancel(java.lang.String,java.lang.String)
2018-04-10 16:02:34.693 [main]    INFO  o.s.w.s.m.m.a.RequestMappingHandlerMapping - Mapped "{[/buyer/order/detail],methods=[GET]}" onto public com.yuhao.sell.VO.ResultVO<com.yuhao.sell.dto.OrderDTO> com.yuhao.sell.controller.BuyerOrderController.detail(java.lang.String,java.lang.String)
2018-04-10 16:02:34.694 [main]    INFO  o.s.w.s.m.m.a.RequestMappingHandlerMapping - Mapped "{[/buyer/product/list],methods=[GET]}" onto public com.yuhao.sell.VO.ResultVO com.yuhao.sell.controller.BuyerProductController.list(java.lang.String)
2018-04-10 16:02:34.698 [main]    INFO  o.s.w.s.m.m.a.RequestMappingHandlerMapping - Mapped "{[/pay/notify],methods=[POST]}" onto public org.springframework.web.servlet.ModelAndView com.yuhao.sell.controller.PayController.notify(java.lang.String)
2018-04-10 16:02:34.703 [main]    INFO  o.s.w.s.m.m.a.RequestMappingHandlerMapping - Mapped "{[/pay/create],methods=[GET]}" onto public org.springframework.web.servlet.ModelAndView com.yuhao.sell.controller.PayController.create(java.lang.String,java.lang.String,java.util.Map<java.lang.String, java.lang.Object>)
2018-04-10 16:02:34.713 [main]    INFO  o.s.w.s.m.m.a.RequestMappingHandlerMapping - Mapped "{[/seller/category/index],methods=[GET]}" onto public com.yuhao.sell.model.ProductCategory com.yuhao.sell.controller.SellerCategoryController.index(java.lang.Integer)
2018-04-10 16:02:34.715 [main]    INFO  o.s.w.s.m.m.a.RequestMappingHandlerMapping - Mapped "{[/seller/category/list],methods=[GET]}" onto public org.springframework.web.servlet.ModelAndView com.yuhao.sell.controller.SellerCategoryController.list(java.util.Map<java.lang.String, java.lang.Object>)
2018-04-10 16:02:34.716 [main]    INFO  o.s.w.s.m.m.a.RequestMappingHandlerMapping - Mapped "{[/seller/category/save],methods=[POST]}" onto public org.springframework.web.servlet.ModelAndView com.yuhao.sell.controller.SellerCategoryController.save(com.yuhao.sell.form.CategoryForm,org.springframework.validation.BindingResult,java.util.Map<java.lang.String, java.lang.Object>)
2018-04-10 16:02:34.723 [main]    INFO  o.s.w.s.m.m.a.RequestMappingHandlerMapping - Mapped "{[/seller/finance/month],methods=[GET]}" onto public org.springframework.web.servlet.ModelAndView com.yuhao.sell.controller.SellerfinanceController.month(java.lang.Integer,java.lang.Integer,java.util.Map<java.lang.String, java.lang.Object>)
2018-04-10 16:02:34.723 [main]    INFO  o.s.w.s.m.m.a.RequestMappingHandlerMapping - Mapped "{[/seller/finance/week],methods=[GET]}" onto public org.springframework.web.servlet.ModelAndView com.yuhao.sell.controller.SellerfinanceController.week(java.lang.Integer,java.lang.Integer,java.util.Map<java.lang.String, java.lang.Object>)
2018-04-10 16:02:34.724 [main]    INFO  o.s.w.s.m.m.a.RequestMappingHandlerMapping - Mapped "{[/seller/finance/day],methods=[GET]}" onto public org.springframework.web.servlet.ModelAndView com.yuhao.sell.controller.SellerfinanceController.day(java.lang.Integer,java.lang.Integer,java.util.Map<java.lang.String, java.lang.Object>)
2018-04-10 16:02:34.729 [main]    INFO  o.s.w.s.m.m.a.RequestMappingHandlerMapping - Mapped "{[/seller/order/list],methods=[GET]}" onto public org.springframework.web.servlet.ModelAndView com.yuhao.sell.controller.SellerOrderController.list(java.lang.Integer,java.lang.Integer,java.util.Map<java.lang.String, java.lang.Object>)
2018-04-10 16:02:34.730 [main]    INFO  o.s.w.s.m.m.a.RequestMappingHandlerMapping - Mapped "{[/seller/order/finish],methods=[GET]}" onto public org.springframework.web.servlet.ModelAndView com.yuhao.sell.controller.SellerOrderController.finished(java.lang.String,java.util.Map<java.lang.String, java.lang.Object>)
2018-04-10 16:02:34.731 [main]    INFO  o.s.w.s.m.m.a.RequestMappingHandlerMapping - Mapped "{[/seller/order/cancel],methods=[GET]}" onto public org.springframework.web.servlet.ModelAndView com.yuhao.sell.controller.SellerOrderController.cancel(java.lang.String,java.util.Map<java.lang.String, java.lang.Object>)
2018-04-10 16:02:34.732 [main]    INFO  o.s.w.s.m.m.a.RequestMappingHandlerMapping - Mapped "{[/seller/order/detail],methods=[GET]}" onto public com.yuhao.sell.dto.OrderDTO com.yuhao.sell.controller.SellerOrderController.detail(java.lang.String)
2018-04-10 16:02:34.733 [main]    INFO  o.s.w.s.m.m.a.RequestMappingHandlerMapping - Mapped "{[/seller/order/rlist],methods=[GET]}" onto public org.springframework.web.servlet.ModelAndView com.yuhao.sell.controller.SellerOrderController.rlist(java.lang.Integer,java.lang.Integer,java.util.Map<java.lang.String, java.lang.Object>)
2018-04-10 16:02:34.735 [main]    INFO  o.s.w.s.m.m.a.RequestMappingHandlerMapping - Mapped "{[/seller/order/sellerDetail],methods=[GET]}" onto public org.springframework.web.servlet.ModelAndView com.yuhao.sell.controller.SellerOrderController.sellerDetail(java.util.Map<java.lang.String, java.lang.Object>)
2018-04-10 16:02:34.742 [main]    INFO  o.s.w.s.m.m.a.RequestMappingHandlerMapping - Mapped "{[/seller/order/ulist],methods=[GET]}" onto public org.springframework.web.servlet.ModelAndView com.yuhao.sell.controller.SellerOrderController.ulist(java.lang.Integer,java.lang.Integer,java.util.Map<java.lang.String, java.lang.Object>)
2018-04-10 16:02:34.771 [main]    INFO  o.s.w.s.m.m.a.RequestMappingHandlerMapping - Mapped "{[/seller/product/index],methods=[GET]}" onto public org.springframework.web.servlet.ModelAndView com.yuhao.sell.controller.SellerProductController.index(java.lang.String,java.util.Map<java.lang.String, java.lang.Object>)
2018-04-10 16:02:34.772 [main]    INFO  o.s.w.s.m.m.a.RequestMappingHandlerMapping - Mapped "{[/seller/product/list],methods=[GET]}" onto public org.springframework.web.servlet.ModelAndView com.yuhao.sell.controller.SellerProductController.list(java.lang.Integer,java.lang.Integer,java.util.Map<java.lang.String, java.lang.Object>)
2018-04-10 16:02:34.780 [main]    INFO  o.s.w.s.m.m.a.RequestMappingHandlerMapping - Mapped "{[/seller/product/save],methods=[POST]}" onto public org.springframework.web.servlet.ModelAndView com.yuhao.sell.controller.SellerProductController.save(com.yuhao.sell.form.ProductForm,org.springframework.validation.BindingResult,java.util.Map<java.lang.String, java.lang.Object>,org.springframework.web.multipart.MultipartFile) throws java.io.IOException
2018-04-10 16:02:34.781 [main]    INFO  o.s.w.s.m.m.a.RequestMappingHandlerMapping - Mapped "{[/seller/product/on_sale]}" onto public org.springframework.web.servlet.ModelAndView com.yuhao.sell.controller.SellerProductController.onSale(java.lang.String,java.util.Map<java.lang.String, java.lang.Object>)
2018-04-10 16:02:34.782 [main]    INFO  o.s.w.s.m.m.a.RequestMappingHandlerMapping - Mapped "{[/seller/product/off_sale]}" onto public org.springframework.web.servlet.ModelAndView com.yuhao.sell.controller.SellerProductController.offSale(java.lang.String,java.util.Map<java.lang.String, java.lang.Object>)
2018-04-10 16:02:34.786 [main]    INFO  o.s.w.s.m.m.a.RequestMappingHandlerMapping - Mapped "{[/seller/onSellerRegister],methods=[GET]}" onto public org.springframework.web.servlet.ModelAndView com.yuhao.sell.controller.SellerUserController.register()
2018-04-10 16:02:34.787 [main]    INFO  o.s.w.s.m.m.a.RequestMappingHandlerMapping - Mapped "{[/seller/sellerLogin],methods=[POST]}" onto public org.springframework.web.servlet.ModelAndView com.yuhao.sell.controller.SellerUserController.adminLogin(java.lang.String,java.lang.String,javax.servlet.http.HttpServletResponse,java.util.Map<java.lang.String, java.lang.Object>)
2018-04-10 16:02:34.787 [main]    INFO  o.s.w.s.m.m.a.RequestMappingHandlerMapping - Mapped "{[/seller/onSellerLogin],methods=[GET]}" onto public org.springframework.web.servlet.ModelAndView com.yuhao.sell.controller.SellerUserController.onLogin()
2018-04-10 16:02:34.788 [main]    INFO  o.s.w.s.m.m.a.RequestMappingHandlerMapping - Mapped "{[/seller/logout],methods=[GET]}" onto public org.springframework.web.servlet.ModelAndView com.yuhao.sell.controller.SellerUserController.logout(javax.servlet.http.HttpServletRequest,javax.servlet.http.HttpServletResponse,java.util.Map<java.lang.String, java.lang.Object>)
2018-04-10 16:02:34.788 [main]    INFO  o.s.w.s.m.m.a.RequestMappingHandlerMapping - Mapped "{[/seller/login],methods=[GET]}" onto public org.springframework.web.servlet.ModelAndView com.yuhao.sell.controller.SellerUserController.login(java.lang.String,javax.servlet.http.HttpServletResponse,java.util.Map<java.lang.String, java.lang.Object>)
2018-04-10 16:02:34.789 [main]    INFO  o.s.w.s.m.m.a.RequestMappingHandlerMapping - Mapped "{[/seller/banner],methods=[GET]}" onto public org.springframework.web.servlet.ModelAndView com.yuhao.sell.controller.SellerUserController.banner()
2018-04-10 16:02:34.803 [main]    INFO  o.s.w.s.m.m.a.RequestMappingHandlerMapping - Mapped "{[/wechat/userInfo],methods=[GET]}" onto public java.lang.String com.yuhao.sell.controller.WeChatController.userInfo(java.lang.String,java.lang.String)
2018-04-10 16:02:34.805 [main]    INFO  o.s.w.s.m.m.a.RequestMappingHandlerMapping - Mapped "{[/wechat/authorize],methods=[GET]}" onto public java.lang.String com.yuhao.sell.controller.WeChatController.authorize(java.lang.String)
2018-04-10 16:02:34.805 [main]    INFO  o.s.w.s.m.m.a.RequestMappingHandlerMapping - Mapped "{[/wechat/qrAuthorize],methods=[GET]}" onto public java.lang.String com.yuhao.sell.controller.WeChatController.qrAuthorize(java.lang.String)
2018-04-10 16:02:34.805 [main]    INFO  o.s.w.s.m.m.a.RequestMappingHandlerMapping - Mapped "{[/wechat/qrUserInfo],methods=[GET]}" onto public java.lang.String com.yuhao.sell.controller.WeChatController.qrUserInfo(java.lang.String,java.lang.String)
2018-04-10 16:02:34.811 [main]    INFO  o.s.w.s.m.m.a.RequestMappingHandlerMapping - Mapped "{[/wx/auth],methods=[GET]}" onto public void com.yuhao.sell.controller.WxController.auth(java.lang.String)
2018-04-10 16:02:34.831 [main]    INFO  o.s.w.s.m.m.a.RequestMappingHandlerMapping - Mapped "{[/error]}" onto public org.springframework.http.ResponseEntity<java.util.Map<java.lang.String, java.lang.Object>> org.springframework.boot.autoconfigure.web.servlet.error.BasicErrorController.error(javax.servlet.http.HttpServletRequest)
2018-04-10 16:02:34.832 [main]    INFO  o.s.w.s.m.m.a.RequestMappingHandlerMapping - Mapped "{[/error],produces=[text/html]}" onto public org.springframework.web.servlet.ModelAndView org.springframework.boot.autoconfigure.web.servlet.error.BasicErrorController.errorHtml(javax.servlet.http.HttpServletRequest,javax.servlet.http.HttpServletResponse)
2018-04-10 16:02:35.126 [main]    INFO  o.s.w.s.h.SimpleUrlHandlerMapping - Mapped URL path [/webjars/**] onto handler of type [class org.springframework.web.servlet.resource.ResourceHttpRequestHandler]
2018-04-10 16:02:35.126 [main]    INFO  o.s.w.s.h.SimpleUrlHandlerMapping - Mapped URL path [/**] onto handler of type [class org.springframework.web.servlet.resource.ResourceHttpRequestHandler]
2018-04-10 16:02:35.255 [main]    INFO  o.s.w.s.m.m.a.ExceptionHandlerExceptionResolver - Detected @ExceptionHandler methods in sellExceptionHandler
2018-04-10 16:02:35.312 [main]    INFO  o.s.w.s.h.SimpleUrlHandlerMapping - Mapped URL path [/**/favicon.ico] onto handler of type [class org.springframework.web.servlet.resource.ResourceHttpRequestHandler]
2018-04-10 16:02:37.168 [main]    INFO  o.s.w.s.v.f.FreeMarkerConfigurer - ClassTemplateLoader for Spring macros added to FreeMarker configuration
2018-04-10 16:02:37.659 [main]    INFO  o.s.w.s.s.s.ServerEndpointExporter - Registering @ServerEndpoint class: class com.yuhao.sell.service.WebSocket
2018-04-10 16:02:37.683 [main]    INFO  o.s.j.e.a.AnnotationMBeanExporter - Registering beans for JMX exposure on startup
2018-04-10 16:02:37.685 [main]    INFO  o.s.j.e.a.AnnotationMBeanExporter - Bean with name 'dataSource' has been autodetected for JMX exposure
2018-04-10 16:02:37.697 [main]    INFO  o.s.j.e.a.AnnotationMBeanExporter - Located MBean 'dataSource': registering with JMX server as MBean [com.zaxxer.hikari:name=dataSource,type=HikariDataSource]
2018-04-10 16:02:37.724 [main]    INFO  o.a.coyote.http11.Http11NioProtocol - Starting ProtocolHandler ["http-nio-8080"]
2018-04-10 16:02:37.745 [main]    INFO  o.a.tomcat.util.net.NioSelectorPool - Using a shared selector for servlet write/read
2018-04-10 16:02:37.778 [main]    INFO  o.s.b.w.e.tomcat.TomcatWebServer - Tomcat started on port(s): 8080 (http) with context path '/sell'
2018-04-10 16:02:37.784 [main]    INFO  com.yuhao.sell.SellApplication - Started SellApplication in 24.2 seconds (JVM running for 34.398)
2018-04-10 16:02:57.515 [http-nio-8080-exec-1]    INFO  o.a.c.c.C.[.[localhost].[/sell] - Initializing Spring FrameworkServlet 'dispatcherServlet'
2018-04-10 16:02:57.516 [http-nio-8080-exec-1]    INFO  o.s.web.servlet.DispatcherServlet - FrameworkServlet 'dispatcherServlet': initialization started
2018-04-10 16:02:57.601 [http-nio-8080-exec-1]    INFO  o.s.web.servlet.DispatcherServlet - FrameworkServlet 'dispatcherServlet': initialization completed in 85 ms
2018-04-10 16:02:57.727 [http-nio-8080-exec-1]    WARN  c.y.s.aspect.SellerAuthorizeAspect - 【登录校验】Cookie中查不到token
2018-04-10 16:03:16.649 [http-nio-8080-exec-3]    INFO  o.h.h.i.QueryTranslatorFactoryInitiator - HHH000397: Using ASTQueryTranslatorFactory
2018-04-10 16:03:17.193 [http-nio-8080-exec-3]    INFO  io.lettuce.core.EpollProvider - Starting without optional epoll library
2018-04-10 16:03:17.197 [http-nio-8080-exec-3]    INFO  io.lettuce.core.KqueueProvider - Starting without optional kqueue library
2018-04-10 16:04:57.446 [http-nio-8080-exec-3]    INFO  c.y.sell.service.impl.PayServiceImpl - 【微信退款】request={
  "payTypeEnum": "WXPAY_H5",
  "orderId": "1523201564410247831",
  "orderAmount": 0.01
}
2018-04-10 17:06:24.410 [main]    INFO  com.yuhao.sell.SellApplication - Starting SellApplication on yuhao-pc with PID 3856 (D:\java\IdeaProjects\sell\target\classes started by yuhao in D:\java\IdeaProjects\sell)
2018-04-10 17:06:24.417 [main]    INFO  com.yuhao.sell.SellApplication - No active profile set, falling back to default profiles: default
2018-04-10 17:06:24.512 [main]    INFO  o.s.b.w.s.c.AnnotationConfigServletWebServerApplicationContext - Refreshing org.springframework.boot.web.servlet.context.AnnotationConfigServletWebServerApplicationContext@25748410: startup date [Tue Apr 10 17:06:24 CST 2018]; root of context hierarchy
2018-04-10 17:06:26.455 [main]    WARN  o.m.s.mapper.ClassPathMapperScanner - No MyBatis mapper was found in '[com.yuhao.sell]' package. Please check your configuration.
2018-04-10 17:06:26.605 [main]    INFO  o.s.d.r.c.RepositoryConfigurationDelegate - Multiple Spring Data modules found, entering strict repository configuration mode!
2018-04-10 17:06:26.906 [main]    INFO  o.s.d.r.c.RepositoryConfigurationDelegate - Multiple Spring Data modules found, entering strict repository configuration mode!
2018-04-10 17:06:26.947 [main]    INFO  o.s.d.r.c.RepositoryConfigurationExtensionSupport - Spring Data Redis - Could not safely identify store assignment for repository candidate interface com.yuhao.sell.dao.AdminDAO.
2018-04-10 17:06:26.950 [main]    INFO  o.s.d.r.c.RepositoryConfigurationExtensionSupport - Spring Data Redis - Could not safely identify store assignment for repository candidate interface com.yuhao.sell.dao.OrderDetailDAO.
2018-04-10 17:06:26.952 [main]    INFO  o.s.d.r.c.RepositoryConfigurationExtensionSupport - Spring Data Redis - Could not safely identify store assignment for repository candidate interface com.yuhao.sell.dao.OrderMasterDAO.
2018-04-10 17:06:26.952 [main]    INFO  o.s.d.r.c.RepositoryConfigurationExtensionSupport - Spring Data Redis - Could not safely identify store assignment for repository candidate interface com.yuhao.sell.dao.ProductCategoryDAO.
2018-04-10 17:06:26.953 [main]    INFO  o.s.d.r.c.RepositoryConfigurationExtensionSupport - Spring Data Redis - Could not safely identify store assignment for repository candidate interface com.yuhao.sell.dao.ProductInfoDAO.
2018-04-10 17:06:26.953 [main]    INFO  o.s.d.r.c.RepositoryConfigurationExtensionSupport - Spring Data Redis - Could not safely identify store assignment for repository candidate interface com.yuhao.sell.dao.SellerInfoDAO.
2018-04-10 17:06:27.440 [main]    INFO  o.s.b.f.a.AutowiredAnnotationBeanPostProcessor - JSR-330 'javax.inject.Inject' annotation found and supported for autowiring
2018-04-10 17:06:27.812 [main]    INFO  o.s.c.s.PostProcessorRegistrationDelegate$BeanPostProcessorChecker - Bean 'org.springframework.transaction.annotation.ProxyTransactionManagementConfiguration' of type [org.springframework.transaction.annotation.ProxyTransactionManagementConfiguration$$EnhancerBySpringCGLIB$$ef682d14] is not eligible for getting processed by all BeanPostProcessors (for example: not eligible for auto-proxying)
2018-04-10 17:06:28.735 [main]    INFO  o.s.b.w.e.tomcat.TomcatWebServer - Tomcat initialized with port(s): 8080 (http)
2018-04-10 17:06:28.769 [main]    INFO  o.a.coyote.http11.Http11NioProtocol - Initializing ProtocolHandler ["http-nio-8080"]
2018-04-10 17:06:28.804 [main]    INFO  o.a.catalina.core.StandardService - Starting service [Tomcat]
2018-04-10 17:06:28.805 [main]    INFO  o.a.catalina.core.StandardEngine - Starting Servlet Engine: Apache Tomcat/8.5.28
2018-04-10 17:06:28.812 [localhost-startStop-1]    INFO  o.a.c.core.AprLifecycleListener - The APR based Apache Tomcat Native library which allows optimal performance in production environments was not found on the java.library.path: [C:\Program Files\Java\jdk1.8.0_144\bin;C:\Windows\Sun\Java\bin;C:\Windows\system32;C:\Windows;D:\360\360桌面\360Desktop;C:\ProgramData\Oracle\Java\javapath;C:\Windows\system32;C:\Windows;C:\Windows\System32\Wbem;C:\Windows\System32\WindowsPowerShell\v1.0\;C:\Program Files (x86)\Windows Kits\8.1\Windows Performance Toolkit\;C:\Program Files\Microsoft SQL Server\110\Tools\Binn\；C:\Program Files\Java\jdk1.8.0_144\bin;D:\graphviz-2.38\release\bin;C:\Program Files\nodejs\;D:\Anaconda3;D:\Anaconda3\Library\mingw-w64\bin;D:\Anaconda3\Library\usr\bin;D:\Anaconda3\Library\bin;D:\Anaconda3\Scripts;C:\Users\yuhao\AppData\Local\Pandoc\;C:\Users\yuhao\AppData\Roaming\npm;.]
2018-04-10 17:06:29.249 [localhost-startStop-1]    INFO  o.a.c.c.C.[.[localhost].[/sell] - Initializing Spring embedded WebApplicationContext
2018-04-10 17:06:29.250 [localhost-startStop-1]    INFO  o.s.web.context.ContextLoader - Root WebApplicationContext: initialization completed in 4738 ms
2018-04-10 17:06:29.592 [localhost-startStop-1]    INFO  o.s.b.w.s.ServletRegistrationBean - Servlet dispatcherServlet mapped to [/]
2018-04-10 17:06:29.600 [localhost-startStop-1]    INFO  o.s.b.w.s.FilterRegistrationBean - Mapping filter: 'characterEncodingFilter' to: [/*]
2018-04-10 17:06:29.601 [localhost-startStop-1]    INFO  o.s.b.w.s.FilterRegistrationBean - Mapping filter: 'hiddenHttpMethodFilter' to: [/*]
2018-04-10 17:06:29.601 [localhost-startStop-1]    INFO  o.s.b.w.s.FilterRegistrationBean - Mapping filter: 'httpPutFormContentFilter' to: [/*]
2018-04-10 17:06:29.601 [localhost-startStop-1]    INFO  o.s.b.w.s.FilterRegistrationBean - Mapping filter: 'requestContextFilter' to: [/*]
2018-04-10 17:06:29.878 [main]    INFO  com.zaxxer.hikari.HikariDataSource - HikariPool-1 - Starting...
2018-04-10 17:06:30.109 [main]    INFO  com.zaxxer.hikari.HikariDataSource - HikariPool-1 - Start completed.
2018-04-10 17:06:30.197 [main]    INFO  o.s.o.j.LocalContainerEntityManagerFactoryBean - Building JPA container EntityManagerFactory for persistence unit 'default'
2018-04-10 17:06:30.222 [main]    INFO  o.h.jpa.internal.util.LogHelper - HHH000204: Processing PersistenceUnitInfo [
	name: default
	...]
2018-04-10 17:06:30.429 [main]    INFO  org.hibernate.Version - HHH000412: Hibernate Core {5.2.14.Final}
2018-04-10 17:06:30.432 [main]    INFO  org.hibernate.cfg.Environment - HHH000206: hibernate.properties not found
2018-04-10 17:06:30.524 [main]    INFO  o.h.annotations.common.Version - HCANN000001: Hibernate Commons Annotations {5.0.1.Final}
2018-04-10 17:06:30.798 [main]    INFO  org.hibernate.dialect.Dialect - HHH000400: Using dialect: org.hibernate.dialect.MySQL5Dialect
2018-04-10 17:06:31.737 [main]    INFO  o.s.o.j.LocalContainerEntityManagerFactoryBean - Initialized JPA EntityManagerFactory for persistence unit 'default'
2018-04-10 17:06:35.000 [main]    INFO  o.s.w.s.m.m.a.RequestMappingHandlerAdapter - Looking for @ControllerAdvice: org.springframework.boot.web.servlet.context.AnnotationConfigServletWebServerApplicationContext@25748410: startup date [Tue Apr 10 17:06:24 CST 2018]; root of context hierarchy
2018-04-10 17:06:35.071 [main]    WARN  o.s.b.a.o.j.JpaBaseConfiguration$JpaWebConfiguration$JpaWebMvcConfiguration - spring.jpa.open-in-view is enabled by default. Therefore, database queries may be performed during view rendering. Explicitly configure spring.jpa.open-in-view to disable this warning
2018-04-10 17:06:35.131 [main]    INFO  o.s.w.s.m.m.a.RequestMappingHandlerMapping - Mapped "{[/admin/list],methods=[GET]}" onto public org.springframework.web.servlet.ModelAndView com.yuhao.sell.controller.AdminController.list(java.lang.Integer,java.lang.Integer,java.util.Map<java.lang.String, java.lang.Object>)
2018-04-10 17:06:35.133 [main]    INFO  o.s.w.s.m.m.a.RequestMappingHandlerMapping - Mapped "{[/admin/detail],methods=[GET]}" onto public org.springframework.web.servlet.ModelAndView com.yuhao.sell.controller.AdminController.detail(java.lang.String,java.util.Map<java.lang.String, java.lang.Object>)
2018-04-10 17:06:35.134 [main]    INFO  o.s.w.s.m.m.a.RequestMappingHandlerMapping - Mapped "{[/admin/examineOk],methods=[GET]}" onto public org.springframework.web.servlet.ModelAndView com.yuhao.sell.controller.AdminController.examineOk(java.lang.String,java.util.Map<java.lang.String, java.lang.Object>)
2018-04-10 17:06:35.135 [main]    INFO  o.s.w.s.m.m.a.RequestMappingHandlerMapping - Mapped "{[/admin/sellerRegister],methods=[POST]}" onto public org.springframework.web.servlet.ModelAndView com.yuhao.sell.controller.AdminController.sellerRegister(com.yuhao.sell.model.SellerInfo,org.springframework.validation.BindingResult,java.util.Map<java.lang.String, java.lang.Object>)
2018-04-10 17:06:35.136 [main]    INFO  o.s.w.s.m.m.a.RequestMappingHandlerMapping - Mapped "{[/admin/examineNot],methods=[GET]}" onto public org.springframework.web.servlet.ModelAndView com.yuhao.sell.controller.AdminController.examineNot(java.lang.String,java.util.Map<java.lang.String, java.lang.Object>)
2018-04-10 17:06:35.136 [main]    INFO  o.s.w.s.m.m.a.RequestMappingHandlerMapping - Mapped "{[/admin/rlist],methods=[GET]}" onto public org.springframework.web.servlet.ModelAndView com.yuhao.sell.controller.AdminController.rlist(java.lang.Integer,java.lang.Integer,java.util.Map<java.lang.String, java.lang.Object>)
2018-04-10 17:06:35.139 [main]    INFO  o.s.w.s.m.m.a.RequestMappingHandlerMapping - Mapped "{[/admin/AdminLogin],methods=[POST]}" onto public org.springframework.web.servlet.ModelAndView com.yuhao.sell.controller.BaseController.adminLogin(java.lang.String,java.lang.String,javax.servlet.http.HttpServletResponse,java.util.Map<java.lang.String, java.lang.Object>)
2018-04-10 17:06:35.139 [main]    INFO  o.s.w.s.m.m.a.RequestMappingHandlerMapping - Mapped "{[/admin/logout],methods=[GET]}" onto public org.springframework.web.servlet.ModelAndView com.yuhao.sell.controller.BaseController.logout(javax.servlet.http.HttpServletRequest,javax.servlet.http.HttpServletResponse,java.util.Map<java.lang.String, java.lang.Object>)
2018-04-10 17:06:35.140 [main]    INFO  o.s.w.s.m.m.a.RequestMappingHandlerMapping - Mapped "{[/admin/onAdminLogin],methods=[GET]}" onto public org.springframework.web.servlet.ModelAndView com.yuhao.sell.controller.BaseController.onLogin()
2018-04-10 17:06:35.142 [main]    INFO  o.s.w.s.m.m.a.RequestMappingHandlerMapping - Mapped "{[/buyer/order/create],methods=[POST]}" onto public com.yuhao.sell.VO.ResultVO<java.util.Map<java.lang.String, java.lang.String>> com.yuhao.sell.controller.BuyerOrderController.create(com.yuhao.sell.form.OrderForm,org.springframework.validation.BindingResult)
2018-04-10 17:06:35.143 [main]    INFO  o.s.w.s.m.m.a.RequestMappingHandlerMapping - Mapped "{[/buyer/order/list],methods=[GET]}" onto public com.yuhao.sell.VO.ResultVO<java.util.List<com.yuhao.sell.dto.OrderDTO>> com.yuhao.sell.controller.BuyerOrderController.list(java.lang.String,java.lang.Integer,java.lang.Integer,java.lang.String)
2018-04-10 17:06:35.144 [main]    INFO  o.s.w.s.m.m.a.RequestMappingHandlerMapping - Mapped "{[/buyer/order/cancel],methods=[POST]}" onto public com.yuhao.sell.VO.ResultVO com.yuhao.sell.controller.BuyerOrderController.cancel(java.lang.String,java.lang.String)
2018-04-10 17:06:35.144 [main]    INFO  o.s.w.s.m.m.a.RequestMappingHandlerMapping - Mapped "{[/buyer/order/detail],methods=[GET]}" onto public com.yuhao.sell.VO.ResultVO<com.yuhao.sell.dto.OrderDTO> com.yuhao.sell.controller.BuyerOrderController.detail(java.lang.String,java.lang.String)
2018-04-10 17:06:35.146 [main]    INFO  o.s.w.s.m.m.a.RequestMappingHandlerMapping - Mapped "{[/buyer/product/list],methods=[GET]}" onto public com.yuhao.sell.VO.ResultVO com.yuhao.sell.controller.BuyerProductController.list(java.lang.String)
2018-04-10 17:06:35.147 [main]    INFO  o.s.w.s.m.m.a.RequestMappingHandlerMapping - Mapped "{[/pay/notify],methods=[POST]}" onto public org.springframework.web.servlet.ModelAndView com.yuhao.sell.controller.PayController.notify(java.lang.String)
2018-04-10 17:06:35.150 [main]    INFO  o.s.w.s.m.m.a.RequestMappingHandlerMapping - Mapped "{[/pay/create],methods=[GET]}" onto public org.springframework.web.servlet.ModelAndView com.yuhao.sell.controller.PayController.create(java.lang.String,java.lang.String,java.util.Map<java.lang.String, java.lang.Object>)
2018-04-10 17:06:35.152 [main]    INFO  o.s.w.s.m.m.a.RequestMappingHandlerMapping - Mapped "{[/seller/category/index],methods=[GET]}" onto public com.yuhao.sell.model.ProductCategory com.yuhao.sell.controller.SellerCategoryController.index(java.lang.Integer)
2018-04-10 17:06:35.153 [main]    INFO  o.s.w.s.m.m.a.RequestMappingHandlerMapping - Mapped "{[/seller/category/list],methods=[GET]}" onto public org.springframework.web.servlet.ModelAndView com.yuhao.sell.controller.SellerCategoryController.list(java.util.Map<java.lang.String, java.lang.Object>)
2018-04-10 17:06:35.153 [main]    INFO  o.s.w.s.m.m.a.RequestMappingHandlerMapping - Mapped "{[/seller/category/save],methods=[POST]}" onto public org.springframework.web.servlet.ModelAndView com.yuhao.sell.controller.SellerCategoryController.save(com.yuhao.sell.form.CategoryForm,org.springframework.validation.BindingResult,java.util.Map<java.lang.String, java.lang.Object>)
2018-04-10 17:06:35.160 [main]    INFO  o.s.w.s.m.m.a.RequestMappingHandlerMapping - Mapped "{[/seller/finance/month],methods=[GET]}" onto public org.springframework.web.servlet.ModelAndView com.yuhao.sell.controller.SellerfinanceController.month(java.lang.Integer,java.lang.Integer,java.util.Map<java.lang.String, java.lang.Object>)
2018-04-10 17:06:35.161 [main]    INFO  o.s.w.s.m.m.a.RequestMappingHandlerMapping - Mapped "{[/seller/finance/day],methods=[GET]}" onto public org.springframework.web.servlet.ModelAndView com.yuhao.sell.controller.SellerfinanceController.day(java.lang.Integer,java.lang.Integer,java.util.Map<java.lang.String, java.lang.Object>)
2018-04-10 17:06:35.161 [main]    INFO  o.s.w.s.m.m.a.RequestMappingHandlerMapping - Mapped "{[/seller/finance/week],methods=[GET]}" onto public org.springframework.web.servlet.ModelAndView com.yuhao.sell.controller.SellerfinanceController.week(java.lang.Integer,java.lang.Integer,java.util.Map<java.lang.String, java.lang.Object>)
2018-04-10 17:06:35.165 [main]    INFO  o.s.w.s.m.m.a.RequestMappingHandlerMapping - Mapped "{[/seller/order/list],methods=[GET]}" onto public org.springframework.web.servlet.ModelAndView com.yuhao.sell.controller.SellerOrderController.list(java.lang.Integer,java.lang.Integer,java.util.Map<java.lang.String, java.lang.Object>)
2018-04-10 17:06:35.165 [main]    INFO  o.s.w.s.m.m.a.RequestMappingHandlerMapping - Mapped "{[/seller/order/finish],methods=[GET]}" onto public org.springframework.web.servlet.ModelAndView com.yuhao.sell.controller.SellerOrderController.finished(java.lang.String,java.util.Map<java.lang.String, java.lang.Object>)
2018-04-10 17:06:35.166 [main]    INFO  o.s.w.s.m.m.a.RequestMappingHandlerMapping - Mapped "{[/seller/order/cancel],methods=[GET]}" onto public org.springframework.web.servlet.ModelAndView com.yuhao.sell.controller.SellerOrderController.cancel(java.lang.String,java.util.Map<java.lang.String, java.lang.Object>)
2018-04-10 17:06:35.166 [main]    INFO  o.s.w.s.m.m.a.RequestMappingHandlerMapping - Mapped "{[/seller/order/detail],methods=[GET]}" onto public com.yuhao.sell.dto.OrderDTO com.yuhao.sell.controller.SellerOrderController.detail(java.lang.String)
2018-04-10 17:06:35.167 [main]    INFO  o.s.w.s.m.m.a.RequestMappingHandlerMapping - Mapped "{[/seller/order/rlist],methods=[GET]}" onto public org.springframework.web.servlet.ModelAndView com.yuhao.sell.controller.SellerOrderController.rlist(java.lang.Integer,java.lang.Integer,java.util.Map<java.lang.String, java.lang.Object>)
2018-04-10 17:06:35.170 [main]    INFO  o.s.w.s.m.m.a.RequestMappingHandlerMapping - Mapped "{[/seller/order/ulist],methods=[GET]}" onto public org.springframework.web.servlet.ModelAndView com.yuhao.sell.controller.SellerOrderController.ulist(java.lang.Integer,java.lang.Integer,java.util.Map<java.lang.String, java.lang.Object>)
2018-04-10 17:06:35.171 [main]    INFO  o.s.w.s.m.m.a.RequestMappingHandlerMapping - Mapped "{[/seller/order/sellerDetail],methods=[GET]}" onto public org.springframework.web.servlet.ModelAndView com.yuhao.sell.controller.SellerOrderController.sellerDetail(java.util.Map<java.lang.String, java.lang.Object>)
2018-04-10 17:06:35.173 [main]    INFO  o.s.w.s.m.m.a.RequestMappingHandlerMapping - Mapped "{[/seller/product/index],methods=[GET]}" onto public org.springframework.web.servlet.ModelAndView com.yuhao.sell.controller.SellerProductController.index(java.lang.String,java.util.Map<java.lang.String, java.lang.Object>)
2018-04-10 17:06:35.173 [main]    INFO  o.s.w.s.m.m.a.RequestMappingHandlerMapping - Mapped "{[/seller/product/list],methods=[GET]}" onto public org.springframework.web.servlet.ModelAndView com.yuhao.sell.controller.SellerProductController.list(java.lang.Integer,java.lang.Integer,java.util.Map<java.lang.String, java.lang.Object>)
2018-04-10 17:06:35.174 [main]    INFO  o.s.w.s.m.m.a.RequestMappingHandlerMapping - Mapped "{[/seller/product/save],methods=[POST]}" onto public org.springframework.web.servlet.ModelAndView com.yuhao.sell.controller.SellerProductController.save(com.yuhao.sell.form.ProductForm,org.springframework.validation.BindingResult,java.util.Map<java.lang.String, java.lang.Object>,org.springframework.web.multipart.MultipartFile) throws java.io.IOException
2018-04-10 17:06:35.174 [main]    INFO  o.s.w.s.m.m.a.RequestMappingHandlerMapping - Mapped "{[/seller/product/on_sale]}" onto public org.springframework.web.servlet.ModelAndView com.yuhao.sell.controller.SellerProductController.onSale(java.lang.String,java.util.Map<java.lang.String, java.lang.Object>)
2018-04-10 17:06:35.175 [main]    INFO  o.s.w.s.m.m.a.RequestMappingHandlerMapping - Mapped "{[/seller/product/off_sale]}" onto public org.springframework.web.servlet.ModelAndView com.yuhao.sell.controller.SellerProductController.offSale(java.lang.String,java.util.Map<java.lang.String, java.lang.Object>)
2018-04-10 17:06:35.177 [main]    INFO  o.s.w.s.m.m.a.RequestMappingHandlerMapping - Mapped "{[/seller/onSellerRegister],methods=[GET]}" onto public org.springframework.web.servlet.ModelAndView com.yuhao.sell.controller.SellerUserController.register()
2018-04-10 17:06:35.177 [main]    INFO  o.s.w.s.m.m.a.RequestMappingHandlerMapping - Mapped "{[/seller/banner],methods=[GET]}" onto public org.springframework.web.servlet.ModelAndView com.yuhao.sell.controller.SellerUserController.banner()
2018-04-10 17:06:35.177 [main]    INFO  o.s.w.s.m.m.a.RequestMappingHandlerMapping - Mapped "{[/seller/sellerLogin],methods=[POST]}" onto public org.springframework.web.servlet.ModelAndView com.yuhao.sell.controller.SellerUserController.adminLogin(java.lang.String,java.lang.String,javax.servlet.http.HttpServletResponse,java.util.Map<java.lang.String, java.lang.Object>)
2018-04-10 17:06:35.178 [main]    INFO  o.s.w.s.m.m.a.RequestMappingHandlerMapping - Mapped "{[/seller/logout],methods=[GET]}" onto public org.springframework.web.servlet.ModelAndView com.yuhao.sell.controller.SellerUserController.logout(javax.servlet.http.HttpServletRequest,javax.servlet.http.HttpServletResponse,java.util.Map<java.lang.String, java.lang.Object>)
2018-04-10 17:06:35.178 [main]    INFO  o.s.w.s.m.m.a.RequestMappingHandlerMapping - Mapped "{[/seller/onSellerLogin],methods=[GET]}" onto public org.springframework.web.servlet.ModelAndView com.yuhao.sell.controller.SellerUserController.onLogin()
2018-04-10 17:06:35.178 [main]    INFO  o.s.w.s.m.m.a.RequestMappingHandlerMapping - Mapped "{[/seller/login],methods=[GET]}" onto public org.springframework.web.servlet.ModelAndView com.yuhao.sell.controller.SellerUserController.login(java.lang.String,javax.servlet.http.HttpServletResponse,java.util.Map<java.lang.String, java.lang.Object>)
2018-04-10 17:06:35.181 [main]    INFO  o.s.w.s.m.m.a.RequestMappingHandlerMapping - Mapped "{[/wechat/userInfo],methods=[GET]}" onto public java.lang.String com.yuhao.sell.controller.WeChatController.userInfo(java.lang.String,java.lang.String)
2018-04-10 17:06:35.182 [main]    INFO  o.s.w.s.m.m.a.RequestMappingHandlerMapping - Mapped "{[/wechat/qrAuthorize],methods=[GET]}" onto public java.lang.String com.yuhao.sell.controller.WeChatController.qrAuthorize(java.lang.String)
2018-04-10 17:06:35.182 [main]    INFO  o.s.w.s.m.m.a.RequestMappingHandlerMapping - Mapped "{[/wechat/qrUserInfo],methods=[GET]}" onto public java.lang.String com.yuhao.sell.controller.WeChatController.qrUserInfo(java.lang.String,java.lang.String)
2018-04-10 17:06:35.183 [main]    INFO  o.s.w.s.m.m.a.RequestMappingHandlerMapping - Mapped "{[/wechat/authorize],methods=[GET]}" onto public java.lang.String com.yuhao.sell.controller.WeChatController.authorize(java.lang.String)
2018-04-10 17:06:35.184 [main]    INFO  o.s.w.s.m.m.a.RequestMappingHandlerMapping - Mapped "{[/wx/auth],methods=[GET]}" onto public void com.yuhao.sell.controller.WxController.auth(java.lang.String)
2018-04-10 17:06:35.189 [main]    INFO  o.s.w.s.m.m.a.RequestMappingHandlerMapping - Mapped "{[/error]}" onto public org.springframework.http.ResponseEntity<java.util.Map<java.lang.String, java.lang.Object>> org.springframework.boot.autoconfigure.web.servlet.error.BasicErrorController.error(javax.servlet.http.HttpServletRequest)
2018-04-10 17:06:35.190 [main]    INFO  o.s.w.s.m.m.a.RequestMappingHandlerMapping - Mapped "{[/error],produces=[text/html]}" onto public org.springframework.web.servlet.ModelAndView org.springframework.boot.autoconfigure.web.servlet.error.BasicErrorController.errorHtml(javax.servlet.http.HttpServletRequest,javax.servlet.http.HttpServletResponse)
2018-04-10 17:06:35.333 [main]    INFO  o.s.w.s.h.SimpleUrlHandlerMapping - Mapped URL path [/webjars/**] onto handler of type [class org.springframework.web.servlet.resource.ResourceHttpRequestHandler]
2018-04-10 17:06:35.334 [main]    INFO  o.s.w.s.h.SimpleUrlHandlerMapping - Mapped URL path [/**] onto handler of type [class org.springframework.web.servlet.resource.ResourceHttpRequestHandler]
2018-04-10 17:06:35.371 [main]    INFO  o.s.w.s.m.m.a.ExceptionHandlerExceptionResolver - Detected @ExceptionHandler methods in sellExceptionHandler
2018-04-10 17:06:35.432 [main]    INFO  o.s.w.s.h.SimpleUrlHandlerMapping - Mapped URL path [/**/favicon.ico] onto handler of type [class org.springframework.web.servlet.resource.ResourceHttpRequestHandler]
2018-04-10 17:06:36.735 [main]    INFO  o.s.w.s.v.f.FreeMarkerConfigurer - ClassTemplateLoader for Spring macros added to FreeMarker configuration
2018-04-10 17:06:37.198 [main]    INFO  o.s.w.s.s.s.ServerEndpointExporter - Registering @ServerEndpoint class: class com.yuhao.sell.service.WebSocket
2018-04-10 17:06:37.211 [main]    INFO  o.s.j.e.a.AnnotationMBeanExporter - Registering beans for JMX exposure on startup
2018-04-10 17:06:37.214 [main]    INFO  o.s.j.e.a.AnnotationMBeanExporter - Bean with name 'dataSource' has been autodetected for JMX exposure
2018-04-10 17:06:37.226 [main]    INFO  o.s.j.e.a.AnnotationMBeanExporter - Located MBean 'dataSource': registering with JMX server as MBean [com.zaxxer.hikari:name=dataSource,type=HikariDataSource]
2018-04-10 17:06:37.245 [main]    INFO  o.a.coyote.http11.Http11NioProtocol - Starting ProtocolHandler ["http-nio-8080"]
2018-04-10 17:06:37.265 [main]    INFO  o.a.tomcat.util.net.NioSelectorPool - Using a shared selector for servlet write/read
2018-04-10 17:06:37.296 [main]    INFO  o.s.b.w.e.tomcat.TomcatWebServer - Tomcat started on port(s): 8080 (http) with context path '/sell'
2018-04-10 17:06:37.302 [main]    INFO  com.yuhao.sell.SellApplication - Started SellApplication in 14.989 seconds (JVM running for 19.009)
2018-04-10 17:07:04.896 [http-nio-8080-exec-3]    INFO  o.a.c.c.C.[.[localhost].[/sell] - Initializing Spring FrameworkServlet 'dispatcherServlet'
2018-04-10 17:07:04.896 [http-nio-8080-exec-3]    INFO  o.s.web.servlet.DispatcherServlet - FrameworkServlet 'dispatcherServlet': initialization started
2018-04-10 17:07:04.934 [http-nio-8080-exec-3]    INFO  o.s.web.servlet.DispatcherServlet - FrameworkServlet 'dispatcherServlet': initialization completed in 38 ms
2018-04-10 17:07:14.427 [http-nio-8080-exec-3]    WARN  o.s.web.servlet.PageNotFound - Request method 'POST' not supported
2018-04-10 17:07:42.809 [http-nio-8080-exec-4]    WARN  o.s.web.servlet.PageNotFound - Request method 'POST' not supported
2018-04-10 17:08:57.283 [http-nio-8080-exec-7]    WARN  o.s.web.servlet.PageNotFound - Request method 'POST' not supported
2018-04-10 17:09:49.132 [http-nio-8080-exec-7]    WARN  o.s.web.servlet.PageNotFound - Request method 'POST' not supported
