2018-04-21 10:41:00.995 [main]    INFO  com.yuhao.sell.SellApplication - Starting SellApplication on yuhao-pc with PID 3260 (D:\java\IdeaProjects\sell\target\classes started by yuhao in D:\java\IdeaProjects\sell)
2018-04-21 10:41:01.027 [main]    INFO  com.yuhao.sell.SellApplication - No active profile set, falling back to default profiles: default
2018-04-21 10:41:01.370 [main]    INFO  o.s.b.w.s.c.AnnotationConfigServletWebServerApplicationContext - Refreshing org.springframework.boot.web.servlet.context.AnnotationConfigServletWebServerApplicationContext@5827af16: startup date [Sat Apr 21 10:41:01 CST 2018]; root of context hierarchy
2018-04-21 10:41:06.652 [main]    WARN  o.m.s.mapper.ClassPathMapperScanner - No MyBatis mapper was found in '[com.yuhao.sell]' package. Please check your configuration.
2018-04-21 10:41:06.808 [main]    INFO  o.s.d.r.c.RepositoryConfigurationDelegate - Multiple Spring Data modules found, entering strict repository configuration mode!
2018-04-21 10:41:07.089 [main]    INFO  o.s.d.r.c.RepositoryConfigurationDelegate - Multiple Spring Data modules found, entering strict repository configuration mode!
2018-04-21 10:41:07.167 [main]    INFO  o.s.d.r.c.RepositoryConfigurationExtensionSupport - Spring Data Redis - Could not safely identify store assignment for repository candidate interface com.yuhao.sell.dao.AdminDAO.
2018-04-21 10:41:07.167 [main]    INFO  o.s.d.r.c.RepositoryConfigurationExtensionSupport - Spring Data Redis - Could not safely identify store assignment for repository candidate interface com.yuhao.sell.dao.OrderDetailDAO.
2018-04-21 10:41:07.167 [main]    INFO  o.s.d.r.c.RepositoryConfigurationExtensionSupport - Spring Data Redis - Could not safely identify store assignment for repository candidate interface com.yuhao.sell.dao.OrderMasterDAO.
2018-04-21 10:41:07.167 [main]    INFO  o.s.d.r.c.RepositoryConfigurationExtensionSupport - Spring Data Redis - Could not safely identify store assignment for repository candidate interface com.yuhao.sell.dao.ProductCategoryDAO.
2018-04-21 10:41:07.167 [main]    INFO  o.s.d.r.c.RepositoryConfigurationExtensionSupport - Spring Data Redis - Could not safely identify store assignment for repository candidate interface com.yuhao.sell.dao.ProductInfoDAO.
2018-04-21 10:41:07.167 [main]    INFO  o.s.d.r.c.RepositoryConfigurationExtensionSupport - Spring Data Redis - Could not safely identify store assignment for repository candidate interface com.yuhao.sell.dao.SellerInfoDAO.
2018-04-21 10:41:08.167 [main]    INFO  o.s.b.f.a.AutowiredAnnotationBeanPostProcessor - JSR-330 'javax.inject.Inject' annotation found and supported for autowiring
2018-04-21 10:41:08.558 [main]    INFO  o.s.c.s.PostProcessorRegistrationDelegate$BeanPostProcessorChecker - Bean 'org.springframework.transaction.annotation.ProxyTransactionManagementConfiguration' of type [org.springframework.transaction.annotation.ProxyTransactionManagementConfiguration$$EnhancerBySpringCGLIB$$c69b44db] is not eligible for getting processed by all BeanPostProcessors (for example: not eligible for auto-proxying)
2018-04-21 10:41:10.136 [main]    INFO  o.s.b.w.e.tomcat.TomcatWebServer - Tomcat initialized with port(s): 8080 (http)
2018-04-21 10:41:10.371 [main]    INFO  o.a.coyote.http11.Http11NioProtocol - Initializing ProtocolHandler ["http-nio-8080"]
2018-04-21 10:41:10.480 [main]    INFO  o.a.catalina.core.StandardService - Starting service [Tomcat]
2018-04-21 10:41:10.480 [main]    INFO  o.a.catalina.core.StandardEngine - Starting Servlet Engine: Apache Tomcat/8.5.28
2018-04-21 10:41:10.543 [localhost-startStop-1]    INFO  o.a.c.core.AprLifecycleListener - The APR based Apache Tomcat Native library which allows optimal performance in production environments was not found on the java.library.path: [C:\Program Files\Java\jdk1.8.0_144\bin;C:\Windows\Sun\Java\bin;C:\Windows\system32;C:\Windows;D:\360\360桌面\360Desktop;C:\ProgramData\Oracle\Java\javapath;C:\Windows\system32;C:\Windows;C:\Windows\System32\Wbem;C:\Windows\System32\WindowsPowerShell\v1.0\;C:\Program Files (x86)\Windows Kits\8.1\Windows Performance Toolkit\;C:\Program Files\Microsoft SQL Server\110\Tools\Binn\；C:\Program Files\Java\jdk1.8.0_144\bin;D:\graphviz-2.38\release\bin;C:\Program Files\nodejs\;D:\Anaconda3;D:\Anaconda3\Library\mingw-w64\bin;D:\Anaconda3\Library\usr\bin;D:\Anaconda3\Library\bin;D:\Anaconda3\Scripts;C:\Users\yuhao\AppData\Local\Pandoc\;C:\Users\yuhao\AppData\Roaming\npm;.]
2018-04-21 10:41:11.214 [localhost-startStop-1]    INFO  o.a.c.c.C.[.[localhost].[/sell] - Initializing Spring embedded WebApplicationContext
2018-04-21 10:41:11.214 [localhost-startStop-1]    INFO  o.s.web.context.ContextLoader - Root WebApplicationContext: initialization completed in 9844 ms
2018-04-21 10:41:11.589 [localhost-startStop-1]    INFO  o.s.b.w.s.ServletRegistrationBean - Servlet dispatcherServlet mapped to [/]
2018-04-21 10:41:11.589 [localhost-startStop-1]    INFO  o.s.b.w.s.FilterRegistrationBean - Mapping filter: 'characterEncodingFilter' to: [/*]
2018-04-21 10:41:11.589 [localhost-startStop-1]    INFO  o.s.b.w.s.FilterRegistrationBean - Mapping filter: 'hiddenHttpMethodFilter' to: [/*]
2018-04-21 10:41:11.589 [localhost-startStop-1]    INFO  o.s.b.w.s.FilterRegistrationBean - Mapping filter: 'httpPutFormContentFilter' to: [/*]
2018-04-21 10:41:11.589 [localhost-startStop-1]    INFO  o.s.b.w.s.FilterRegistrationBean - Mapping filter: 'requestContextFilter' to: [/*]
2018-04-21 10:41:12.543 [main]    INFO  com.zaxxer.hikari.HikariDataSource - HikariPool-1 - Starting...
2018-04-21 10:41:13.699 [main]    INFO  com.zaxxer.hikari.HikariDataSource - HikariPool-1 - Start completed.
2018-04-21 10:41:13.980 [main]    INFO  o.s.o.j.LocalContainerEntityManagerFactoryBean - Building JPA container EntityManagerFactory for persistence unit 'default'
2018-04-21 10:41:13.996 [main]    INFO  o.h.jpa.internal.util.LogHelper - HHH000204: Processing PersistenceUnitInfo [
	name: default
	...]
2018-04-21 10:41:14.340 [main]    INFO  org.hibernate.Version - HHH000412: Hibernate Core {5.2.14.Final}
2018-04-21 10:41:14.340 [main]    INFO  org.hibernate.cfg.Environment - HHH000206: hibernate.properties not found
2018-04-21 10:41:14.527 [main]    INFO  o.h.annotations.common.Version - HCANN000001: Hibernate Commons Annotations {5.0.1.Final}
2018-04-21 10:41:14.996 [main]    INFO  org.hibernate.dialect.Dialect - HHH000400: Using dialect: org.hibernate.dialect.MySQL5Dialect
2018-04-21 10:41:16.371 [main]    INFO  o.s.o.j.LocalContainerEntityManagerFactoryBean - Initialized JPA EntityManagerFactory for persistence unit 'default'
2018-04-21 10:41:20.527 [main]    INFO  o.s.w.s.m.m.a.RequestMappingHandlerAdapter - Looking for @ControllerAdvice: org.springframework.boot.web.servlet.context.AnnotationConfigServletWebServerApplicationContext@5827af16: startup date [Sat Apr 21 10:41:01 CST 2018]; root of context hierarchy
2018-04-21 10:41:20.590 [main]    WARN  o.s.b.a.o.j.JpaBaseConfiguration$JpaWebConfiguration$JpaWebMvcConfiguration - spring.jpa.open-in-view is enabled by default. Therefore, database queries may be performed during view rendering. Explicitly configure spring.jpa.open-in-view to disable this warning
2018-04-21 10:41:20.699 [main]    INFO  o.s.w.s.m.m.a.RequestMappingHandlerMapping - Mapped "{[/admin/list],methods=[GET]}" onto public org.springframework.web.servlet.ModelAndView com.yuhao.sell.controller.AdminController.list(java.lang.Integer,java.lang.Integer,java.util.Map<java.lang.String, java.lang.Object>)
2018-04-21 10:41:20.699 [main]    INFO  o.s.w.s.m.m.a.RequestMappingHandlerMapping - Mapped "{[/admin/visit],methods=[GET]}" onto public org.springframework.web.servlet.ModelAndView com.yuhao.sell.controller.AdminController.visit(java.lang.Integer,java.lang.Integer,java.lang.Integer,java.util.Map<java.lang.String, java.lang.Object>)
2018-04-21 10:41:20.699 [main]    INFO  o.s.w.s.m.m.a.RequestMappingHandlerMapping - Mapped "{[/admin/detail],methods=[GET]}" onto public org.springframework.web.servlet.ModelAndView com.yuhao.sell.controller.AdminController.detail(java.lang.String,java.util.Map<java.lang.String, java.lang.Object>)
2018-04-21 10:41:20.699 [main]    INFO  o.s.w.s.m.m.a.RequestMappingHandlerMapping - Mapped "{[/admin/use],methods=[POST]}" onto public org.springframework.web.servlet.ModelAndView com.yuhao.sell.controller.AdminController.use(java.lang.String,java.lang.Integer,java.util.Map<java.lang.String, java.lang.Object>)
2018-04-21 10:41:20.699 [main]    INFO  o.s.w.s.m.m.a.RequestMappingHandlerMapping - Mapped "{[/admin/examineNot],methods=[GET]}" onto public org.springframework.web.servlet.ModelAndView com.yuhao.sell.controller.AdminController.examineNot(java.lang.String,java.util.Map<java.lang.String, java.lang.Object>)
2018-04-21 10:41:20.699 [main]    INFO  o.s.w.s.m.m.a.RequestMappingHandlerMapping - Mapped "{[/admin/turnover],methods=[GET]}" onto public org.springframework.web.servlet.ModelAndView com.yuhao.sell.controller.AdminController.turnover(java.lang.Integer,java.lang.Integer,java.lang.Integer,java.util.Map<java.lang.String, java.lang.Object>)
2018-04-21 10:41:20.699 [main]    INFO  o.s.w.s.m.m.a.RequestMappingHandlerMapping - Mapped "{[/admin/strial],methods=[POST]}" onto public org.springframework.web.servlet.ModelAndView com.yuhao.sell.controller.AdminController.strial(java.lang.String,java.util.Map<java.lang.String, java.lang.Object>)
2018-04-21 10:41:20.699 [main]    INFO  o.s.w.s.m.m.a.RequestMappingHandlerMapping - Mapped "{[/admin/udate],methods=[GET]}" onto public org.springframework.web.servlet.ModelAndView com.yuhao.sell.controller.AdminController.udate(java.lang.Integer,java.lang.Integer,java.util.Map<java.lang.String, java.lang.Object>)
2018-04-21 10:41:20.699 [main]    INFO  o.s.w.s.m.m.a.RequestMappingHandlerMapping - Mapped "{[/admin/rdate],methods=[GET]}" onto public org.springframework.web.servlet.ModelAndView com.yuhao.sell.controller.AdminController.rdate(java.lang.Integer,java.lang.Integer,java.util.Map<java.lang.String, java.lang.Object>)
2018-04-21 10:41:20.699 [main]    INFO  o.s.w.s.m.m.a.RequestMappingHandlerMapping - Mapped "{[/admin/trial],methods=[POST]}" onto public org.springframework.web.servlet.ModelAndView com.yuhao.sell.controller.AdminController.trial(java.lang.String,java.lang.Integer,java.util.Map<java.lang.String, java.lang.Object>)
2018-04-21 10:41:20.715 [main]    INFO  o.s.w.s.m.m.a.RequestMappingHandlerMapping - Mapped "{[/admin/rlist],methods=[GET]}" onto public org.springframework.web.servlet.ModelAndView com.yuhao.sell.controller.AdminController.rlist(java.lang.Integer,java.lang.Integer,java.util.Map<java.lang.String, java.lang.Object>)
2018-04-21 10:41:20.715 [main]    INFO  o.s.w.s.m.m.a.RequestMappingHandlerMapping - Mapped "{[/admin/examineOk],methods=[GET]}" onto public org.springframework.web.servlet.ModelAndView com.yuhao.sell.controller.AdminController.examineOk(java.lang.String,java.util.Map<java.lang.String, java.lang.Object>)
2018-04-21 10:41:20.715 [main]    INFO  o.s.w.s.m.m.a.RequestMappingHandlerMapping - Mapped "{[/admin/suse],methods=[POST]}" onto public org.springframework.web.servlet.ModelAndView com.yuhao.sell.controller.AdminController.suse(java.lang.String,java.util.Map<java.lang.String, java.lang.Object>)
2018-04-21 10:41:20.715 [main]    INFO  o.s.w.s.m.m.a.RequestMappingHandlerMapping - Mapped "{[/admin/onAdminLogin],methods=[GET]}" onto public org.springframework.web.servlet.ModelAndView com.yuhao.sell.controller.BaseController.onLogin()
2018-04-21 10:41:20.715 [main]    INFO  o.s.w.s.m.m.a.RequestMappingHandlerMapping - Mapped "{[/admin/modifyPwd],methods=[GET]}" onto public org.springframework.web.servlet.ModelAndView com.yuhao.sell.controller.BaseController.modifyPwd()
2018-04-21 10:41:20.715 [main]    INFO  o.s.w.s.m.m.a.RequestMappingHandlerMapping - Mapped "{[/admin/onPwd],methods=[POST]}" onto public org.springframework.web.servlet.ModelAndView com.yuhao.sell.controller.BaseController.onPwd(java.lang.String,java.lang.String,java.lang.String,java.util.Map<java.lang.String, java.lang.Object>)
2018-04-21 10:41:20.715 [main]    INFO  o.s.w.s.m.m.a.RequestMappingHandlerMapping - Mapped "{[/admin/identifying],methods=[POST]}" onto public void com.yuhao.sell.controller.BaseController.identifying(java.lang.String)
2018-04-21 10:41:20.715 [main]    INFO  o.s.w.s.m.m.a.RequestMappingHandlerMapping - Mapped "{[/admin/logout],methods=[GET]}" onto public org.springframework.web.servlet.ModelAndView com.yuhao.sell.controller.BaseController.logout(javax.servlet.http.HttpServletRequest,javax.servlet.http.HttpServletResponse,java.util.Map<java.lang.String, java.lang.Object>)
2018-04-21 10:41:20.715 [main]    INFO  o.s.w.s.m.m.a.RequestMappingHandlerMapping - Mapped "{[/admin/sellerRegister],methods=[POST]}" onto public org.springframework.web.servlet.ModelAndView com.yuhao.sell.controller.BaseController.sellerRegister(com.yuhao.sell.model.SellerInfo,org.springframework.validation.BindingResult,java.util.Map<java.lang.String, java.lang.Object>)
2018-04-21 10:41:20.715 [main]    INFO  o.s.w.s.m.m.a.RequestMappingHandlerMapping - Mapped "{[/admin/AdminLogin],methods=[POST]}" onto public org.springframework.web.servlet.ModelAndView com.yuhao.sell.controller.BaseController.adminLogin(java.lang.String,java.lang.String,javax.servlet.http.HttpServletResponse,java.util.Map<java.lang.String, java.lang.Object>)
2018-04-21 10:41:20.715 [main]    INFO  o.s.w.s.m.m.a.RequestMappingHandlerMapping - Mapped "{[/buyer/order/create],methods=[POST]}" onto public com.yuhao.sell.VO.ResultVO<java.util.Map<java.lang.String, java.lang.String>> com.yuhao.sell.controller.BuyerOrderController.create(com.yuhao.sell.form.OrderForm,org.springframework.validation.BindingResult)
2018-04-21 10:41:20.715 [main]    INFO  o.s.w.s.m.m.a.RequestMappingHandlerMapping - Mapped "{[/buyer/order/list],methods=[GET]}" onto public com.yuhao.sell.VO.ResultVO<java.util.List<com.yuhao.sell.dto.OrderDTO>> com.yuhao.sell.controller.BuyerOrderController.list(java.lang.String,java.lang.Integer,java.lang.Integer,java.lang.String)
2018-04-21 10:41:20.715 [main]    INFO  o.s.w.s.m.m.a.RequestMappingHandlerMapping - Mapped "{[/buyer/order/cancel],methods=[POST]}" onto public com.yuhao.sell.VO.ResultVO com.yuhao.sell.controller.BuyerOrderController.cancel(java.lang.String,java.lang.String)
2018-04-21 10:41:20.715 [main]    INFO  o.s.w.s.m.m.a.RequestMappingHandlerMapping - Mapped "{[/buyer/order/detail],methods=[GET]}" onto public com.yuhao.sell.VO.ResultVO<com.yuhao.sell.dto.OrderDTO> com.yuhao.sell.controller.BuyerOrderController.detail(java.lang.String,java.lang.String)
2018-04-21 10:41:20.715 [main]    INFO  o.s.w.s.m.m.a.RequestMappingHandlerMapping - Mapped "{[/buyer/product/list],methods=[GET]}" onto public com.yuhao.sell.VO.ResultVO com.yuhao.sell.controller.BuyerProductController.list(java.lang.String)
2018-04-21 10:41:20.731 [main]    INFO  o.s.w.s.m.m.a.RequestMappingHandlerMapping - Mapped "{[/pay/notify],methods=[POST]}" onto public org.springframework.web.servlet.ModelAndView com.yuhao.sell.controller.PayController.notify(java.lang.String)
2018-04-21 10:41:20.731 [main]    INFO  o.s.w.s.m.m.a.RequestMappingHandlerMapping - Mapped "{[/pay/create],methods=[GET]}" onto public org.springframework.web.servlet.ModelAndView com.yuhao.sell.controller.PayController.create(java.lang.String,java.lang.String,java.util.Map<java.lang.String, java.lang.Object>)
2018-04-21 10:41:20.731 [main]    INFO  o.s.w.s.m.m.a.RequestMappingHandlerMapping - Mapped "{[/seller/category/index],methods=[GET]}" onto public com.yuhao.sell.model.ProductCategory com.yuhao.sell.controller.SellerCategoryController.index(java.lang.Integer)
2018-04-21 10:41:20.731 [main]    INFO  o.s.w.s.m.m.a.RequestMappingHandlerMapping - Mapped "{[/seller/category/list],methods=[GET]}" onto public org.springframework.web.servlet.ModelAndView com.yuhao.sell.controller.SellerCategoryController.list(java.util.Map<java.lang.String, java.lang.Object>)
2018-04-21 10:41:20.731 [main]    INFO  o.s.w.s.m.m.a.RequestMappingHandlerMapping - Mapped "{[/seller/category/save],methods=[POST]}" onto public org.springframework.web.servlet.ModelAndView com.yuhao.sell.controller.SellerCategoryController.save(com.yuhao.sell.form.CategoryForm,org.springframework.validation.BindingResult,java.util.Map<java.lang.String, java.lang.Object>)
2018-04-21 10:41:20.731 [main]    INFO  o.s.w.s.m.m.a.RequestMappingHandlerMapping - Mapped "{[/seller/finance/month],methods=[GET]}" onto public org.springframework.web.servlet.ModelAndView com.yuhao.sell.controller.SellerfinanceController.month(java.lang.Integer,java.lang.Integer,java.util.Map<java.lang.String, java.lang.Object>)
2018-04-21 10:41:20.731 [main]    INFO  o.s.w.s.m.m.a.RequestMappingHandlerMapping - Mapped "{[/seller/finance/day],methods=[GET]}" onto public org.springframework.web.servlet.ModelAndView com.yuhao.sell.controller.SellerfinanceController.day(java.lang.Integer,java.lang.Integer,java.util.Map<java.lang.String, java.lang.Object>)
2018-04-21 10:41:20.731 [main]    INFO  o.s.w.s.m.m.a.RequestMappingHandlerMapping - Mapped "{[/seller/finance/week],methods=[GET]}" onto public org.springframework.web.servlet.ModelAndView com.yuhao.sell.controller.SellerfinanceController.week(java.lang.Integer,java.lang.Integer,java.util.Map<java.lang.String, java.lang.Object>)
2018-04-21 10:41:20.731 [main]    INFO  o.s.w.s.m.m.a.RequestMappingHandlerMapping - Mapped "{[/seller/order/list],methods=[GET]}" onto public org.springframework.web.servlet.ModelAndView com.yuhao.sell.controller.SellerOrderController.list(java.lang.Integer,java.lang.Integer,java.util.Map<java.lang.String, java.lang.Object>)
2018-04-21 10:41:20.731 [main]    INFO  o.s.w.s.m.m.a.RequestMappingHandlerMapping - Mapped "{[/seller/order/finish],methods=[GET]}" onto public org.springframework.web.servlet.ModelAndView com.yuhao.sell.controller.SellerOrderController.finished(java.lang.String,java.util.Map<java.lang.String, java.lang.Object>)
2018-04-21 10:41:20.746 [main]    INFO  o.s.w.s.m.m.a.RequestMappingHandlerMapping - Mapped "{[/seller/order/cancel],methods=[GET]}" onto public org.springframework.web.servlet.ModelAndView com.yuhao.sell.controller.SellerOrderController.cancel(java.lang.String,java.util.Map<java.lang.String, java.lang.Object>)
2018-04-21 10:41:20.746 [main]    INFO  o.s.w.s.m.m.a.RequestMappingHandlerMapping - Mapped "{[/seller/order/detail],methods=[GET]}" onto public com.yuhao.sell.dto.OrderDTO com.yuhao.sell.controller.SellerOrderController.detail(java.lang.String)
2018-04-21 10:41:20.746 [main]    INFO  o.s.w.s.m.m.a.RequestMappingHandlerMapping - Mapped "{[/seller/order/rlist],methods=[GET]}" onto public org.springframework.web.servlet.ModelAndView com.yuhao.sell.controller.SellerOrderController.rlist(java.lang.Integer,java.lang.Integer,java.util.Map<java.lang.String, java.lang.Object>)
2018-04-21 10:41:20.746 [main]    INFO  o.s.w.s.m.m.a.RequestMappingHandlerMapping - Mapped "{[/seller/order/ulist],methods=[GET]}" onto public org.springframework.web.servlet.ModelAndView com.yuhao.sell.controller.SellerOrderController.ulist(java.lang.Integer,java.lang.Integer,java.util.Map<java.lang.String, java.lang.Object>)
2018-04-21 10:41:20.746 [main]    INFO  o.s.w.s.m.m.a.RequestMappingHandlerMapping - Mapped "{[/seller/order/sellerDetail],methods=[GET]}" onto public org.springframework.web.servlet.ModelAndView com.yuhao.sell.controller.SellerOrderController.sellerDetail(java.util.Map<java.lang.String, java.lang.Object>)
2018-04-21 10:41:20.746 [main]    INFO  o.s.w.s.m.m.a.RequestMappingHandlerMapping - Mapped "{[/seller/product/index],methods=[GET]}" onto public org.springframework.web.servlet.ModelAndView com.yuhao.sell.controller.SellerProductController.index(java.lang.String,java.util.Map<java.lang.String, java.lang.Object>)
2018-04-21 10:41:20.746 [main]    INFO  o.s.w.s.m.m.a.RequestMappingHandlerMapping - Mapped "{[/seller/product/list],methods=[GET]}" onto public org.springframework.web.servlet.ModelAndView com.yuhao.sell.controller.SellerProductController.list(java.lang.Integer,java.lang.Integer,java.util.Map<java.lang.String, java.lang.Object>)
2018-04-21 10:41:20.746 [main]    INFO  o.s.w.s.m.m.a.RequestMappingHandlerMapping - Mapped "{[/seller/product/save],methods=[POST]}" onto public org.springframework.web.servlet.ModelAndView com.yuhao.sell.controller.SellerProductController.save(com.yuhao.sell.form.ProductForm,org.springframework.validation.BindingResult,java.util.Map<java.lang.String, java.lang.Object>,org.springframework.web.multipart.MultipartFile) throws java.io.IOException
2018-04-21 10:41:20.746 [main]    INFO  o.s.w.s.m.m.a.RequestMappingHandlerMapping - Mapped "{[/seller/product/on_sale]}" onto public org.springframework.web.servlet.ModelAndView com.yuhao.sell.controller.SellerProductController.onSale(java.lang.String,java.util.Map<java.lang.String, java.lang.Object>)
2018-04-21 10:41:20.746 [main]    INFO  o.s.w.s.m.m.a.RequestMappingHandlerMapping - Mapped "{[/seller/product/off_sale]}" onto public org.springframework.web.servlet.ModelAndView com.yuhao.sell.controller.SellerProductController.offSale(java.lang.String,java.util.Map<java.lang.String, java.lang.Object>)
2018-04-21 10:41:20.746 [main]    INFO  o.s.w.s.m.m.a.RequestMappingHandlerMapping - Mapped "{[/seller/onSellerRegister],methods=[GET]}" onto public org.springframework.web.servlet.ModelAndView com.yuhao.sell.controller.SellerUserController.register()
2018-04-21 10:41:20.746 [main]    INFO  o.s.w.s.m.m.a.RequestMappingHandlerMapping - Mapped "{[/seller/onSellerLogin],methods=[GET]}" onto public org.springframework.web.servlet.ModelAndView com.yuhao.sell.controller.SellerUserController.onLogin()
2018-04-21 10:41:20.746 [main]    INFO  o.s.w.s.m.m.a.RequestMappingHandlerMapping - Mapped "{[/seller/banner],methods=[GET]}" onto public org.springframework.web.servlet.ModelAndView com.yuhao.sell.controller.SellerUserController.banner()
2018-04-21 10:41:20.762 [main]    INFO  o.s.w.s.m.m.a.RequestMappingHandlerMapping - Mapped "{[/seller/logout],methods=[GET]}" onto public org.springframework.web.servlet.ModelAndView com.yuhao.sell.controller.SellerUserController.logout(javax.servlet.http.HttpServletRequest,javax.servlet.http.HttpServletResponse,java.util.Map<java.lang.String, java.lang.Object>)
2018-04-21 10:41:20.762 [main]    INFO  o.s.w.s.m.m.a.RequestMappingHandlerMapping - Mapped "{[/seller/sellerLogin],methods=[POST]}" onto public org.springframework.web.servlet.ModelAndView com.yuhao.sell.controller.SellerUserController.adminLogin(java.lang.String,java.lang.String,javax.servlet.http.HttpServletResponse,java.util.Map<java.lang.String, java.lang.Object>)
2018-04-21 10:41:20.762 [main]    INFO  o.s.w.s.m.m.a.RequestMappingHandlerMapping - Mapped "{[/seller/login],methods=[GET]}" onto public org.springframework.web.servlet.ModelAndView com.yuhao.sell.controller.SellerUserController.login(java.lang.String,javax.servlet.http.HttpServletResponse,java.util.Map<java.lang.String, java.lang.Object>)
2018-04-21 10:41:20.762 [main]    INFO  o.s.w.s.m.m.a.RequestMappingHandlerMapping - Mapped "{[/wechat/userInfo],methods=[GET]}" onto public java.lang.String com.yuhao.sell.controller.WeChatController.userInfo(java.lang.String,java.lang.String)
2018-04-21 10:41:20.762 [main]    INFO  o.s.w.s.m.m.a.RequestMappingHandlerMapping - Mapped "{[/wechat/authorize],methods=[GET]}" onto public java.lang.String com.yuhao.sell.controller.WeChatController.authorize(java.lang.String)
2018-04-21 10:41:20.777 [main]    INFO  o.s.w.s.m.m.a.RequestMappingHandlerMapping - Mapped "{[/wechat/qrUserInfo],methods=[GET]}" onto public java.lang.String com.yuhao.sell.controller.WeChatController.qrUserInfo(java.lang.String,java.lang.String)
2018-04-21 10:41:20.777 [main]    INFO  o.s.w.s.m.m.a.RequestMappingHandlerMapping - Mapped "{[/wechat/qrAuthorize],methods=[GET]}" onto public java.lang.String com.yuhao.sell.controller.WeChatController.qrAuthorize(java.lang.String)
2018-04-21 10:41:20.777 [main]    INFO  o.s.w.s.m.m.a.RequestMappingHandlerMapping - Mapped "{[/wx/auth],methods=[GET]}" onto public void com.yuhao.sell.controller.WxController.auth(java.lang.String)
2018-04-21 10:41:20.793 [main]    INFO  o.s.w.s.m.m.a.RequestMappingHandlerMapping - Mapped "{[/error]}" onto public org.springframework.http.ResponseEntity<java.util.Map<java.lang.String, java.lang.Object>> org.springframework.boot.autoconfigure.web.servlet.error.BasicErrorController.error(javax.servlet.http.HttpServletRequest)
2018-04-21 10:41:20.793 [main]    INFO  o.s.w.s.m.m.a.RequestMappingHandlerMapping - Mapped "{[/error],produces=[text/html]}" onto public org.springframework.web.servlet.ModelAndView org.springframework.boot.autoconfigure.web.servlet.error.BasicErrorController.errorHtml(javax.servlet.http.HttpServletRequest,javax.servlet.http.HttpServletResponse)
2018-04-21 10:41:20.902 [main]    INFO  o.s.w.s.h.SimpleUrlHandlerMapping - Mapped URL path [/webjars/**] onto handler of type [class org.springframework.web.servlet.resource.ResourceHttpRequestHandler]
2018-04-21 10:41:20.902 [main]    INFO  o.s.w.s.h.SimpleUrlHandlerMapping - Mapped URL path [/**] onto handler of type [class org.springframework.web.servlet.resource.ResourceHttpRequestHandler]
2018-04-21 10:41:20.949 [main]    INFO  o.s.w.s.m.m.a.ExceptionHandlerExceptionResolver - Detected @ExceptionHandler methods in sellExceptionHandler
2018-04-21 10:41:20.996 [main]    INFO  o.s.w.s.h.SimpleUrlHandlerMapping - Mapped URL path [/**/favicon.ico] onto handler of type [class org.springframework.web.servlet.resource.ResourceHttpRequestHandler]
2018-04-21 10:41:22.465 [main]    INFO  o.s.w.s.v.f.FreeMarkerConfigurer - ClassTemplateLoader for Spring macros added to FreeMarker configuration
2018-04-21 10:41:22.949 [main]    INFO  o.s.w.s.s.s.ServerEndpointExporter - Registering @ServerEndpoint class: class com.yuhao.sell.service.WebSocket
2018-04-21 10:41:22.965 [main]    INFO  o.s.j.e.a.AnnotationMBeanExporter - Registering beans for JMX exposure on startup
2018-04-21 10:41:22.965 [main]    INFO  o.s.j.e.a.AnnotationMBeanExporter - Bean with name 'dataSource' has been autodetected for JMX exposure
2018-04-21 10:41:22.981 [main]    INFO  o.s.j.e.a.AnnotationMBeanExporter - Located MBean 'dataSource': registering with JMX server as MBean [com.zaxxer.hikari:name=dataSource,type=HikariDataSource]
2018-04-21 10:41:23.028 [main]    INFO  o.a.coyote.http11.Http11NioProtocol - Starting ProtocolHandler ["http-nio-8080"]
2018-04-21 10:41:23.059 [main]    INFO  o.a.tomcat.util.net.NioSelectorPool - Using a shared selector for servlet write/read
2018-04-21 10:41:23.106 [main]    INFO  o.s.b.w.e.tomcat.TomcatWebServer - Tomcat started on port(s): 8080 (http) with context path '/sell'
2018-04-21 10:41:23.121 [main]    INFO  com.yuhao.sell.SellApplication - Started SellApplication in 25.236 seconds (JVM running for 34.933)
2018-04-21 10:41:58.327 [http-nio-8080-exec-4]    INFO  o.a.c.c.C.[.[localhost].[/sell] - Initializing Spring FrameworkServlet 'dispatcherServlet'
2018-04-21 10:41:58.327 [http-nio-8080-exec-4]    INFO  o.s.web.servlet.DispatcherServlet - FrameworkServlet 'dispatcherServlet': initialization started
2018-04-21 10:41:58.360 [http-nio-8080-exec-4]    INFO  o.s.web.servlet.DispatcherServlet - FrameworkServlet 'dispatcherServlet': initialization completed in 32 ms
2018-04-21 10:41:58.506 [http-nio-8080-exec-4]    WARN  c.y.s.aspect.SellerAuthorizeAspect - 【登录校验】Cookie中查不到token
2018-04-21 10:42:07.931 [http-nio-8080-exec-7]    INFO  o.h.h.i.QueryTranslatorFactoryInitiator - HHH000397: Using ASTQueryTranslatorFactory
2018-04-21 10:42:08.492 [http-nio-8080-exec-7]    INFO  io.lettuce.core.EpollProvider - Starting without optional epoll library
2018-04-21 10:42:08.495 [http-nio-8080-exec-7]    INFO  io.lettuce.core.KqueueProvider - Starting without optional kqueue library
2018-04-21 10:51:00.710 [http-nio-8080-exec-6]    WARN  c.y.s.aspect.SellerAuthorizeAspect - 【登录校验】Cookie中查不到token
2018-04-21 11:08:11.249 [http-nio-8080-exec-3]    INFO  c.y.sell.controller.WeChatController - https://open.weixin.qq.com/connect/oauth2/authorize?appid=wx04217e27ba2ec8bc&redirect_uri=http%3A%2F%2Fyuhao.natapp1.cc%2Fsell%2Fwechat%2FuserInfo&response_type=code&scope=snsapi_base&state=http%3A%2F%2Fyuhaochen.top%3A888%2F%23%2F#wechat_redirect
2018-04-21 11:08:14.906 [http-nio-8080-exec-6]    INFO  c.y.sell.controller.WeChatController - https://open.weixin.qq.com/connect/oauth2/authorize?appid=wx04217e27ba2ec8bc&redirect_uri=http%3A%2F%2Fyuhao.natapp1.cc%2Fsell%2Fwechat%2FuserInfo&response_type=code&scope=snsapi_base&state=http%3A%2F%2Fyuhaochen.top%3A888%2F%23%2F#wechat_redirect
2018-04-21 11:09:14.290 [http-nio-8080-exec-7]    INFO  c.y.sell.controller.WeChatController - https://open.weixin.qq.com/connect/oauth2/authorize?appid=wx04217e27ba2ec8bc&redirect_uri=http%3A%2F%2Fyuhao.natapp1.cc%2Fsell%2Fwechat%2FuserInfo&response_type=code&scope=snsapi_base&state=http%3A%2F%2Fyuhaochen.top%3A888%2F%23%2F#wechat_redirect
2018-04-21 11:10:23.883 [http-nio-8080-exec-4]    INFO  c.y.sell.controller.WeChatController - https://open.weixin.qq.com/connect/oauth2/authorize?appid=wx04217e27ba2ec8bc&redirect_uri=http%3A%2F%2Fyuhao.natapp1.cc%2Fsell%2Fwechat%2FuserInfo&response_type=code&scope=snsapi_base&state=http%3A%2F%2Fyuhaochen.top%3A888%2F%23%2F#wechat_redirect
2018-04-21 11:10:24.598 [http-nio-8080-exec-6]    INFO  c.y.sell.controller.WeChatController - https://open.weixin.qq.com/connect/oauth2/authorize?appid=wx04217e27ba2ec8bc&redirect_uri=http%3A%2F%2Fyuhao.natapp1.cc%2Fsell%2Fwechat%2FuserInfo&response_type=code&scope=snsapi_base&state=http%3A%2F%2Fyuhaochen.top%3A888%2F%23%2F#wechat_redirect
2018-04-21 11:15:42.673 [http-nio-8080-exec-8]    INFO  c.y.sell.controller.WeChatController - https://open.weixin.qq.com/connect/oauth2/authorize?appid=wx04217e27ba2ec8bc&redirect_uri=http%3A%2F%2Fyuhao.natapp1.cc%2Fsell%2Fwechat%2FuserInfo&response_type=code&scope=snsapi_base&state=http%3A%2F%2Fyuhaochen.top%3A888%2F%23%2F%3Fkey%3Daaaaa%26address%3D5%26#wechat_redirect
2018-04-21 11:15:46.236 [http-nio-8080-exec-3]    INFO  c.y.sell.controller.WeChatController - https://open.weixin.qq.com/connect/oauth2/authorize?appid=wx04217e27ba2ec8bc&redirect_uri=http%3A%2F%2Fyuhao.natapp1.cc%2Fsell%2Fwechat%2FuserInfo&response_type=code&scope=snsapi_base&state=http%3A%2F%2Fyuhaochen.top%3A888%2F%23%2F%3Fkey%3Daaaaa%26address%3D5%26#wechat_redirect
2018-04-21 11:15:50.571 [http-nio-8080-exec-1]    INFO  c.y.sell.controller.WeChatController - https://open.weixin.qq.com/connect/oauth2/authorize?appid=wx04217e27ba2ec8bc&redirect_uri=http%3A%2F%2Fyuhao.natapp1.cc%2Fsell%2Fwechat%2FuserInfo&response_type=code&scope=snsapi_base&state=http%3A%2F%2Fyuhaochen.top%3A888%2F%23%2F%3Fkey%3Dundefined%26address%3Dundefined%26#wechat_redirect
2018-04-21 11:17:01.224 [http-nio-8080-exec-6]    WARN  c.y.s.aspect.SellerAuthorizeAspect - 【登录校验】Cookie中查不到token
2018-04-21 11:17:29.138 [http-nio-8080-exec-1]    INFO  c.y.sell.service.impl.PayServiceImpl - 微信发起支付 payRequest={
  "payTypeEnum": "WXPAY_H5",
  "orderId": "1524280648777118885",
  "orderAmount": 0.02,
  "orderName": "微信点餐订单",
  "openid": "olgUa07TgzfQs_wK6etGjjtAHGTk"
}
2018-04-21 11:17:30.706 [http-nio-8080-exec-1]    INFO  c.y.sell.service.impl.PayServiceImpl - 微信发起支付 payResponse={
  "appId": "wx04217e27ba2ec8bc",
  "timeStamp": "1524280650",
  "nonceStr": "p4HZrcaCZFQbUAuS",
  "packAge": "prepay_id\u003dwx21111731024488c3f64e28911866052529",
  "signType": "MD5",
  "paySign": "15752E73D284A0FCC9A9D30498A11699"
}
2018-04-21 11:17:37.772 [http-nio-8080-exec-6]    INFO  c.y.sell.service.impl.PayServiceImpl - 微信支付异步通知 payResponse={
  "orderAmount": 0.02,
  "orderId": "1524280648777118885",
  "outTradeNo": "4200000071201804212869634982"
}
2018-04-21 11:17:45.920 [http-nio-8080-exec-9]    INFO  c.y.sell.service.impl.PayServiceImpl - 微信发起支付 payRequest={
  "payTypeEnum": "WXPAY_H5",
  "orderId": "1524280648777118885",
  "orderAmount": 0.02,
  "orderName": "微信点餐订单",
  "openid": "olgUa07TgzfQs_wK6etGjjtAHGTk"
}
2018-04-21 11:17:46.646 [http-nio-8080-exec-6]    INFO  c.y.sell.service.impl.PayServiceImpl - 微信发起支付 payRequest={
  "payTypeEnum": "WXPAY_H5",
  "orderId": "1524280648777118885",
  "orderAmount": 0.02,
  "orderName": "微信点餐订单",
  "openid": "olgUa07TgzfQs_wK6etGjjtAHGTk"
}
2018-04-21 11:18:29.431 [http-nio-8080-exec-7]    INFO  c.y.sell.service.impl.PayServiceImpl - 微信发起支付 payRequest={
  "payTypeEnum": "WXPAY_H5",
  "orderId": "1524280648777118885",
  "orderAmount": 0.02,
  "orderName": "微信点餐订单",
  "openid": "olgUa07TgzfQs_wK6etGjjtAHGTk"
}
2018-04-21 11:21:29.916 [http-nio-8080-exec-5]    WARN  o.s.web.servlet.PageNotFound - Request method 'GET' not supported
2018-04-21 11:21:30.542 [http-nio-8080-exec-2]    WARN  o.s.web.servlet.PageNotFound - Request method 'GET' not supported
2018-04-21 11:21:30.807 [http-nio-8080-exec-8]    WARN  o.s.web.servlet.PageNotFound - Request method 'GET' not supported
2018-04-21 11:52:40.650 [http-nio-8080-exec-6]    INFO  c.y.sell.controller.WeChatController - https://open.weixin.qq.com/connect/oauth2/authorize?appid=wx04217e27ba2ec8bc&redirect_uri=http%3A%2F%2Fyuhao.natapp1.cc%2Fsell%2Fwechat%2FuserInfo&response_type=code&scope=snsapi_base&state=http%3A%2F%2Fyuhaochen.top%3A888%2F%23%2F%3Fkey%3Daaaaa%26address%3D5%26#wechat_redirect
2018-04-21 11:52:49.514 [http-nio-8080-exec-10]    INFO  c.y.sell.service.impl.PayServiceImpl - 微信发起支付 payRequest={
  "payTypeEnum": "WXPAY_H5",
  "orderId": "1524282769186276658",
  "orderAmount": 0.01,
  "orderName": "微信点餐订单",
  "openid": "olgUa07TgzfQs_wK6etGjjtAHGTk"
}
2018-04-21 11:52:49.880 [http-nio-8080-exec-10]    INFO  c.y.sell.service.impl.PayServiceImpl - 微信发起支付 payResponse={
  "appId": "wx04217e27ba2ec8bc",
  "timeStamp": "1524282769",
  "nonceStr": "mw3P6WZUciNUmyEc",
  "packAge": "prepay_id\u003dwx21115250687552c17d7c254a2543859643",
  "signType": "MD5",
  "paySign": "C29DFD0FB641910D7CC1DB56E3479B73"
}
2018-04-21 11:53:01.914 [http-nio-8080-exec-4]    INFO  c.y.sell.service.impl.PayServiceImpl - 微信支付异步通知 payResponse={
  "orderAmount": 0.01,
  "orderId": "1524282769186276658",
  "outTradeNo": "4200000070201804212657416613"
}
2018-04-21 11:53:49.408 [http-nio-8080-exec-6]    INFO  c.y.sell.service.impl.PayServiceImpl - 微信发起支付 payRequest={
  "payTypeEnum": "WXPAY_H5",
  "orderId": "1524282769186276658",
  "orderAmount": 0.01,
  "orderName": "微信点餐订单",
  "openid": "olgUa07TgzfQs_wK6etGjjtAHGTk"
}
2018-04-21 11:53:49.881 [http-nio-8080-exec-6]    INFO  c.y.sell.service.impl.PayServiceImpl - 微信发起支付 payResponse={}
2018-04-21 11:54:37.573 [http-nio-8080-exec-10]    INFO  c.y.sell.controller.WeChatController - https://open.weixin.qq.com/connect/oauth2/authorize?appid=wx04217e27ba2ec8bc&redirect_uri=http%3A%2F%2Fyuhao.natapp1.cc%2Fsell%2Fwechat%2FuserInfo&response_type=code&scope=snsapi_base&state=http%3A%2F%2Fyuhaochen.top%3A888%2F%23%2F%3Fkey%3Daaaaa%26address%3D5%26#wechat_redirect
2018-04-21 11:54:58.582 [http-nio-8080-exec-3]    INFO  c.y.sell.service.impl.PayServiceImpl - 微信发起支付 payRequest={
  "payTypeEnum": "WXPAY_H5",
  "orderId": "1524282898285907520",
  "orderAmount": 0.01,
  "orderName": "微信点餐订单",
  "openid": "olgUa07TgzfQs_wK6etGjjtAHGTk"
}
2018-04-21 11:54:58.936 [http-nio-8080-exec-3]    INFO  c.y.sell.service.impl.PayServiceImpl - 微信发起支付 payResponse={
  "appId": "wx04217e27ba2ec8bc",
  "timeStamp": "1524282898",
  "nonceStr": "6D4xYuxNs0R1QVPo",
  "packAge": "prepay_id\u003dwx211154597562708e88b1b3f52034787185",
  "signType": "MD5",
  "paySign": "2D36717CA1FA333805A475CA8E3B25F1"
}
2018-04-21 11:55:08.441 [http-nio-8080-exec-5]    INFO  c.y.sell.service.impl.PayServiceImpl - 微信支付异步通知 payResponse={
  "orderAmount": 0.01,
  "orderId": "1524282898285907520",
  "outTradeNo": "4200000080201804212949393781"
}
2018-04-21 11:55:58.374 [http-nio-8080-exec-10]    INFO  c.y.sell.service.impl.PayServiceImpl - 微信发起支付 payRequest={
  "payTypeEnum": "WXPAY_H5",
  "orderId": "1524282898285907520",
  "orderAmount": 0.01,
  "orderName": "微信点餐订单",
  "openid": "olgUa07TgzfQs_wK6etGjjtAHGTk"
}
2018-04-21 11:55:58.703 [http-nio-8080-exec-10]    INFO  c.y.sell.service.impl.PayServiceImpl - 微信发起支付 payResponse={}
2018-04-21 11:57:10.095 [http-nio-8080-exec-7]    INFO  c.y.sell.controller.WeChatController - https://open.weixin.qq.com/connect/oauth2/authorize?appid=wx04217e27ba2ec8bc&redirect_uri=http%3A%2F%2Fyuhao.natapp1.cc%2Fsell%2Fwechat%2FuserInfo&response_type=code&scope=snsapi_base&state=http%3A%2F%2Fyuhaochen.top%3A888%2F%23%2F%3Fkey%3Daaaaa%26address%3D5%26#wechat_redirect
2018-04-21 11:57:20.864 [http-nio-8080-exec-5]    INFO  c.y.sell.service.impl.PayServiceImpl - 微信发起支付 payRequest={
  "payTypeEnum": "WXPAY_H5",
  "orderId": "1524283040296661037",
  "orderAmount": 0.01,
  "orderName": "微信点餐订单",
  "openid": "olgUa07TgzfQs_wK6etGjjtAHGTk"
}
2018-04-21 11:57:21.205 [http-nio-8080-exec-5]    INFO  c.y.sell.service.impl.PayServiceImpl - 微信发起支付 payResponse={
  "appId": "wx04217e27ba2ec8bc",
  "timeStamp": "1524283041",
  "nonceStr": "D0zmVsCU7Lqx3dBI",
  "packAge": "prepay_id\u003dwx21115722016496f64aba36381581034821",
  "signType": "MD5",
  "paySign": "A0337AE76F7AF0FD90A0DF583E2D3081"
}
2018-04-21 11:57:27.394 [http-nio-8080-exec-7]    INFO  c.y.sell.service.impl.PayServiceImpl - 微信支付异步通知 payResponse={
  "orderAmount": 0.01,
  "orderId": "1524283040296661037",
  "outTradeNo": "4200000051201804212629299452"
}
2018-04-21 11:58:21.073 [http-nio-8080-exec-2]    INFO  c.y.sell.service.impl.PayServiceImpl - 微信发起支付 payRequest={
  "payTypeEnum": "WXPAY_H5",
  "orderId": "1524283040296661037",
  "orderAmount": 0.01,
  "orderName": "微信点餐订单",
  "openid": "olgUa07TgzfQs_wK6etGjjtAHGTk"
}
2018-04-21 11:59:40.450 [http-nio-8080-exec-10]    INFO  c.y.sell.controller.WeChatController - https://open.weixin.qq.com/connect/oauth2/authorize?appid=wx04217e27ba2ec8bc&redirect_uri=http%3A%2F%2Fyuhao.natapp1.cc%2Fsell%2Fwechat%2FuserInfo&response_type=code&scope=snsapi_base&state=http%3A%2F%2Fyuhaochen.top%3A888%2F%23%2F%3Fkey%3Daaaaa%26address%3D5%26#wechat_redirect
2018-04-21 11:59:52.775 [http-nio-8080-exec-3]    INFO  c.y.sell.service.impl.PayServiceImpl - 微信发起支付 payRequest={
  "payTypeEnum": "WXPAY_H5",
  "orderId": "1524283192463707512",
  "orderAmount": 0.01,
  "orderName": "微信点餐订单",
  "openid": "olgUa07TgzfQs_wK6etGjjtAHGTk"
}
2018-04-21 11:59:53.161 [http-nio-8080-exec-3]    INFO  c.y.sell.service.impl.PayServiceImpl - 微信发起支付 payResponse={
  "appId": "wx04217e27ba2ec8bc",
  "timeStamp": "1524283193",
  "nonceStr": "DCozng2FmUeAyisA",
  "packAge": "prepay_id\u003dwx211159539742502e2bdf4eb73804475021",
  "signType": "MD5",
  "paySign": "D82127B0A4A16476C16F111999238D5B"
}
2018-04-21 12:00:00.359 [http-nio-8080-exec-2]    INFO  c.y.sell.service.impl.PayServiceImpl - 微信支付异步通知 payResponse={
  "orderAmount": 0.01,
  "orderId": "1524283192463707512",
  "outTradeNo": "4200000075201804212222176463"
}
2018-04-21 12:00:31.096 [HikariPool-1 housekeeper]    WARN  com.zaxxer.hikari.pool.HikariPool - HikariPool-1 - Thread starvation or clock leap detected (housekeeper delta=45s520ms955µs934ns).
2018-04-21 12:01:27.359 [http-nio-8080-exec-7]    INFO  c.y.sell.service.impl.PayServiceImpl - 微信发起支付 payRequest={
  "payTypeEnum": "WXPAY_H5",
  "orderId": "1524283192463707512",
  "orderAmount": 0.01,
  "orderName": "微信点餐订单",
  "openid": "olgUa07TgzfQs_wK6etGjjtAHGTk"
}
2018-04-21 12:01:27.369 [HikariPool-1 housekeeper]    WARN  com.zaxxer.hikari.pool.HikariPool - HikariPool-1 - Thread starvation or clock leap detected (housekeeper delta=56s274ms267µs655ns).
2018-04-21 20:56:50.120 [main]    INFO  com.yuhao.sell.SellApplication - Starting SellApplication on yuhao-pc with PID 5452 (D:\java\IdeaProjects\sell\target\classes started by yuhao in D:\java\IdeaProjects\sell)
2018-04-21 20:56:50.245 [main]    INFO  com.yuhao.sell.SellApplication - No active profile set, falling back to default profiles: default
2018-04-21 20:56:50.573 [main]    INFO  o.s.b.w.s.c.AnnotationConfigServletWebServerApplicationContext - Refreshing org.springframework.boot.web.servlet.context.AnnotationConfigServletWebServerApplicationContext@4a3329b9: startup date [Sat Apr 21 20:56:50 CST 2018]; root of context hierarchy
2018-04-21 20:56:55.625 [main]    WARN  o.m.s.mapper.ClassPathMapperScanner - No MyBatis mapper was found in '[com.yuhao.sell]' package. Please check your configuration.
2018-04-21 20:56:55.766 [main]    INFO  o.s.d.r.c.RepositoryConfigurationDelegate - Multiple Spring Data modules found, entering strict repository configuration mode!
2018-04-21 20:56:56.157 [main]    INFO  o.s.d.r.c.RepositoryConfigurationDelegate - Multiple Spring Data modules found, entering strict repository configuration mode!
2018-04-21 20:56:56.204 [main]    INFO  o.s.d.r.c.RepositoryConfigurationExtensionSupport - Spring Data Redis - Could not safely identify store assignment for repository candidate interface com.yuhao.sell.dao.AdminDAO.
2018-04-21 20:56:56.219 [main]    INFO  o.s.d.r.c.RepositoryConfigurationExtensionSupport - Spring Data Redis - Could not safely identify store assignment for repository candidate interface com.yuhao.sell.dao.OrderDetailDAO.
2018-04-21 20:56:56.219 [main]    INFO  o.s.d.r.c.RepositoryConfigurationExtensionSupport - Spring Data Redis - Could not safely identify store assignment for repository candidate interface com.yuhao.sell.dao.OrderMasterDAO.
2018-04-21 20:56:56.219 [main]    INFO  o.s.d.r.c.RepositoryConfigurationExtensionSupport - Spring Data Redis - Could not safely identify store assignment for repository candidate interface com.yuhao.sell.dao.ProductCategoryDAO.
2018-04-21 20:56:56.219 [main]    INFO  o.s.d.r.c.RepositoryConfigurationExtensionSupport - Spring Data Redis - Could not safely identify store assignment for repository candidate interface com.yuhao.sell.dao.ProductInfoDAO.
2018-04-21 20:56:56.219 [main]    INFO  o.s.d.r.c.RepositoryConfigurationExtensionSupport - Spring Data Redis - Could not safely identify store assignment for repository candidate interface com.yuhao.sell.dao.SellerInfoDAO.
2018-04-21 20:56:56.977 [main]    INFO  o.s.b.f.a.AutowiredAnnotationBeanPostProcessor - JSR-330 'javax.inject.Inject' annotation found and supported for autowiring
2018-04-21 20:56:57.455 [main]    INFO  o.s.c.s.PostProcessorRegistrationDelegate$BeanPostProcessorChecker - Bean 'org.springframework.transaction.annotation.ProxyTransactionManagementConfiguration' of type [org.springframework.transaction.annotation.ProxyTransactionManagementConfiguration$$EnhancerBySpringCGLIB$$918fd747] is not eligible for getting processed by all BeanPostProcessors (for example: not eligible for auto-proxying)
2018-04-21 20:56:58.611 [main]    INFO  o.s.b.w.e.tomcat.TomcatWebServer - Tomcat initialized with port(s): 8080 (http)
2018-04-21 20:56:58.658 [main]    INFO  o.a.coyote.http11.Http11NioProtocol - Initializing ProtocolHandler ["http-nio-8080"]
2018-04-21 20:56:58.673 [main]    INFO  o.a.catalina.core.StandardService - Starting service [Tomcat]
2018-04-21 20:56:58.673 [main]    INFO  o.a.catalina.core.StandardEngine - Starting Servlet Engine: Apache Tomcat/8.5.28
2018-04-21 20:56:58.705 [localhost-startStop-1]    INFO  o.a.c.core.AprLifecycleListener - The APR based Apache Tomcat Native library which allows optimal performance in production environments was not found on the java.library.path: [C:\Program Files\Java\jdk1.8.0_144\bin;C:\Windows\Sun\Java\bin;C:\Windows\system32;C:\Windows;D:\360\360桌面\360Desktop;C:\ProgramData\Oracle\Java\javapath;C:\Windows\system32;C:\Windows;C:\Windows\System32\Wbem;C:\Windows\System32\WindowsPowerShell\v1.0\;C:\Program Files (x86)\Windows Kits\8.1\Windows Performance Toolkit\;C:\Program Files\Microsoft SQL Server\110\Tools\Binn\；C:\Program Files\Java\jdk1.8.0_144\bin;D:\graphviz-2.38\release\bin;C:\Program Files\nodejs\;D:\Anaconda3;D:\Anaconda3\Library\mingw-w64\bin;D:\Anaconda3\Library\usr\bin;D:\Anaconda3\Library\bin;D:\Anaconda3\Scripts;C:\Users\yuhao\AppData\Local\Pandoc\;C:\Users\yuhao\AppData\Roaming\npm;.]
2018-04-21 20:56:59.324 [localhost-startStop-1]    INFO  o.a.c.c.C.[.[localhost].[/sell] - Initializing Spring embedded WebApplicationContext
2018-04-21 20:56:59.324 [localhost-startStop-1]    INFO  o.s.web.context.ContextLoader - Root WebApplicationContext: initialization completed in 8751 ms
2018-04-21 20:56:59.643 [localhost-startStop-1]    INFO  o.s.b.w.s.ServletRegistrationBean - Servlet dispatcherServlet mapped to [/]
2018-04-21 20:56:59.659 [localhost-startStop-1]    INFO  o.s.b.w.s.FilterRegistrationBean - Mapping filter: 'characterEncodingFilter' to: [/*]
2018-04-21 20:56:59.659 [localhost-startStop-1]    INFO  o.s.b.w.s.FilterRegistrationBean - Mapping filter: 'hiddenHttpMethodFilter' to: [/*]
2018-04-21 20:56:59.659 [localhost-startStop-1]    INFO  o.s.b.w.s.FilterRegistrationBean - Mapping filter: 'httpPutFormContentFilter' to: [/*]
2018-04-21 20:56:59.659 [localhost-startStop-1]    INFO  o.s.b.w.s.FilterRegistrationBean - Mapping filter: 'requestContextFilter' to: [/*]
2018-04-21 20:57:00.362 [main]    INFO  com.zaxxer.hikari.HikariDataSource - HikariPool-1 - Starting...
2018-04-21 20:57:00.798 [main]    INFO  com.zaxxer.hikari.HikariDataSource - HikariPool-1 - Start completed.
2018-04-21 20:57:01.064 [main]    INFO  o.s.o.j.LocalContainerEntityManagerFactoryBean - Building JPA container EntityManagerFactory for persistence unit 'default'
2018-04-21 20:57:01.079 [main]    INFO  o.h.jpa.internal.util.LogHelper - HHH000204: Processing PersistenceUnitInfo [
	name: default
	...]
2018-04-21 20:57:01.345 [main]    INFO  org.hibernate.Version - HHH000412: Hibernate Core {5.2.14.Final}
2018-04-21 20:57:01.345 [main]    INFO  org.hibernate.cfg.Environment - HHH000206: hibernate.properties not found
2018-04-21 20:57:01.500 [main]    INFO  o.h.annotations.common.Version - HCANN000001: Hibernate Commons Annotations {5.0.1.Final}
2018-04-21 20:57:01.953 [main]    INFO  org.hibernate.dialect.Dialect - HHH000400: Using dialect: org.hibernate.dialect.MySQL5Dialect
2018-04-21 20:57:03.580 [main]    INFO  o.s.o.j.LocalContainerEntityManagerFactoryBean - Initialized JPA EntityManagerFactory for persistence unit 'default'
2018-04-21 20:57:07.670 [main]    INFO  o.s.w.s.m.m.a.RequestMappingHandlerAdapter - Looking for @ControllerAdvice: org.springframework.boot.web.servlet.context.AnnotationConfigServletWebServerApplicationContext@4a3329b9: startup date [Sat Apr 21 20:56:50 CST 2018]; root of context hierarchy
2018-04-21 20:57:07.732 [main]    WARN  o.s.b.a.o.j.JpaBaseConfiguration$JpaWebConfiguration$JpaWebMvcConfiguration - spring.jpa.open-in-view is enabled by default. Therefore, database queries may be performed during view rendering. Explicitly configure spring.jpa.open-in-view to disable this warning
2018-04-21 20:57:07.826 [main]    INFO  o.s.w.s.m.m.a.RequestMappingHandlerMapping - Mapped "{[/admin/list],methods=[GET]}" onto public org.springframework.web.servlet.ModelAndView com.yuhao.sell.controller.AdminController.list(java.lang.Integer,java.lang.Integer,java.util.Map<java.lang.String, java.lang.Object>)
2018-04-21 20:57:07.826 [main]    INFO  o.s.w.s.m.m.a.RequestMappingHandlerMapping - Mapped "{[/admin/visit],methods=[GET]}" onto public org.springframework.web.servlet.ModelAndView com.yuhao.sell.controller.AdminController.visit(java.lang.Integer,java.lang.Integer,java.lang.Integer,java.util.Map<java.lang.String, java.lang.Object>)
2018-04-21 20:57:07.826 [main]    INFO  o.s.w.s.m.m.a.RequestMappingHandlerMapping - Mapped "{[/admin/use],methods=[POST]}" onto public org.springframework.web.servlet.ModelAndView com.yuhao.sell.controller.AdminController.use(java.lang.String,java.lang.Integer,java.util.Map<java.lang.String, java.lang.Object>)
2018-04-21 20:57:07.826 [main]    INFO  o.s.w.s.m.m.a.RequestMappingHandlerMapping - Mapped "{[/admin/detail],methods=[GET]}" onto public org.springframework.web.servlet.ModelAndView com.yuhao.sell.controller.AdminController.detail(java.lang.String,java.util.Map<java.lang.String, java.lang.Object>)
2018-04-21 20:57:07.826 [main]    INFO  o.s.w.s.m.m.a.RequestMappingHandlerMapping - Mapped "{[/admin/examineOk],methods=[GET]}" onto public org.springframework.web.servlet.ModelAndView com.yuhao.sell.controller.AdminController.examineOk(java.lang.String,java.util.Map<java.lang.String, java.lang.Object>)
2018-04-21 20:57:07.826 [main]    INFO  o.s.w.s.m.m.a.RequestMappingHandlerMapping - Mapped "{[/admin/trial],methods=[POST]}" onto public org.springframework.web.servlet.ModelAndView com.yuhao.sell.controller.AdminController.trial(java.lang.String,java.lang.Integer,java.util.Map<java.lang.String, java.lang.Object>)
2018-04-21 20:57:07.841 [main]    INFO  o.s.w.s.m.m.a.RequestMappingHandlerMapping - Mapped "{[/admin/examineNot],methods=[GET]}" onto public org.springframework.web.servlet.ModelAndView com.yuhao.sell.controller.AdminController.examineNot(java.lang.String,java.util.Map<java.lang.String, java.lang.Object>)
2018-04-21 20:57:07.841 [main]    INFO  o.s.w.s.m.m.a.RequestMappingHandlerMapping - Mapped "{[/admin/udate],methods=[GET]}" onto public org.springframework.web.servlet.ModelAndView com.yuhao.sell.controller.AdminController.udate(java.lang.Integer,java.lang.Integer,java.util.Map<java.lang.String, java.lang.Object>)
2018-04-21 20:57:07.841 [main]    INFO  o.s.w.s.m.m.a.RequestMappingHandlerMapping - Mapped "{[/admin/rlist],methods=[GET]}" onto public org.springframework.web.servlet.ModelAndView com.yuhao.sell.controller.AdminController.rlist(java.lang.Integer,java.lang.Integer,java.util.Map<java.lang.String, java.lang.Object>)
2018-04-21 20:57:07.841 [main]    INFO  o.s.w.s.m.m.a.RequestMappingHandlerMapping - Mapped "{[/admin/rdate],methods=[GET]}" onto public org.springframework.web.servlet.ModelAndView com.yuhao.sell.controller.AdminController.rdate(java.lang.Integer,java.lang.Integer,java.util.Map<java.lang.String, java.lang.Object>)
2018-04-21 20:57:07.841 [main]    INFO  o.s.w.s.m.m.a.RequestMappingHandlerMapping - Mapped "{[/admin/suse],methods=[POST]}" onto public org.springframework.web.servlet.ModelAndView com.yuhao.sell.controller.AdminController.suse(java.lang.String,java.util.Map<java.lang.String, java.lang.Object>)
2018-04-21 20:57:07.841 [main]    INFO  o.s.w.s.m.m.a.RequestMappingHandlerMapping - Mapped "{[/admin/turnover],methods=[GET]}" onto public org.springframework.web.servlet.ModelAndView com.yuhao.sell.controller.AdminController.turnover(java.lang.Integer,java.lang.Integer,java.lang.Integer,java.util.Map<java.lang.String, java.lang.Object>)
2018-04-21 20:57:07.841 [main]    INFO  o.s.w.s.m.m.a.RequestMappingHandlerMapping - Mapped "{[/admin/strial],methods=[POST]}" onto public org.springframework.web.servlet.ModelAndView com.yuhao.sell.controller.AdminController.strial(java.lang.String,java.util.Map<java.lang.String, java.lang.Object>)
2018-04-21 20:57:07.841 [main]    INFO  o.s.w.s.m.m.a.RequestMappingHandlerMapping - Mapped "{[/admin/onPwd],methods=[POST]}" onto public org.springframework.web.servlet.ModelAndView com.yuhao.sell.controller.BaseController.onPwd(java.lang.String,java.lang.String,java.lang.String,java.util.Map<java.lang.String, java.lang.Object>)
2018-04-21 20:57:07.841 [main]    INFO  o.s.w.s.m.m.a.RequestMappingHandlerMapping - Mapped "{[/admin/sellerRegister],methods=[POST]}" onto public org.springframework.web.servlet.ModelAndView com.yuhao.sell.controller.BaseController.sellerRegister(com.yuhao.sell.model.SellerInfo,org.springframework.validation.BindingResult,java.util.Map<java.lang.String, java.lang.Object>)
2018-04-21 20:57:07.841 [main]    INFO  o.s.w.s.m.m.a.RequestMappingHandlerMapping - Mapped "{[/admin/logout],methods=[GET]}" onto public org.springframework.web.servlet.ModelAndView com.yuhao.sell.controller.BaseController.logout(javax.servlet.http.HttpServletRequest,javax.servlet.http.HttpServletResponse,java.util.Map<java.lang.String, java.lang.Object>)
2018-04-21 20:57:07.841 [main]    INFO  o.s.w.s.m.m.a.RequestMappingHandlerMapping - Mapped "{[/admin/identifying],methods=[POST]}" onto public void com.yuhao.sell.controller.BaseController.identifying(java.lang.String)
2018-04-21 20:57:07.841 [main]    INFO  o.s.w.s.m.m.a.RequestMappingHandlerMapping - Mapped "{[/admin/AdminLogin],methods=[POST]}" onto public org.springframework.web.servlet.ModelAndView com.yuhao.sell.controller.BaseController.adminLogin(java.lang.String,java.lang.String,javax.servlet.http.HttpServletResponse,java.util.Map<java.lang.String, java.lang.Object>)
2018-04-21 20:57:07.841 [main]    INFO  o.s.w.s.m.m.a.RequestMappingHandlerMapping - Mapped "{[/admin/modifyPwd],methods=[GET]}" onto public org.springframework.web.servlet.ModelAndView com.yuhao.sell.controller.BaseController.modifyPwd()
2018-04-21 20:57:07.841 [main]    INFO  o.s.w.s.m.m.a.RequestMappingHandlerMapping - Mapped "{[/admin/onAdminLogin],methods=[GET]}" onto public org.springframework.web.servlet.ModelAndView com.yuhao.sell.controller.BaseController.onLogin()
2018-04-21 20:57:07.841 [main]    INFO  o.s.w.s.m.m.a.RequestMappingHandlerMapping - Mapped "{[/buyer/order/create],methods=[POST]}" onto public com.yuhao.sell.VO.ResultVO<java.util.Map<java.lang.String, java.lang.String>> com.yuhao.sell.controller.BuyerOrderController.create(com.yuhao.sell.form.OrderForm,org.springframework.validation.BindingResult)
2018-04-21 20:57:07.841 [main]    INFO  o.s.w.s.m.m.a.RequestMappingHandlerMapping - Mapped "{[/buyer/order/list],methods=[GET]}" onto public com.yuhao.sell.VO.ResultVO<java.util.List<com.yuhao.sell.dto.OrderDTO>> com.yuhao.sell.controller.BuyerOrderController.list(java.lang.String,java.lang.Integer,java.lang.Integer,java.lang.String)
2018-04-21 20:57:07.841 [main]    INFO  o.s.w.s.m.m.a.RequestMappingHandlerMapping - Mapped "{[/buyer/order/cancel],methods=[POST]}" onto public com.yuhao.sell.VO.ResultVO com.yuhao.sell.controller.BuyerOrderController.cancel(java.lang.String,java.lang.String)
2018-04-21 20:57:07.857 [main]    INFO  o.s.w.s.m.m.a.RequestMappingHandlerMapping - Mapped "{[/buyer/order/detail],methods=[GET]}" onto public com.yuhao.sell.VO.ResultVO<com.yuhao.sell.dto.OrderDTO> com.yuhao.sell.controller.BuyerOrderController.detail(java.lang.String,java.lang.String)
2018-04-21 20:57:07.857 [main]    INFO  o.s.w.s.m.m.a.RequestMappingHandlerMapping - Mapped "{[/buyer/product/list],methods=[GET]}" onto public com.yuhao.sell.VO.ResultVO com.yuhao.sell.controller.BuyerProductController.list(java.lang.String)
2018-04-21 20:57:07.857 [main]    INFO  o.s.w.s.m.m.a.RequestMappingHandlerMapping - Mapped "{[/pay/notify],methods=[POST]}" onto public org.springframework.web.servlet.ModelAndView com.yuhao.sell.controller.PayController.notify(java.lang.String)
2018-04-21 20:57:07.857 [main]    INFO  o.s.w.s.m.m.a.RequestMappingHandlerMapping - Mapped "{[/pay/create],methods=[GET]}" onto public org.springframework.web.servlet.ModelAndView com.yuhao.sell.controller.PayController.create(java.lang.String,java.lang.String,java.util.Map<java.lang.String, java.lang.Object>)
2018-04-21 20:57:07.857 [main]    INFO  o.s.w.s.m.m.a.RequestMappingHandlerMapping - Mapped "{[/seller/category/index],methods=[GET]}" onto public com.yuhao.sell.model.ProductCategory com.yuhao.sell.controller.SellerCategoryController.index(java.lang.Integer)
2018-04-21 20:57:07.857 [main]    INFO  o.s.w.s.m.m.a.RequestMappingHandlerMapping - Mapped "{[/seller/category/list],methods=[GET]}" onto public org.springframework.web.servlet.ModelAndView com.yuhao.sell.controller.SellerCategoryController.list(java.util.Map<java.lang.String, java.lang.Object>)
2018-04-21 20:57:07.857 [main]    INFO  o.s.w.s.m.m.a.RequestMappingHandlerMapping - Mapped "{[/seller/category/save],methods=[POST]}" onto public org.springframework.web.servlet.ModelAndView com.yuhao.sell.controller.SellerCategoryController.save(com.yuhao.sell.form.CategoryForm,org.springframework.validation.BindingResult,java.util.Map<java.lang.String, java.lang.Object>)
2018-04-21 20:57:07.857 [main]    INFO  o.s.w.s.m.m.a.RequestMappingHandlerMapping - Mapped "{[/seller/finance/day],methods=[GET]}" onto public org.springframework.web.servlet.ModelAndView com.yuhao.sell.controller.SellerfinanceController.day(java.lang.Integer,java.lang.Integer,java.util.Map<java.lang.String, java.lang.Object>)
2018-04-21 20:57:07.857 [main]    INFO  o.s.w.s.m.m.a.RequestMappingHandlerMapping - Mapped "{[/seller/finance/month],methods=[GET]}" onto public org.springframework.web.servlet.ModelAndView com.yuhao.sell.controller.SellerfinanceController.month(java.lang.Integer,java.lang.Integer,java.util.Map<java.lang.String, java.lang.Object>)
2018-04-21 20:57:07.857 [main]    INFO  o.s.w.s.m.m.a.RequestMappingHandlerMapping - Mapped "{[/seller/finance/week],methods=[GET]}" onto public org.springframework.web.servlet.ModelAndView com.yuhao.sell.controller.SellerfinanceController.week(java.lang.Integer,java.lang.Integer,java.util.Map<java.lang.String, java.lang.Object>)
2018-04-21 20:57:07.857 [main]    INFO  o.s.w.s.m.m.a.RequestMappingHandlerMapping - Mapped "{[/seller/order/list],methods=[GET]}" onto public org.springframework.web.servlet.ModelAndView com.yuhao.sell.controller.SellerOrderController.list(java.lang.Integer,java.lang.Integer,java.util.Map<java.lang.String, java.lang.Object>)
2018-04-21 20:57:07.857 [main]    INFO  o.s.w.s.m.m.a.RequestMappingHandlerMapping - Mapped "{[/seller/order/finish],methods=[GET]}" onto public org.springframework.web.servlet.ModelAndView com.yuhao.sell.controller.SellerOrderController.finished(java.lang.String,java.util.Map<java.lang.String, java.lang.Object>)
2018-04-21 20:57:07.857 [main]    INFO  o.s.w.s.m.m.a.RequestMappingHandlerMapping - Mapped "{[/seller/order/cancel],methods=[GET]}" onto public org.springframework.web.servlet.ModelAndView com.yuhao.sell.controller.SellerOrderController.cancel(java.lang.String,java.util.Map<java.lang.String, java.lang.Object>)
2018-04-21 20:57:07.857 [main]    INFO  o.s.w.s.m.m.a.RequestMappingHandlerMapping - Mapped "{[/seller/order/detail],methods=[GET]}" onto public com.yuhao.sell.dto.OrderDTO com.yuhao.sell.controller.SellerOrderController.detail(java.lang.String)
2018-04-21 20:57:07.857 [main]    INFO  o.s.w.s.m.m.a.RequestMappingHandlerMapping - Mapped "{[/seller/order/rlist],methods=[GET]}" onto public org.springframework.web.servlet.ModelAndView com.yuhao.sell.controller.SellerOrderController.rlist(java.lang.Integer,java.lang.Integer,java.util.Map<java.lang.String, java.lang.Object>)
2018-04-21 20:57:07.857 [main]    INFO  o.s.w.s.m.m.a.RequestMappingHandlerMapping - Mapped "{[/seller/order/ulist],methods=[GET]}" onto public org.springframework.web.servlet.ModelAndView com.yuhao.sell.controller.SellerOrderController.ulist(java.lang.Integer,java.lang.Integer,java.util.Map<java.lang.String, java.lang.Object>)
2018-04-21 20:57:07.857 [main]    INFO  o.s.w.s.m.m.a.RequestMappingHandlerMapping - Mapped "{[/seller/order/sellerDetail],methods=[GET]}" onto public org.springframework.web.servlet.ModelAndView com.yuhao.sell.controller.SellerOrderController.sellerDetail(java.util.Map<java.lang.String, java.lang.Object>)
2018-04-21 20:57:07.873 [main]    INFO  o.s.w.s.m.m.a.RequestMappingHandlerMapping - Mapped "{[/seller/product/index],methods=[GET]}" onto public org.springframework.web.servlet.ModelAndView com.yuhao.sell.controller.SellerProductController.index(java.lang.String,java.util.Map<java.lang.String, java.lang.Object>)
2018-04-21 20:57:07.873 [main]    INFO  o.s.w.s.m.m.a.RequestMappingHandlerMapping - Mapped "{[/seller/product/list],methods=[GET]}" onto public org.springframework.web.servlet.ModelAndView com.yuhao.sell.controller.SellerProductController.list(java.lang.Integer,java.lang.Integer,java.util.Map<java.lang.String, java.lang.Object>)
2018-04-21 20:57:07.873 [main]    INFO  o.s.w.s.m.m.a.RequestMappingHandlerMapping - Mapped "{[/seller/product/save],methods=[POST]}" onto public org.springframework.web.servlet.ModelAndView com.yuhao.sell.controller.SellerProductController.save(com.yuhao.sell.form.ProductForm,org.springframework.validation.BindingResult,java.util.Map<java.lang.String, java.lang.Object>,org.springframework.web.multipart.MultipartFile) throws java.io.IOException
2018-04-21 20:57:07.873 [main]    INFO  o.s.w.s.m.m.a.RequestMappingHandlerMapping - Mapped "{[/seller/product/on_sale]}" onto public org.springframework.web.servlet.ModelAndView com.yuhao.sell.controller.SellerProductController.onSale(java.lang.String,java.util.Map<java.lang.String, java.lang.Object>)
2018-04-21 20:57:07.873 [main]    INFO  o.s.w.s.m.m.a.RequestMappingHandlerMapping - Mapped "{[/seller/product/off_sale]}" onto public org.springframework.web.servlet.ModelAndView com.yuhao.sell.controller.SellerProductController.offSale(java.lang.String,java.util.Map<java.lang.String, java.lang.Object>)
2018-04-21 20:57:07.873 [main]    INFO  o.s.w.s.m.m.a.RequestMappingHandlerMapping - Mapped "{[/seller/onSellerRegister],methods=[GET]}" onto public org.springframework.web.servlet.ModelAndView com.yuhao.sell.controller.SellerUserController.register()
2018-04-21 20:57:07.873 [main]    INFO  o.s.w.s.m.m.a.RequestMappingHandlerMapping - Mapped "{[/seller/banner],methods=[GET]}" onto public org.springframework.web.servlet.ModelAndView com.yuhao.sell.controller.SellerUserController.banner()
2018-04-21 20:57:07.873 [main]    INFO  o.s.w.s.m.m.a.RequestMappingHandlerMapping - Mapped "{[/seller/logout],methods=[GET]}" onto public org.springframework.web.servlet.ModelAndView com.yuhao.sell.controller.SellerUserController.logout(javax.servlet.http.HttpServletRequest,javax.servlet.http.HttpServletResponse,java.util.Map<java.lang.String, java.lang.Object>)
2018-04-21 20:57:07.873 [main]    INFO  o.s.w.s.m.m.a.RequestMappingHandlerMapping - Mapped "{[/seller/sellerLogin],methods=[POST]}" onto public org.springframework.web.servlet.ModelAndView com.yuhao.sell.controller.SellerUserController.adminLogin(java.lang.String,java.lang.String,javax.servlet.http.HttpServletResponse,java.util.Map<java.lang.String, java.lang.Object>)
2018-04-21 20:57:07.873 [main]    INFO  o.s.w.s.m.m.a.RequestMappingHandlerMapping - Mapped "{[/seller/onSellerLogin],methods=[GET]}" onto public org.springframework.web.servlet.ModelAndView com.yuhao.sell.controller.SellerUserController.onLogin()
2018-04-21 20:57:07.873 [main]    INFO  o.s.w.s.m.m.a.RequestMappingHandlerMapping - Mapped "{[/seller/login],methods=[GET]}" onto public org.springframework.web.servlet.ModelAndView com.yuhao.sell.controller.SellerUserController.login(java.lang.String,javax.servlet.http.HttpServletResponse,java.util.Map<java.lang.String, java.lang.Object>)
2018-04-21 20:57:07.873 [main]    INFO  o.s.w.s.m.m.a.RequestMappingHandlerMapping - Mapped "{[/wechat/userInfo],methods=[GET]}" onto public java.lang.String com.yuhao.sell.controller.WeChatController.userInfo(java.lang.String,java.lang.String)
2018-04-21 20:57:07.873 [main]    INFO  o.s.w.s.m.m.a.RequestMappingHandlerMapping - Mapped "{[/wechat/qrAuthorize],methods=[GET]}" onto public java.lang.String com.yuhao.sell.controller.WeChatController.qrAuthorize(java.lang.String)
2018-04-21 20:57:07.873 [main]    INFO  o.s.w.s.m.m.a.RequestMappingHandlerMapping - Mapped "{[/wechat/authorize],methods=[GET]}" onto public java.lang.String com.yuhao.sell.controller.WeChatController.authorize(java.lang.String)
2018-04-21 20:57:07.873 [main]    INFO  o.s.w.s.m.m.a.RequestMappingHandlerMapping - Mapped "{[/wechat/qrUserInfo],methods=[GET]}" onto public java.lang.String com.yuhao.sell.controller.WeChatController.qrUserInfo(java.lang.String,java.lang.String)
2018-04-21 20:57:07.873 [main]    INFO  o.s.w.s.m.m.a.RequestMappingHandlerMapping - Mapped "{[/wx/auth],methods=[GET]}" onto public void com.yuhao.sell.controller.WxController.auth(java.lang.String)
2018-04-21 20:57:07.888 [main]    INFO  o.s.w.s.m.m.a.RequestMappingHandlerMapping - Mapped "{[/error]}" onto public org.springframework.http.ResponseEntity<java.util.Map<java.lang.String, java.lang.Object>> org.springframework.boot.autoconfigure.web.servlet.error.BasicErrorController.error(javax.servlet.http.HttpServletRequest)
2018-04-21 20:57:07.904 [main]    INFO  o.s.w.s.m.m.a.RequestMappingHandlerMapping - Mapped "{[/error],produces=[text/html]}" onto public org.springframework.web.servlet.ModelAndView org.springframework.boot.autoconfigure.web.servlet.error.BasicErrorController.errorHtml(javax.servlet.http.HttpServletRequest,javax.servlet.http.HttpServletResponse)
2018-04-21 20:57:08.060 [main]    INFO  o.s.w.s.h.SimpleUrlHandlerMapping - Mapped URL path [/webjars/**] onto handler of type [class org.springframework.web.servlet.resource.ResourceHttpRequestHandler]
2018-04-21 20:57:08.060 [main]    INFO  o.s.w.s.h.SimpleUrlHandlerMapping - Mapped URL path [/**] onto handler of type [class org.springframework.web.servlet.resource.ResourceHttpRequestHandler]
2018-04-21 20:57:08.091 [main]    INFO  o.s.w.s.m.m.a.ExceptionHandlerExceptionResolver - Detected @ExceptionHandler methods in sellExceptionHandler
2018-04-21 20:57:08.170 [main]    INFO  o.s.w.s.h.SimpleUrlHandlerMapping - Mapped URL path [/**/favicon.ico] onto handler of type [class org.springframework.web.servlet.resource.ResourceHttpRequestHandler]
2018-04-21 20:57:09.688 [main]    INFO  o.s.w.s.v.f.FreeMarkerConfigurer - ClassTemplateLoader for Spring macros added to FreeMarker configuration
2018-04-21 20:57:10.235 [main]    INFO  o.s.w.s.s.s.ServerEndpointExporter - Registering @ServerEndpoint class: class com.yuhao.sell.service.WebSocket
2018-04-21 20:57:10.251 [main]    INFO  o.s.j.e.a.AnnotationMBeanExporter - Registering beans for JMX exposure on startup
2018-04-21 20:57:10.251 [main]    INFO  o.s.j.e.a.AnnotationMBeanExporter - Bean with name 'dataSource' has been autodetected for JMX exposure
2018-04-21 20:57:10.266 [main]    INFO  o.s.j.e.a.AnnotationMBeanExporter - Located MBean 'dataSource': registering with JMX server as MBean [com.zaxxer.hikari:name=dataSource,type=HikariDataSource]
2018-04-21 20:57:10.282 [main]    INFO  o.s.s.a.ScheduledAnnotationBeanPostProcessor - No TaskScheduler/ScheduledExecutorService bean found for scheduled processing
2018-04-21 20:57:10.313 [main]    INFO  o.a.coyote.http11.Http11NioProtocol - Starting ProtocolHandler ["http-nio-8080"]
2018-04-21 20:57:10.329 [main]    INFO  o.a.tomcat.util.net.NioSelectorPool - Using a shared selector for servlet write/read
2018-04-21 20:57:10.376 [main]    INFO  o.s.b.w.e.tomcat.TomcatWebServer - Tomcat started on port(s): 8080 (http) with context path '/sell'
2018-04-21 20:57:10.376 [main]    INFO  com.yuhao.sell.SellApplication - Started SellApplication in 23.625 seconds (JVM running for 31.078)
